[2024-07-05 15:02:01] local.ERROR: Required @OA\Info() not found {"exception":"[object] (ErrorException(code: 0): Required @OA\\Info() not found at C:\\Users\\DELL\\Documents\\stage\\boilerplate\\vendor\\zircote\\swagger-php\\src\\Loggers\\DefaultLogger.php:31)
[stacktrace]
#0 C:\\Users\\DELL\\Documents\\stage\\boilerplate\\vendor\\laravel\\lumen-framework\\src\\Concerns\\RegistersExceptionHandlers.php(47): Laravel\\Lumen\\Application->handleError(512, 'Required @OA\\\\In...', 'C:\\\\Users\\\\DELL\\\\D...', 31)
#1 [internal function]: Laravel\\Lumen\\Application->Laravel\\Lumen\\Concerns\\{closure}(512, 'Required @OA\\\\In...', 'C:\\\\Users\\\\DELL\\\\D...', 31)
#2 C:\\Users\\DELL\\Documents\\stage\\boilerplate\\vendor\\zircote\\swagger-php\\src\\Loggers\\DefaultLogger.php(31): trigger_error('Required @OA\\\\In...', 512)
#3 C:\\Users\\DELL\\Documents\\stage\\boilerplate\\vendor\\psr\\log\\src\\LoggerTrait.php(86): OpenApi\\Loggers\\DefaultLogger->log('warning', 'Required @OA\\\\In...', Array)
#4 C:\\Users\\DELL\\Documents\\stage\\boilerplate\\vendor\\zircote\\swagger-php\\src\\Annotations\\AbstractAnnotation.php(532): Psr\\Log\\AbstractLogger->warning('Required @OA\\\\In...')
#5 C:\\Users\\DELL\\Documents\\stage\\boilerplate\\vendor\\zircote\\swagger-php\\src\\Annotations\\OpenApi.php(170): OpenApi\\Annotations\\AbstractAnnotation->validate(Array, Array, '#', Object(stdClass))
#6 C:\\Users\\DELL\\Documents\\stage\\boilerplate\\vendor\\zircote\\swagger-php\\src\\Analysis.php(440): OpenApi\\Annotations\\OpenApi->validate()
#7 C:\\Users\\DELL\\Documents\\stage\\boilerplate\\vendor\\zircote\\swagger-php\\src\\Generator.php(503): OpenApi\\Analysis->validate()
#8 C:\\Users\\DELL\\Documents\\stage\\boilerplate\\vendor\\darkaonline\\swagger-lume\\src\\Generator.php(32): OpenApi\\Generator->generate(Object(Symfony\\Component\\Finder\\Finder))
#9 C:\\Users\\DELL\\Documents\\stage\\boilerplate\\vendor\\darkaonline\\swagger-lume\\src\\Console\\GenerateDocsCommand.php(32): SwaggerLume\\Generator::generateDocs()
#10 C:\\Users\\DELL\\Documents\\stage\\boilerplate\\vendor\\laravel\\framework\\src\\Illuminate\\Container\\BoundMethod.php(36): SwaggerLume\\Console\\GenerateDocsCommand->handle()
#11 C:\\Users\\DELL\\Documents\\stage\\boilerplate\\vendor\\laravel\\framework\\src\\Illuminate\\Container\\Util.php(41): Illuminate\\Container\\BoundMethod::Illuminate\\Container\\{closure}()
#12 C:\\Users\\DELL\\Documents\\stage\\boilerplate\\vendor\\laravel\\framework\\src\\Illuminate\\Container\\BoundMethod.php(93): Illuminate\\Container\\Util::unwrapIfClosure(Object(Closure))
#13 C:\\Users\\DELL\\Documents\\stage\\boilerplate\\vendor\\laravel\\framework\\src\\Illuminate\\Container\\BoundMethod.php(37): Illuminate\\Container\\BoundMethod::callBoundMethod(Object(Laravel\\Lumen\\Application), Array, Object(Closure))
#14 C:\\Users\\DELL\\Documents\\stage\\boilerplate\\vendor\\laravel\\framework\\src\\Illuminate\\Container\\Container.php(661): Illuminate\\Container\\BoundMethod::call(Object(Laravel\\Lumen\\Application), Array, Array, NULL)
#15 C:\\Users\\DELL\\Documents\\stage\\boilerplate\\vendor\\laravel\\framework\\src\\Illuminate\\Console\\Command.php(183): Illuminate\\Container\\Container->call(Array)
#16 C:\\Users\\DELL\\Documents\\stage\\boilerplate\\vendor\\symfony\\console\\Command\\Command.php(291): Illuminate\\Console\\Command->execute(Object(Symfony\\Component\\Console\\Input\\ArgvInput), Object(Illuminate\\Console\\OutputStyle))
#17 C:\\Users\\DELL\\Documents\\stage\\boilerplate\\vendor\\laravel\\framework\\src\\Illuminate\\Console\\Command.php(153): Symfony\\Component\\Console\\Command\\Command->run(Object(Symfony\\Component\\Console\\Input\\ArgvInput), Object(Illuminate\\Console\\OutputStyle))
#18 C:\\Users\\DELL\\Documents\\stage\\boilerplate\\vendor\\symfony\\console\\Application.php(1014): Illuminate\\Console\\Command->run(Object(Symfony\\Component\\Console\\Input\\ArgvInput), Object(Symfony\\Component\\Console\\Output\\ConsoleOutput))
#19 C:\\Users\\DELL\\Documents\\stage\\boilerplate\\vendor\\symfony\\console\\Application.php(301): Symfony\\Component\\Console\\Application->doRunCommand(Object(SwaggerLume\\Console\\GenerateDocsCommand), Object(Symfony\\Component\\Console\\Input\\ArgvInput), Object(Symfony\\Component\\Console\\Output\\ConsoleOutput))
#20 C:\\Users\\DELL\\Documents\\stage\\boilerplate\\vendor\\symfony\\console\\Application.php(171): Symfony\\Component\\Console\\Application->doRun(Object(Symfony\\Component\\Console\\Input\\ArgvInput), Object(Symfony\\Component\\Console\\Output\\ConsoleOutput))
#21 C:\\Users\\DELL\\Documents\\stage\\boilerplate\\vendor\\laravel\\framework\\src\\Illuminate\\Console\\Application.php(102): Symfony\\Component\\Console\\Application->run(Object(Symfony\\Component\\Console\\Input\\ArgvInput), Object(Symfony\\Component\\Console\\Output\\ConsoleOutput))
#22 C:\\Users\\DELL\\Documents\\stage\\boilerplate\\vendor\\laravel\\lumen-framework\\src\\Console\\Kernel.php(116): Illuminate\\Console\\Application->run(Object(Symfony\\Component\\Console\\Input\\ArgvInput), Object(Symfony\\Component\\Console\\Output\\ConsoleOutput))
#23 C:\\Users\\DELL\\Documents\\stage\\boilerplate\\artisan(35): Laravel\\Lumen\\Console\\Kernel->handle(Object(Symfony\\Component\\Console\\Input\\ArgvInput), Object(Symfony\\Component\\Console\\Output\\ConsoleOutput))
#24 {main}
"} 
[2024-07-05 15:02:33] local.ERROR: Required @OA\Info() not found {"exception":"[object] (ErrorException(code: 0): Required @OA\\Info() not found at C:\\Users\\DELL\\Documents\\stage\\boilerplate\\vendor\\zircote\\swagger-php\\src\\Loggers\\DefaultLogger.php:31)
[stacktrace]
#0 C:\\Users\\DELL\\Documents\\stage\\boilerplate\\vendor\\laravel\\lumen-framework\\src\\Concerns\\RegistersExceptionHandlers.php(47): Laravel\\Lumen\\Application->handleError(512, 'Required @OA\\\\In...', 'C:\\\\Users\\\\DELL\\\\D...', 31)
#1 [internal function]: Laravel\\Lumen\\Application->Laravel\\Lumen\\Concerns\\{closure}(512, 'Required @OA\\\\In...', 'C:\\\\Users\\\\DELL\\\\D...', 31)
#2 C:\\Users\\DELL\\Documents\\stage\\boilerplate\\vendor\\zircote\\swagger-php\\src\\Loggers\\DefaultLogger.php(31): trigger_error('Required @OA\\\\In...', 512)
#3 C:\\Users\\DELL\\Documents\\stage\\boilerplate\\vendor\\psr\\log\\src\\LoggerTrait.php(86): OpenApi\\Loggers\\DefaultLogger->log('warning', 'Required @OA\\\\In...', Array)
#4 C:\\Users\\DELL\\Documents\\stage\\boilerplate\\vendor\\zircote\\swagger-php\\src\\Annotations\\AbstractAnnotation.php(532): Psr\\Log\\AbstractLogger->warning('Required @OA\\\\In...')
#5 C:\\Users\\DELL\\Documents\\stage\\boilerplate\\vendor\\zircote\\swagger-php\\src\\Annotations\\OpenApi.php(170): OpenApi\\Annotations\\AbstractAnnotation->validate(Array, Array, '#', Object(stdClass))
#6 C:\\Users\\DELL\\Documents\\stage\\boilerplate\\vendor\\zircote\\swagger-php\\src\\Analysis.php(440): OpenApi\\Annotations\\OpenApi->validate()
#7 C:\\Users\\DELL\\Documents\\stage\\boilerplate\\vendor\\zircote\\swagger-php\\src\\Generator.php(503): OpenApi\\Analysis->validate()
#8 C:\\Users\\DELL\\Documents\\stage\\boilerplate\\vendor\\darkaonline\\swagger-lume\\src\\Generator.php(32): OpenApi\\Generator->generate(Object(Symfony\\Component\\Finder\\Finder))
#9 C:\\Users\\DELL\\Documents\\stage\\boilerplate\\vendor\\darkaonline\\swagger-lume\\src\\Console\\GenerateDocsCommand.php(32): SwaggerLume\\Generator::generateDocs()
#10 C:\\Users\\DELL\\Documents\\stage\\boilerplate\\vendor\\laravel\\framework\\src\\Illuminate\\Container\\BoundMethod.php(36): SwaggerLume\\Console\\GenerateDocsCommand->handle()
#11 C:\\Users\\DELL\\Documents\\stage\\boilerplate\\vendor\\laravel\\framework\\src\\Illuminate\\Container\\Util.php(41): Illuminate\\Container\\BoundMethod::Illuminate\\Container\\{closure}()
#12 C:\\Users\\DELL\\Documents\\stage\\boilerplate\\vendor\\laravel\\framework\\src\\Illuminate\\Container\\BoundMethod.php(93): Illuminate\\Container\\Util::unwrapIfClosure(Object(Closure))
#13 C:\\Users\\DELL\\Documents\\stage\\boilerplate\\vendor\\laravel\\framework\\src\\Illuminate\\Container\\BoundMethod.php(37): Illuminate\\Container\\BoundMethod::callBoundMethod(Object(Laravel\\Lumen\\Application), Array, Object(Closure))
#14 C:\\Users\\DELL\\Documents\\stage\\boilerplate\\vendor\\laravel\\framework\\src\\Illuminate\\Container\\Container.php(661): Illuminate\\Container\\BoundMethod::call(Object(Laravel\\Lumen\\Application), Array, Array, NULL)
#15 C:\\Users\\DELL\\Documents\\stage\\boilerplate\\vendor\\laravel\\framework\\src\\Illuminate\\Console\\Command.php(183): Illuminate\\Container\\Container->call(Array)
#16 C:\\Users\\DELL\\Documents\\stage\\boilerplate\\vendor\\symfony\\console\\Command\\Command.php(291): Illuminate\\Console\\Command->execute(Object(Symfony\\Component\\Console\\Input\\ArgvInput), Object(Illuminate\\Console\\OutputStyle))
#17 C:\\Users\\DELL\\Documents\\stage\\boilerplate\\vendor\\laravel\\framework\\src\\Illuminate\\Console\\Command.php(153): Symfony\\Component\\Console\\Command\\Command->run(Object(Symfony\\Component\\Console\\Input\\ArgvInput), Object(Illuminate\\Console\\OutputStyle))
#18 C:\\Users\\DELL\\Documents\\stage\\boilerplate\\vendor\\symfony\\console\\Application.php(1014): Illuminate\\Console\\Command->run(Object(Symfony\\Component\\Console\\Input\\ArgvInput), Object(Symfony\\Component\\Console\\Output\\ConsoleOutput))
#19 C:\\Users\\DELL\\Documents\\stage\\boilerplate\\vendor\\symfony\\console\\Application.php(301): Symfony\\Component\\Console\\Application->doRunCommand(Object(SwaggerLume\\Console\\GenerateDocsCommand), Object(Symfony\\Component\\Console\\Input\\ArgvInput), Object(Symfony\\Component\\Console\\Output\\ConsoleOutput))
#20 C:\\Users\\DELL\\Documents\\stage\\boilerplate\\vendor\\symfony\\console\\Application.php(171): Symfony\\Component\\Console\\Application->doRun(Object(Symfony\\Component\\Console\\Input\\ArgvInput), Object(Symfony\\Component\\Console\\Output\\ConsoleOutput))
#21 C:\\Users\\DELL\\Documents\\stage\\boilerplate\\vendor\\laravel\\framework\\src\\Illuminate\\Console\\Application.php(102): Symfony\\Component\\Console\\Application->run(Object(Symfony\\Component\\Console\\Input\\ArgvInput), Object(Symfony\\Component\\Console\\Output\\ConsoleOutput))
#22 C:\\Users\\DELL\\Documents\\stage\\boilerplate\\vendor\\laravel\\lumen-framework\\src\\Console\\Kernel.php(116): Illuminate\\Console\\Application->run(Object(Symfony\\Component\\Console\\Input\\ArgvInput), Object(Symfony\\Component\\Console\\Output\\ConsoleOutput))
#23 C:\\Users\\DELL\\Documents\\stage\\boilerplate\\artisan(35): Laravel\\Lumen\\Console\\Kernel->handle(Object(Symfony\\Component\\Console\\Input\\ArgvInput), Object(Symfony\\Component\\Console\\Output\\ConsoleOutput))
#24 {main}
"} 
[2024-07-05 15:02:47] local.ERROR: Required @OA\Info() not found {"exception":"[object] (ErrorException(code: 0): Required @OA\\Info() not found at C:\\Users\\DELL\\Documents\\stage\\boilerplate\\vendor\\zircote\\swagger-php\\src\\Loggers\\DefaultLogger.php:31)
[stacktrace]
#0 C:\\Users\\DELL\\Documents\\stage\\boilerplate\\vendor\\laravel\\lumen-framework\\src\\Concerns\\RegistersExceptionHandlers.php(47): Laravel\\Lumen\\Application->handleError(512, 'Required @OA\\\\In...', 'C:\\\\Users\\\\DELL\\\\D...', 31)
#1 [internal function]: Laravel\\Lumen\\Application->Laravel\\Lumen\\Concerns\\{closure}(512, 'Required @OA\\\\In...', 'C:\\\\Users\\\\DELL\\\\D...', 31)
#2 C:\\Users\\DELL\\Documents\\stage\\boilerplate\\vendor\\zircote\\swagger-php\\src\\Loggers\\DefaultLogger.php(31): trigger_error('Required @OA\\\\In...', 512)
#3 C:\\Users\\DELL\\Documents\\stage\\boilerplate\\vendor\\psr\\log\\src\\LoggerTrait.php(86): OpenApi\\Loggers\\DefaultLogger->log('warning', 'Required @OA\\\\In...', Array)
#4 C:\\Users\\DELL\\Documents\\stage\\boilerplate\\vendor\\zircote\\swagger-php\\src\\Annotations\\AbstractAnnotation.php(532): Psr\\Log\\AbstractLogger->warning('Required @OA\\\\In...')
#5 C:\\Users\\DELL\\Documents\\stage\\boilerplate\\vendor\\zircote\\swagger-php\\src\\Annotations\\OpenApi.php(170): OpenApi\\Annotations\\AbstractAnnotation->validate(Array, Array, '#', Object(stdClass))
#6 C:\\Users\\DELL\\Documents\\stage\\boilerplate\\vendor\\zircote\\swagger-php\\src\\Analysis.php(440): OpenApi\\Annotations\\OpenApi->validate()
#7 C:\\Users\\DELL\\Documents\\stage\\boilerplate\\vendor\\zircote\\swagger-php\\src\\Generator.php(503): OpenApi\\Analysis->validate()
#8 C:\\Users\\DELL\\Documents\\stage\\boilerplate\\vendor\\darkaonline\\swagger-lume\\src\\Generator.php(32): OpenApi\\Generator->generate(Object(Symfony\\Component\\Finder\\Finder))
#9 C:\\Users\\DELL\\Documents\\stage\\boilerplate\\vendor\\darkaonline\\swagger-lume\\src\\Console\\GenerateDocsCommand.php(32): SwaggerLume\\Generator::generateDocs()
#10 C:\\Users\\DELL\\Documents\\stage\\boilerplate\\vendor\\laravel\\framework\\src\\Illuminate\\Container\\BoundMethod.php(36): SwaggerLume\\Console\\GenerateDocsCommand->handle()
#11 C:\\Users\\DELL\\Documents\\stage\\boilerplate\\vendor\\laravel\\framework\\src\\Illuminate\\Container\\Util.php(41): Illuminate\\Container\\BoundMethod::Illuminate\\Container\\{closure}()
#12 C:\\Users\\DELL\\Documents\\stage\\boilerplate\\vendor\\laravel\\framework\\src\\Illuminate\\Container\\BoundMethod.php(93): Illuminate\\Container\\Util::unwrapIfClosure(Object(Closure))
#13 C:\\Users\\DELL\\Documents\\stage\\boilerplate\\vendor\\laravel\\framework\\src\\Illuminate\\Container\\BoundMethod.php(37): Illuminate\\Container\\BoundMethod::callBoundMethod(Object(Laravel\\Lumen\\Application), Array, Object(Closure))
#14 C:\\Users\\DELL\\Documents\\stage\\boilerplate\\vendor\\laravel\\framework\\src\\Illuminate\\Container\\Container.php(661): Illuminate\\Container\\BoundMethod::call(Object(Laravel\\Lumen\\Application), Array, Array, NULL)
#15 C:\\Users\\DELL\\Documents\\stage\\boilerplate\\vendor\\laravel\\framework\\src\\Illuminate\\Console\\Command.php(183): Illuminate\\Container\\Container->call(Array)
#16 C:\\Users\\DELL\\Documents\\stage\\boilerplate\\vendor\\symfony\\console\\Command\\Command.php(291): Illuminate\\Console\\Command->execute(Object(Symfony\\Component\\Console\\Input\\ArgvInput), Object(Illuminate\\Console\\OutputStyle))
#17 C:\\Users\\DELL\\Documents\\stage\\boilerplate\\vendor\\laravel\\framework\\src\\Illuminate\\Console\\Command.php(153): Symfony\\Component\\Console\\Command\\Command->run(Object(Symfony\\Component\\Console\\Input\\ArgvInput), Object(Illuminate\\Console\\OutputStyle))
#18 C:\\Users\\DELL\\Documents\\stage\\boilerplate\\vendor\\symfony\\console\\Application.php(1014): Illuminate\\Console\\Command->run(Object(Symfony\\Component\\Console\\Input\\ArgvInput), Object(Symfony\\Component\\Console\\Output\\ConsoleOutput))
#19 C:\\Users\\DELL\\Documents\\stage\\boilerplate\\vendor\\symfony\\console\\Application.php(301): Symfony\\Component\\Console\\Application->doRunCommand(Object(SwaggerLume\\Console\\GenerateDocsCommand), Object(Symfony\\Component\\Console\\Input\\ArgvInput), Object(Symfony\\Component\\Console\\Output\\ConsoleOutput))
#20 C:\\Users\\DELL\\Documents\\stage\\boilerplate\\vendor\\symfony\\console\\Application.php(171): Symfony\\Component\\Console\\Application->doRun(Object(Symfony\\Component\\Console\\Input\\ArgvInput), Object(Symfony\\Component\\Console\\Output\\ConsoleOutput))
#21 C:\\Users\\DELL\\Documents\\stage\\boilerplate\\vendor\\laravel\\framework\\src\\Illuminate\\Console\\Application.php(102): Symfony\\Component\\Console\\Application->run(Object(Symfony\\Component\\Console\\Input\\ArgvInput), Object(Symfony\\Component\\Console\\Output\\ConsoleOutput))
#22 C:\\Users\\DELL\\Documents\\stage\\boilerplate\\vendor\\laravel\\lumen-framework\\src\\Console\\Kernel.php(116): Illuminate\\Console\\Application->run(Object(Symfony\\Component\\Console\\Input\\ArgvInput), Object(Symfony\\Component\\Console\\Output\\ConsoleOutput))
#23 C:\\Users\\DELL\\Documents\\stage\\boilerplate\\artisan(35): Laravel\\Lumen\\Console\\Kernel->handle(Object(Symfony\\Component\\Console\\Input\\ArgvInput), Object(Symfony\\Component\\Console\\Output\\ConsoleOutput))
#24 {main}
"} 
[2024-07-05 15:15:36] local.ERROR: Required @OA\Info() not found {"exception":"[object] (ErrorException(code: 0): Required @OA\\Info() not found at C:\\Users\\DELL\\Documents\\stage\\boilerplate\\vendor\\zircote\\swagger-php\\src\\Loggers\\DefaultLogger.php:31)
[stacktrace]
#0 C:\\Users\\DELL\\Documents\\stage\\boilerplate\\vendor\\laravel\\lumen-framework\\src\\Concerns\\RegistersExceptionHandlers.php(47): Laravel\\Lumen\\Application->handleError(512, 'Required @OA\\\\In...', 'C:\\\\Users\\\\DELL\\\\D...', 31)
#1 [internal function]: Laravel\\Lumen\\Application->Laravel\\Lumen\\Concerns\\{closure}(512, 'Required @OA\\\\In...', 'C:\\\\Users\\\\DELL\\\\D...', 31)
#2 C:\\Users\\DELL\\Documents\\stage\\boilerplate\\vendor\\zircote\\swagger-php\\src\\Loggers\\DefaultLogger.php(31): trigger_error('Required @OA\\\\In...', 512)
#3 C:\\Users\\DELL\\Documents\\stage\\boilerplate\\vendor\\psr\\log\\src\\LoggerTrait.php(86): OpenApi\\Loggers\\DefaultLogger->log('warning', 'Required @OA\\\\In...', Array)
#4 C:\\Users\\DELL\\Documents\\stage\\boilerplate\\vendor\\zircote\\swagger-php\\src\\Annotations\\AbstractAnnotation.php(532): Psr\\Log\\AbstractLogger->warning('Required @OA\\\\In...')
#5 C:\\Users\\DELL\\Documents\\stage\\boilerplate\\vendor\\zircote\\swagger-php\\src\\Annotations\\OpenApi.php(170): OpenApi\\Annotations\\AbstractAnnotation->validate(Array, Array, '#', Object(stdClass))
#6 C:\\Users\\DELL\\Documents\\stage\\boilerplate\\vendor\\zircote\\swagger-php\\src\\Analysis.php(440): OpenApi\\Annotations\\OpenApi->validate()
#7 C:\\Users\\DELL\\Documents\\stage\\boilerplate\\vendor\\zircote\\swagger-php\\src\\Generator.php(503): OpenApi\\Analysis->validate()
#8 C:\\Users\\DELL\\Documents\\stage\\boilerplate\\vendor\\darkaonline\\swagger-lume\\src\\Generator.php(32): OpenApi\\Generator->generate(Object(Symfony\\Component\\Finder\\Finder))
#9 C:\\Users\\DELL\\Documents\\stage\\boilerplate\\vendor\\darkaonline\\swagger-lume\\src\\Console\\GenerateDocsCommand.php(32): SwaggerLume\\Generator::generateDocs()
#10 C:\\Users\\DELL\\Documents\\stage\\boilerplate\\vendor\\laravel\\framework\\src\\Illuminate\\Container\\BoundMethod.php(36): SwaggerLume\\Console\\GenerateDocsCommand->handle()
#11 C:\\Users\\DELL\\Documents\\stage\\boilerplate\\vendor\\laravel\\framework\\src\\Illuminate\\Container\\Util.php(41): Illuminate\\Container\\BoundMethod::Illuminate\\Container\\{closure}()
#12 C:\\Users\\DELL\\Documents\\stage\\boilerplate\\vendor\\laravel\\framework\\src\\Illuminate\\Container\\BoundMethod.php(93): Illuminate\\Container\\Util::unwrapIfClosure(Object(Closure))
#13 C:\\Users\\DELL\\Documents\\stage\\boilerplate\\vendor\\laravel\\framework\\src\\Illuminate\\Container\\BoundMethod.php(37): Illuminate\\Container\\BoundMethod::callBoundMethod(Object(Laravel\\Lumen\\Application), Array, Object(Closure))
#14 C:\\Users\\DELL\\Documents\\stage\\boilerplate\\vendor\\laravel\\framework\\src\\Illuminate\\Container\\Container.php(661): Illuminate\\Container\\BoundMethod::call(Object(Laravel\\Lumen\\Application), Array, Array, NULL)
#15 C:\\Users\\DELL\\Documents\\stage\\boilerplate\\vendor\\laravel\\framework\\src\\Illuminate\\Console\\Command.php(183): Illuminate\\Container\\Container->call(Array)
#16 C:\\Users\\DELL\\Documents\\stage\\boilerplate\\vendor\\symfony\\console\\Command\\Command.php(291): Illuminate\\Console\\Command->execute(Object(Symfony\\Component\\Console\\Input\\ArgvInput), Object(Illuminate\\Console\\OutputStyle))
#17 C:\\Users\\DELL\\Documents\\stage\\boilerplate\\vendor\\laravel\\framework\\src\\Illuminate\\Console\\Command.php(153): Symfony\\Component\\Console\\Command\\Command->run(Object(Symfony\\Component\\Console\\Input\\ArgvInput), Object(Illuminate\\Console\\OutputStyle))
#18 C:\\Users\\DELL\\Documents\\stage\\boilerplate\\vendor\\symfony\\console\\Application.php(1014): Illuminate\\Console\\Command->run(Object(Symfony\\Component\\Console\\Input\\ArgvInput), Object(Symfony\\Component\\Console\\Output\\ConsoleOutput))
#19 C:\\Users\\DELL\\Documents\\stage\\boilerplate\\vendor\\symfony\\console\\Application.php(301): Symfony\\Component\\Console\\Application->doRunCommand(Object(SwaggerLume\\Console\\GenerateDocsCommand), Object(Symfony\\Component\\Console\\Input\\ArgvInput), Object(Symfony\\Component\\Console\\Output\\ConsoleOutput))
#20 C:\\Users\\DELL\\Documents\\stage\\boilerplate\\vendor\\symfony\\console\\Application.php(171): Symfony\\Component\\Console\\Application->doRun(Object(Symfony\\Component\\Console\\Input\\ArgvInput), Object(Symfony\\Component\\Console\\Output\\ConsoleOutput))
#21 C:\\Users\\DELL\\Documents\\stage\\boilerplate\\vendor\\laravel\\framework\\src\\Illuminate\\Console\\Application.php(102): Symfony\\Component\\Console\\Application->run(Object(Symfony\\Component\\Console\\Input\\ArgvInput), Object(Symfony\\Component\\Console\\Output\\ConsoleOutput))
#22 C:\\Users\\DELL\\Documents\\stage\\boilerplate\\vendor\\laravel\\lumen-framework\\src\\Console\\Kernel.php(116): Illuminate\\Console\\Application->run(Object(Symfony\\Component\\Console\\Input\\ArgvInput), Object(Symfony\\Component\\Console\\Output\\ConsoleOutput))
#23 C:\\Users\\DELL\\Documents\\stage\\boilerplate\\artisan(35): Laravel\\Lumen\\Console\\Kernel->handle(Object(Symfony\\Component\\Console\\Input\\ArgvInput), Object(Symfony\\Component\\Console\\Output\\ConsoleOutput))
#24 {main}
"} 
[2024-07-05 15:17:56] local.ERROR: $ref "#/components/schemas/Post" not found for @OA\Items() in \App\Http\Controllers\PostController->index() in C:\Users\DELL\Documents\stage\boilerplate\app\Http\Controllers\PostController.php on line 32 {"exception":"[object] (ErrorException(code: 0): $ref \"#/components/schemas/Post\" not found for @OA\\Items() in \\App\\Http\\Controllers\\PostController->index() in C:\\Users\\DELL\\Documents\\stage\\boilerplate\\app\\Http\\Controllers\\PostController.php on line 32 at C:\\Users\\DELL\\Documents\\stage\\boilerplate\\vendor\\zircote\\swagger-php\\src\\Loggers\\DefaultLogger.php:31)
[stacktrace]
#0 C:\\Users\\DELL\\Documents\\stage\\boilerplate\\vendor\\laravel\\lumen-framework\\src\\Concerns\\RegistersExceptionHandlers.php(47): Laravel\\Lumen\\Application->handleError(512, '$ref \"#/compone...', 'C:\\\\Users\\\\DELL\\\\D...', 31)
#1 [internal function]: Laravel\\Lumen\\Application->Laravel\\Lumen\\Concerns\\{closure}(512, '$ref \"#/compone...', 'C:\\\\Users\\\\DELL\\\\D...', 31)
#2 C:\\Users\\DELL\\Documents\\stage\\boilerplate\\vendor\\zircote\\swagger-php\\src\\Loggers\\DefaultLogger.php(31): trigger_error('$ref \"#/compone...', 512)
#3 C:\\Users\\DELL\\Documents\\stage\\boilerplate\\vendor\\psr\\log\\src\\LoggerTrait.php(86): OpenApi\\Loggers\\DefaultLogger->log('warning', '$ref \"#/compone...', Array)
#4 C:\\Users\\DELL\\Documents\\stage\\boilerplate\\vendor\\zircote\\swagger-php\\src\\Annotations\\AbstractAnnotation.php(511): Psr\\Log\\AbstractLogger->warning('$ref \"#/compone...', Array)
#5 C:\\Users\\DELL\\Documents\\stage\\boilerplate\\vendor\\zircote\\swagger-php\\src\\Annotations\\Schema.php(517): OpenApi\\Annotations\\AbstractAnnotation->validate(Array, Array, '#/paths/0/get/r...', Object(stdClass))
#6 C:\\Users\\DELL\\Documents\\stage\\boilerplate\\vendor\\zircote\\swagger-php\\src\\Annotations\\Items.php(50): OpenApi\\Annotations\\Schema->validate(Array, Array, '#/paths/0/get/r...', Object(stdClass))
#7 C:\\Users\\DELL\\Documents\\stage\\boilerplate\\vendor\\zircote\\swagger-php\\src\\Annotations\\AbstractAnnotation.php(592): OpenApi\\Annotations\\Items->validate(Array, Array, '#/paths/0/get/r...', Object(stdClass))
#8 C:\\Users\\DELL\\Documents\\stage\\boilerplate\\vendor\\zircote\\swagger-php\\src\\Annotations\\AbstractAnnotation.php(565): OpenApi\\Annotations\\AbstractAnnotation::_validate(Object(OpenApi\\Annotations\\JsonContent), Array, Array, '#/paths/0/get/r...', Object(stdClass))
#9 C:\\Users\\DELL\\Documents\\stage\\boilerplate\\vendor\\zircote\\swagger-php\\src\\Annotations\\Schema.php(517): OpenApi\\Annotations\\AbstractAnnotation->validate(Array, Array, '#/paths/0/get/r...', Object(stdClass))
#10 C:\\Users\\DELL\\Documents\\stage\\boilerplate\\vendor\\zircote\\swagger-php\\src\\Annotations\\AbstractAnnotation.php(592): OpenApi\\Annotations\\Schema->validate(Array, Array, '#/paths/0/get/r...', Object(stdClass))
#11 C:\\Users\\DELL\\Documents\\stage\\boilerplate\\vendor\\zircote\\swagger-php\\src\\Annotations\\AbstractAnnotation.php(565): OpenApi\\Annotations\\AbstractAnnotation::_validate(Object(OpenApi\\Annotations\\MediaType), Array, Array, '#/paths/0/get/r...', Object(stdClass))
#12 C:\\Users\\DELL\\Documents\\stage\\boilerplate\\vendor\\zircote\\swagger-php\\src\\Annotations\\AbstractAnnotation.php(592): OpenApi\\Annotations\\AbstractAnnotation->validate(Array, Array, '#/paths/0/get/r...', Object(stdClass))
#13 C:\\Users\\DELL\\Documents\\stage\\boilerplate\\vendor\\zircote\\swagger-php\\src\\Annotations\\AbstractAnnotation.php(598): OpenApi\\Annotations\\AbstractAnnotation::_validate(Array, Array, Array, '#/paths/0/get/r...', Object(stdClass))
#14 C:\\Users\\DELL\\Documents\\stage\\boilerplate\\vendor\\zircote\\swagger-php\\src\\Annotations\\AbstractAnnotation.php(565): OpenApi\\Annotations\\AbstractAnnotation::_validate(Object(OpenApi\\Annotations\\Response), Array, Array, '#/paths/0/get/r...', Object(stdClass))
#15 C:\\Users\\DELL\\Documents\\stage\\boilerplate\\vendor\\zircote\\swagger-php\\src\\Annotations\\Response.php(121): OpenApi\\Annotations\\AbstractAnnotation->validate(Array, Array, '#/paths/0/get/r...', Object(stdClass))
#16 C:\\Users\\DELL\\Documents\\stage\\boilerplate\\vendor\\zircote\\swagger-php\\src\\Annotations\\AbstractAnnotation.php(592): OpenApi\\Annotations\\Response->validate(Array, Array, '#/paths/0/get/r...', Object(stdClass))
#17 C:\\Users\\DELL\\Documents\\stage\\boilerplate\\vendor\\zircote\\swagger-php\\src\\Annotations\\AbstractAnnotation.php(598): OpenApi\\Annotations\\AbstractAnnotation::_validate(Array, Array, Array, '#/paths/0/get/r...', Object(stdClass))
#18 C:\\Users\\DELL\\Documents\\stage\\boilerplate\\vendor\\zircote\\swagger-php\\src\\Annotations\\AbstractAnnotation.php(565): OpenApi\\Annotations\\AbstractAnnotation::_validate(Object(OpenApi\\Annotations\\Get), Array, Array, '#/paths/0/get', Object(stdClass))
#19 C:\\Users\\DELL\\Documents\\stage\\boilerplate\\vendor\\zircote\\swagger-php\\src\\Annotations\\Operation.php(223): OpenApi\\Annotations\\AbstractAnnotation->validate(Array, Array, '#/paths/0/get', Object(stdClass))
#20 C:\\Users\\DELL\\Documents\\stage\\boilerplate\\vendor\\zircote\\swagger-php\\src\\Annotations\\AbstractAnnotation.php(592): OpenApi\\Annotations\\Operation->validate(Array, Array, '#/paths/0/get', Object(stdClass))
#21 C:\\Users\\DELL\\Documents\\stage\\boilerplate\\vendor\\zircote\\swagger-php\\src\\Annotations\\AbstractAnnotation.php(565): OpenApi\\Annotations\\AbstractAnnotation::_validate(Object(OpenApi\\Annotations\\PathItem), Array, Array, '#/paths/0', Object(stdClass))
#22 C:\\Users\\DELL\\Documents\\stage\\boilerplate\\vendor\\zircote\\swagger-php\\src\\Annotations\\AbstractAnnotation.php(592): OpenApi\\Annotations\\AbstractAnnotation->validate(Array, Array, '#/paths/0', Object(stdClass))
#23 C:\\Users\\DELL\\Documents\\stage\\boilerplate\\vendor\\zircote\\swagger-php\\src\\Annotations\\AbstractAnnotation.php(598): OpenApi\\Annotations\\AbstractAnnotation::_validate(Array, Array, Array, '#/paths', Object(stdClass))
#24 C:\\Users\\DELL\\Documents\\stage\\boilerplate\\vendor\\zircote\\swagger-php\\src\\Annotations\\AbstractAnnotation.php(565): OpenApi\\Annotations\\AbstractAnnotation::_validate(Object(OpenApi\\Annotations\\OpenApi), Array, Array, '#', Object(stdClass))
#25 C:\\Users\\DELL\\Documents\\stage\\boilerplate\\vendor\\zircote\\swagger-php\\src\\Annotations\\OpenApi.php(170): OpenApi\\Annotations\\AbstractAnnotation->validate(Array, Array, '#', Object(stdClass))
#26 C:\\Users\\DELL\\Documents\\stage\\boilerplate\\vendor\\zircote\\swagger-php\\src\\Analysis.php(440): OpenApi\\Annotations\\OpenApi->validate()
#27 C:\\Users\\DELL\\Documents\\stage\\boilerplate\\vendor\\zircote\\swagger-php\\src\\Generator.php(503): OpenApi\\Analysis->validate()
#28 C:\\Users\\DELL\\Documents\\stage\\boilerplate\\vendor\\darkaonline\\swagger-lume\\src\\Generator.php(32): OpenApi\\Generator->generate(Object(Symfony\\Component\\Finder\\Finder))
#29 C:\\Users\\DELL\\Documents\\stage\\boilerplate\\vendor\\darkaonline\\swagger-lume\\src\\Console\\GenerateDocsCommand.php(32): SwaggerLume\\Generator::generateDocs()
#30 C:\\Users\\DELL\\Documents\\stage\\boilerplate\\vendor\\laravel\\framework\\src\\Illuminate\\Container\\BoundMethod.php(36): SwaggerLume\\Console\\GenerateDocsCommand->handle()
#31 C:\\Users\\DELL\\Documents\\stage\\boilerplate\\vendor\\laravel\\framework\\src\\Illuminate\\Container\\Util.php(41): Illuminate\\Container\\BoundMethod::Illuminate\\Container\\{closure}()
#32 C:\\Users\\DELL\\Documents\\stage\\boilerplate\\vendor\\laravel\\framework\\src\\Illuminate\\Container\\BoundMethod.php(93): Illuminate\\Container\\Util::unwrapIfClosure(Object(Closure))
#33 C:\\Users\\DELL\\Documents\\stage\\boilerplate\\vendor\\laravel\\framework\\src\\Illuminate\\Container\\BoundMethod.php(37): Illuminate\\Container\\BoundMethod::callBoundMethod(Object(Laravel\\Lumen\\Application), Array, Object(Closure))
#34 C:\\Users\\DELL\\Documents\\stage\\boilerplate\\vendor\\laravel\\framework\\src\\Illuminate\\Container\\Container.php(661): Illuminate\\Container\\BoundMethod::call(Object(Laravel\\Lumen\\Application), Array, Array, NULL)
#35 C:\\Users\\DELL\\Documents\\stage\\boilerplate\\vendor\\laravel\\framework\\src\\Illuminate\\Console\\Command.php(183): Illuminate\\Container\\Container->call(Array)
#36 C:\\Users\\DELL\\Documents\\stage\\boilerplate\\vendor\\symfony\\console\\Command\\Command.php(291): Illuminate\\Console\\Command->execute(Object(Symfony\\Component\\Console\\Input\\ArgvInput), Object(Illuminate\\Console\\OutputStyle))
#37 C:\\Users\\DELL\\Documents\\stage\\boilerplate\\vendor\\laravel\\framework\\src\\Illuminate\\Console\\Command.php(153): Symfony\\Component\\Console\\Command\\Command->run(Object(Symfony\\Component\\Console\\Input\\ArgvInput), Object(Illuminate\\Console\\OutputStyle))
#38 C:\\Users\\DELL\\Documents\\stage\\boilerplate\\vendor\\symfony\\console\\Application.php(1014): Illuminate\\Console\\Command->run(Object(Symfony\\Component\\Console\\Input\\ArgvInput), Object(Symfony\\Component\\Console\\Output\\ConsoleOutput))
#39 C:\\Users\\DELL\\Documents\\stage\\boilerplate\\vendor\\symfony\\console\\Application.php(301): Symfony\\Component\\Console\\Application->doRunCommand(Object(SwaggerLume\\Console\\GenerateDocsCommand), Object(Symfony\\Component\\Console\\Input\\ArgvInput), Object(Symfony\\Component\\Console\\Output\\ConsoleOutput))
#40 C:\\Users\\DELL\\Documents\\stage\\boilerplate\\vendor\\symfony\\console\\Application.php(171): Symfony\\Component\\Console\\Application->doRun(Object(Symfony\\Component\\Console\\Input\\ArgvInput), Object(Symfony\\Component\\Console\\Output\\ConsoleOutput))
#41 C:\\Users\\DELL\\Documents\\stage\\boilerplate\\vendor\\laravel\\framework\\src\\Illuminate\\Console\\Application.php(102): Symfony\\Component\\Console\\Application->run(Object(Symfony\\Component\\Console\\Input\\ArgvInput), Object(Symfony\\Component\\Console\\Output\\ConsoleOutput))
#42 C:\\Users\\DELL\\Documents\\stage\\boilerplate\\vendor\\laravel\\lumen-framework\\src\\Console\\Kernel.php(116): Illuminate\\Console\\Application->run(Object(Symfony\\Component\\Console\\Input\\ArgvInput), Object(Symfony\\Component\\Console\\Output\\ConsoleOutput))
#43 C:\\Users\\DELL\\Documents\\stage\\boilerplate\\artisan(35): Laravel\\Lumen\\Console\\Kernel->handle(Object(Symfony\\Component\\Console\\Input\\ArgvInput), Object(Symfony\\Component\\Console\\Output\\ConsoleOutput))
#44 {main}
"} 
[2024-07-05 15:20:10] local.ERROR: @OA\Items() is required when @OA\JsonContent() has type "array" in \App\Http\Controllers\PostController->index() in C:\Users\DELL\Documents\stage\boilerplate\app\Http\Controllers\PostController.php on line 31 {"exception":"[object] (ErrorException(code: 0): @OA\\Items() is required when @OA\\JsonContent() has type \"array\" in \\App\\Http\\Controllers\\PostController->index() in C:\\Users\\DELL\\Documents\\stage\\boilerplate\\app\\Http\\Controllers\\PostController.php on line 31 at C:\\Users\\DELL\\Documents\\stage\\boilerplate\\vendor\\zircote\\swagger-php\\src\\Loggers\\DefaultLogger.php:31)
[stacktrace]
#0 C:\\Users\\DELL\\Documents\\stage\\boilerplate\\vendor\\laravel\\lumen-framework\\src\\Concerns\\RegistersExceptionHandlers.php(47): Laravel\\Lumen\\Application->handleError(512, '@OA\\\\Items() is ...', 'C:\\\\Users\\\\DELL\\\\D...', 31)
#1 [internal function]: Laravel\\Lumen\\Application->Laravel\\Lumen\\Concerns\\{closure}(512, '@OA\\\\Items() is ...', 'C:\\\\Users\\\\DELL\\\\D...', 31)
#2 C:\\Users\\DELL\\Documents\\stage\\boilerplate\\vendor\\zircote\\swagger-php\\src\\Loggers\\DefaultLogger.php(31): trigger_error('@OA\\\\Items() is ...', 512)
#3 C:\\Users\\DELL\\Documents\\stage\\boilerplate\\vendor\\psr\\log\\src\\LoggerTrait.php(86): OpenApi\\Loggers\\DefaultLogger->log('warning', '@OA\\\\Items() is ...', Array)
#4 C:\\Users\\DELL\\Documents\\stage\\boilerplate\\vendor\\zircote\\swagger-php\\src\\Annotations\\Schema.php(504): Psr\\Log\\AbstractLogger->warning('@OA\\\\Items() is ...')
#5 C:\\Users\\DELL\\Documents\\stage\\boilerplate\\vendor\\zircote\\swagger-php\\src\\Annotations\\AbstractAnnotation.php(592): OpenApi\\Annotations\\Schema->validate(Array, Array, '#/paths/0/get/r...', Object(stdClass))
#6 C:\\Users\\DELL\\Documents\\stage\\boilerplate\\vendor\\zircote\\swagger-php\\src\\Annotations\\AbstractAnnotation.php(565): OpenApi\\Annotations\\AbstractAnnotation::_validate(Object(OpenApi\\Annotations\\MediaType), Array, Array, '#/paths/0/get/r...', Object(stdClass))
#7 C:\\Users\\DELL\\Documents\\stage\\boilerplate\\vendor\\zircote\\swagger-php\\src\\Annotations\\AbstractAnnotation.php(592): OpenApi\\Annotations\\AbstractAnnotation->validate(Array, Array, '#/paths/0/get/r...', Object(stdClass))
#8 C:\\Users\\DELL\\Documents\\stage\\boilerplate\\vendor\\zircote\\swagger-php\\src\\Annotations\\AbstractAnnotation.php(598): OpenApi\\Annotations\\AbstractAnnotation::_validate(Array, Array, Array, '#/paths/0/get/r...', Object(stdClass))
#9 C:\\Users\\DELL\\Documents\\stage\\boilerplate\\vendor\\zircote\\swagger-php\\src\\Annotations\\AbstractAnnotation.php(565): OpenApi\\Annotations\\AbstractAnnotation::_validate(Object(OpenApi\\Annotations\\Response), Array, Array, '#/paths/0/get/r...', Object(stdClass))
#10 C:\\Users\\DELL\\Documents\\stage\\boilerplate\\vendor\\zircote\\swagger-php\\src\\Annotations\\Response.php(121): OpenApi\\Annotations\\AbstractAnnotation->validate(Array, Array, '#/paths/0/get/r...', Object(stdClass))
#11 C:\\Users\\DELL\\Documents\\stage\\boilerplate\\vendor\\zircote\\swagger-php\\src\\Annotations\\AbstractAnnotation.php(592): OpenApi\\Annotations\\Response->validate(Array, Array, '#/paths/0/get/r...', Object(stdClass))
#12 C:\\Users\\DELL\\Documents\\stage\\boilerplate\\vendor\\zircote\\swagger-php\\src\\Annotations\\AbstractAnnotation.php(598): OpenApi\\Annotations\\AbstractAnnotation::_validate(Array, Array, Array, '#/paths/0/get/r...', Object(stdClass))
#13 C:\\Users\\DELL\\Documents\\stage\\boilerplate\\vendor\\zircote\\swagger-php\\src\\Annotations\\AbstractAnnotation.php(565): OpenApi\\Annotations\\AbstractAnnotation::_validate(Object(OpenApi\\Annotations\\Get), Array, Array, '#/paths/0/get', Object(stdClass))
#14 C:\\Users\\DELL\\Documents\\stage\\boilerplate\\vendor\\zircote\\swagger-php\\src\\Annotations\\Operation.php(223): OpenApi\\Annotations\\AbstractAnnotation->validate(Array, Array, '#/paths/0/get', Object(stdClass))
#15 C:\\Users\\DELL\\Documents\\stage\\boilerplate\\vendor\\zircote\\swagger-php\\src\\Annotations\\AbstractAnnotation.php(592): OpenApi\\Annotations\\Operation->validate(Array, Array, '#/paths/0/get', Object(stdClass))
#16 C:\\Users\\DELL\\Documents\\stage\\boilerplate\\vendor\\zircote\\swagger-php\\src\\Annotations\\AbstractAnnotation.php(565): OpenApi\\Annotations\\AbstractAnnotation::_validate(Object(OpenApi\\Annotations\\PathItem), Array, Array, '#/paths/0', Object(stdClass))
#17 C:\\Users\\DELL\\Documents\\stage\\boilerplate\\vendor\\zircote\\swagger-php\\src\\Annotations\\AbstractAnnotation.php(592): OpenApi\\Annotations\\AbstractAnnotation->validate(Array, Array, '#/paths/0', Object(stdClass))
#18 C:\\Users\\DELL\\Documents\\stage\\boilerplate\\vendor\\zircote\\swagger-php\\src\\Annotations\\AbstractAnnotation.php(598): OpenApi\\Annotations\\AbstractAnnotation::_validate(Array, Array, Array, '#/paths', Object(stdClass))
#19 C:\\Users\\DELL\\Documents\\stage\\boilerplate\\vendor\\zircote\\swagger-php\\src\\Annotations\\AbstractAnnotation.php(565): OpenApi\\Annotations\\AbstractAnnotation::_validate(Object(OpenApi\\Annotations\\OpenApi), Array, Array, '#', Object(stdClass))
#20 C:\\Users\\DELL\\Documents\\stage\\boilerplate\\vendor\\zircote\\swagger-php\\src\\Annotations\\OpenApi.php(170): OpenApi\\Annotations\\AbstractAnnotation->validate(Array, Array, '#', Object(stdClass))
#21 C:\\Users\\DELL\\Documents\\stage\\boilerplate\\vendor\\zircote\\swagger-php\\src\\Analysis.php(440): OpenApi\\Annotations\\OpenApi->validate()
#22 C:\\Users\\DELL\\Documents\\stage\\boilerplate\\vendor\\zircote\\swagger-php\\src\\Generator.php(503): OpenApi\\Analysis->validate()
#23 C:\\Users\\DELL\\Documents\\stage\\boilerplate\\vendor\\darkaonline\\swagger-lume\\src\\Generator.php(32): OpenApi\\Generator->generate(Object(Symfony\\Component\\Finder\\Finder))
#24 C:\\Users\\DELL\\Documents\\stage\\boilerplate\\vendor\\darkaonline\\swagger-lume\\src\\Console\\GenerateDocsCommand.php(32): SwaggerLume\\Generator::generateDocs()
#25 C:\\Users\\DELL\\Documents\\stage\\boilerplate\\vendor\\laravel\\framework\\src\\Illuminate\\Container\\BoundMethod.php(36): SwaggerLume\\Console\\GenerateDocsCommand->handle()
#26 C:\\Users\\DELL\\Documents\\stage\\boilerplate\\vendor\\laravel\\framework\\src\\Illuminate\\Container\\Util.php(41): Illuminate\\Container\\BoundMethod::Illuminate\\Container\\{closure}()
#27 C:\\Users\\DELL\\Documents\\stage\\boilerplate\\vendor\\laravel\\framework\\src\\Illuminate\\Container\\BoundMethod.php(93): Illuminate\\Container\\Util::unwrapIfClosure(Object(Closure))
#28 C:\\Users\\DELL\\Documents\\stage\\boilerplate\\vendor\\laravel\\framework\\src\\Illuminate\\Container\\BoundMethod.php(37): Illuminate\\Container\\BoundMethod::callBoundMethod(Object(Laravel\\Lumen\\Application), Array, Object(Closure))
#29 C:\\Users\\DELL\\Documents\\stage\\boilerplate\\vendor\\laravel\\framework\\src\\Illuminate\\Container\\Container.php(661): Illuminate\\Container\\BoundMethod::call(Object(Laravel\\Lumen\\Application), Array, Array, NULL)
#30 C:\\Users\\DELL\\Documents\\stage\\boilerplate\\vendor\\laravel\\framework\\src\\Illuminate\\Console\\Command.php(183): Illuminate\\Container\\Container->call(Array)
#31 C:\\Users\\DELL\\Documents\\stage\\boilerplate\\vendor\\symfony\\console\\Command\\Command.php(291): Illuminate\\Console\\Command->execute(Object(Symfony\\Component\\Console\\Input\\ArgvInput), Object(Illuminate\\Console\\OutputStyle))
#32 C:\\Users\\DELL\\Documents\\stage\\boilerplate\\vendor\\laravel\\framework\\src\\Illuminate\\Console\\Command.php(153): Symfony\\Component\\Console\\Command\\Command->run(Object(Symfony\\Component\\Console\\Input\\ArgvInput), Object(Illuminate\\Console\\OutputStyle))
#33 C:\\Users\\DELL\\Documents\\stage\\boilerplate\\vendor\\symfony\\console\\Application.php(1014): Illuminate\\Console\\Command->run(Object(Symfony\\Component\\Console\\Input\\ArgvInput), Object(Symfony\\Component\\Console\\Output\\ConsoleOutput))
#34 C:\\Users\\DELL\\Documents\\stage\\boilerplate\\vendor\\symfony\\console\\Application.php(301): Symfony\\Component\\Console\\Application->doRunCommand(Object(SwaggerLume\\Console\\GenerateDocsCommand), Object(Symfony\\Component\\Console\\Input\\ArgvInput), Object(Symfony\\Component\\Console\\Output\\ConsoleOutput))
#35 C:\\Users\\DELL\\Documents\\stage\\boilerplate\\vendor\\symfony\\console\\Application.php(171): Symfony\\Component\\Console\\Application->doRun(Object(Symfony\\Component\\Console\\Input\\ArgvInput), Object(Symfony\\Component\\Console\\Output\\ConsoleOutput))
#36 C:\\Users\\DELL\\Documents\\stage\\boilerplate\\vendor\\laravel\\framework\\src\\Illuminate\\Console\\Application.php(102): Symfony\\Component\\Console\\Application->run(Object(Symfony\\Component\\Console\\Input\\ArgvInput), Object(Symfony\\Component\\Console\\Output\\ConsoleOutput))
#37 C:\\Users\\DELL\\Documents\\stage\\boilerplate\\vendor\\laravel\\lumen-framework\\src\\Console\\Kernel.php(116): Illuminate\\Console\\Application->run(Object(Symfony\\Component\\Console\\Input\\ArgvInput), Object(Symfony\\Component\\Console\\Output\\ConsoleOutput))
#38 C:\\Users\\DELL\\Documents\\stage\\boilerplate\\artisan(35): Laravel\\Lumen\\Console\\Kernel->handle(Object(Symfony\\Component\\Console\\Input\\ArgvInput), Object(Symfony\\Component\\Console\\Output\\ConsoleOutput))
#39 {main}
"} 
[2024-07-05 15:21:53] local.ERROR: $ref "#/components/schemas/Post" not found for @OA\JsonContent() in \App\Http\Controllers\PostController->store() in C:\Users\DELL\Documents\stage\boilerplate\app\Http\Controllers\PostController.php on line 80 {"exception":"[object] (ErrorException(code: 0): $ref \"#/components/schemas/Post\" not found for @OA\\JsonContent() in \\App\\Http\\Controllers\\PostController->store() in C:\\Users\\DELL\\Documents\\stage\\boilerplate\\app\\Http\\Controllers\\PostController.php on line 80 at C:\\Users\\DELL\\Documents\\stage\\boilerplate\\vendor\\zircote\\swagger-php\\src\\Loggers\\DefaultLogger.php:31)
[stacktrace]
#0 C:\\Users\\DELL\\Documents\\stage\\boilerplate\\vendor\\laravel\\lumen-framework\\src\\Concerns\\RegistersExceptionHandlers.php(47): Laravel\\Lumen\\Application->handleError(512, '$ref \"#/compone...', 'C:\\\\Users\\\\DELL\\\\D...', 31)
#1 [internal function]: Laravel\\Lumen\\Application->Laravel\\Lumen\\Concerns\\{closure}(512, '$ref \"#/compone...', 'C:\\\\Users\\\\DELL\\\\D...', 31)
#2 C:\\Users\\DELL\\Documents\\stage\\boilerplate\\vendor\\zircote\\swagger-php\\src\\Loggers\\DefaultLogger.php(31): trigger_error('$ref \"#/compone...', 512)
#3 C:\\Users\\DELL\\Documents\\stage\\boilerplate\\vendor\\psr\\log\\src\\LoggerTrait.php(86): OpenApi\\Loggers\\DefaultLogger->log('warning', '$ref \"#/compone...', Array)
#4 C:\\Users\\DELL\\Documents\\stage\\boilerplate\\vendor\\zircote\\swagger-php\\src\\Annotations\\AbstractAnnotation.php(511): Psr\\Log\\AbstractLogger->warning('$ref \"#/compone...', Array)
#5 C:\\Users\\DELL\\Documents\\stage\\boilerplate\\vendor\\zircote\\swagger-php\\src\\Annotations\\Schema.php(517): OpenApi\\Annotations\\AbstractAnnotation->validate(Array, Array, '#/paths/0/post/...', Object(stdClass))
#6 C:\\Users\\DELL\\Documents\\stage\\boilerplate\\vendor\\zircote\\swagger-php\\src\\Annotations\\AbstractAnnotation.php(592): OpenApi\\Annotations\\Schema->validate(Array, Array, '#/paths/0/post/...', Object(stdClass))
#7 C:\\Users\\DELL\\Documents\\stage\\boilerplate\\vendor\\zircote\\swagger-php\\src\\Annotations\\AbstractAnnotation.php(565): OpenApi\\Annotations\\AbstractAnnotation::_validate(Object(OpenApi\\Annotations\\MediaType), Array, Array, '#/paths/0/post/...', Object(stdClass))
#8 C:\\Users\\DELL\\Documents\\stage\\boilerplate\\vendor\\zircote\\swagger-php\\src\\Annotations\\AbstractAnnotation.php(592): OpenApi\\Annotations\\AbstractAnnotation->validate(Array, Array, '#/paths/0/post/...', Object(stdClass))
#9 C:\\Users\\DELL\\Documents\\stage\\boilerplate\\vendor\\zircote\\swagger-php\\src\\Annotations\\AbstractAnnotation.php(598): OpenApi\\Annotations\\AbstractAnnotation::_validate(Array, Array, Array, '#/paths/0/post/...', Object(stdClass))
#10 C:\\Users\\DELL\\Documents\\stage\\boilerplate\\vendor\\zircote\\swagger-php\\src\\Annotations\\AbstractAnnotation.php(565): OpenApi\\Annotations\\AbstractAnnotation::_validate(Object(OpenApi\\Annotations\\RequestBody), Array, Array, '#/paths/0/post/...', Object(stdClass))
#11 C:\\Users\\DELL\\Documents\\stage\\boilerplate\\vendor\\zircote\\swagger-php\\src\\Annotations\\AbstractAnnotation.php(592): OpenApi\\Annotations\\AbstractAnnotation->validate(Array, Array, '#/paths/0/post/...', Object(stdClass))
#12 C:\\Users\\DELL\\Documents\\stage\\boilerplate\\vendor\\zircote\\swagger-php\\src\\Annotations\\AbstractAnnotation.php(565): OpenApi\\Annotations\\AbstractAnnotation::_validate(Object(OpenApi\\Annotations\\Post), Array, Array, '#/paths/0/post', Object(stdClass))
#13 C:\\Users\\DELL\\Documents\\stage\\boilerplate\\vendor\\zircote\\swagger-php\\src\\Annotations\\Operation.php(223): OpenApi\\Annotations\\AbstractAnnotation->validate(Array, Array, '#/paths/0/post', Object(stdClass))
#14 C:\\Users\\DELL\\Documents\\stage\\boilerplate\\vendor\\zircote\\swagger-php\\src\\Annotations\\AbstractAnnotation.php(592): OpenApi\\Annotations\\Operation->validate(Array, Array, '#/paths/0/post', Object(stdClass))
#15 C:\\Users\\DELL\\Documents\\stage\\boilerplate\\vendor\\zircote\\swagger-php\\src\\Annotations\\AbstractAnnotation.php(565): OpenApi\\Annotations\\AbstractAnnotation::_validate(Object(OpenApi\\Annotations\\PathItem), Array, Array, '#/paths/0', Object(stdClass))
#16 C:\\Users\\DELL\\Documents\\stage\\boilerplate\\vendor\\zircote\\swagger-php\\src\\Annotations\\AbstractAnnotation.php(592): OpenApi\\Annotations\\AbstractAnnotation->validate(Array, Array, '#/paths/0', Object(stdClass))
#17 C:\\Users\\DELL\\Documents\\stage\\boilerplate\\vendor\\zircote\\swagger-php\\src\\Annotations\\AbstractAnnotation.php(598): OpenApi\\Annotations\\AbstractAnnotation::_validate(Array, Array, Array, '#/paths', Object(stdClass))
#18 C:\\Users\\DELL\\Documents\\stage\\boilerplate\\vendor\\zircote\\swagger-php\\src\\Annotations\\AbstractAnnotation.php(565): OpenApi\\Annotations\\AbstractAnnotation::_validate(Object(OpenApi\\Annotations\\OpenApi), Array, Array, '#', Object(stdClass))
#19 C:\\Users\\DELL\\Documents\\stage\\boilerplate\\vendor\\zircote\\swagger-php\\src\\Annotations\\OpenApi.php(170): OpenApi\\Annotations\\AbstractAnnotation->validate(Array, Array, '#', Object(stdClass))
#20 C:\\Users\\DELL\\Documents\\stage\\boilerplate\\vendor\\zircote\\swagger-php\\src\\Analysis.php(440): OpenApi\\Annotations\\OpenApi->validate()
#21 C:\\Users\\DELL\\Documents\\stage\\boilerplate\\vendor\\zircote\\swagger-php\\src\\Generator.php(503): OpenApi\\Analysis->validate()
#22 C:\\Users\\DELL\\Documents\\stage\\boilerplate\\vendor\\darkaonline\\swagger-lume\\src\\Generator.php(32): OpenApi\\Generator->generate(Object(Symfony\\Component\\Finder\\Finder))
#23 C:\\Users\\DELL\\Documents\\stage\\boilerplate\\vendor\\darkaonline\\swagger-lume\\src\\Console\\GenerateDocsCommand.php(32): SwaggerLume\\Generator::generateDocs()
#24 C:\\Users\\DELL\\Documents\\stage\\boilerplate\\vendor\\laravel\\framework\\src\\Illuminate\\Container\\BoundMethod.php(36): SwaggerLume\\Console\\GenerateDocsCommand->handle()
#25 C:\\Users\\DELL\\Documents\\stage\\boilerplate\\vendor\\laravel\\framework\\src\\Illuminate\\Container\\Util.php(41): Illuminate\\Container\\BoundMethod::Illuminate\\Container\\{closure}()
#26 C:\\Users\\DELL\\Documents\\stage\\boilerplate\\vendor\\laravel\\framework\\src\\Illuminate\\Container\\BoundMethod.php(93): Illuminate\\Container\\Util::unwrapIfClosure(Object(Closure))
#27 C:\\Users\\DELL\\Documents\\stage\\boilerplate\\vendor\\laravel\\framework\\src\\Illuminate\\Container\\BoundMethod.php(37): Illuminate\\Container\\BoundMethod::callBoundMethod(Object(Laravel\\Lumen\\Application), Array, Object(Closure))
#28 C:\\Users\\DELL\\Documents\\stage\\boilerplate\\vendor\\laravel\\framework\\src\\Illuminate\\Container\\Container.php(661): Illuminate\\Container\\BoundMethod::call(Object(Laravel\\Lumen\\Application), Array, Array, NULL)
#29 C:\\Users\\DELL\\Documents\\stage\\boilerplate\\vendor\\laravel\\framework\\src\\Illuminate\\Console\\Command.php(183): Illuminate\\Container\\Container->call(Array)
#30 C:\\Users\\DELL\\Documents\\stage\\boilerplate\\vendor\\symfony\\console\\Command\\Command.php(291): Illuminate\\Console\\Command->execute(Object(Symfony\\Component\\Console\\Input\\ArgvInput), Object(Illuminate\\Console\\OutputStyle))
#31 C:\\Users\\DELL\\Documents\\stage\\boilerplate\\vendor\\laravel\\framework\\src\\Illuminate\\Console\\Command.php(153): Symfony\\Component\\Console\\Command\\Command->run(Object(Symfony\\Component\\Console\\Input\\ArgvInput), Object(Illuminate\\Console\\OutputStyle))
#32 C:\\Users\\DELL\\Documents\\stage\\boilerplate\\vendor\\symfony\\console\\Application.php(1014): Illuminate\\Console\\Command->run(Object(Symfony\\Component\\Console\\Input\\ArgvInput), Object(Symfony\\Component\\Console\\Output\\ConsoleOutput))
#33 C:\\Users\\DELL\\Documents\\stage\\boilerplate\\vendor\\symfony\\console\\Application.php(301): Symfony\\Component\\Console\\Application->doRunCommand(Object(SwaggerLume\\Console\\GenerateDocsCommand), Object(Symfony\\Component\\Console\\Input\\ArgvInput), Object(Symfony\\Component\\Console\\Output\\ConsoleOutput))
#34 C:\\Users\\DELL\\Documents\\stage\\boilerplate\\vendor\\symfony\\console\\Application.php(171): Symfony\\Component\\Console\\Application->doRun(Object(Symfony\\Component\\Console\\Input\\ArgvInput), Object(Symfony\\Component\\Console\\Output\\ConsoleOutput))
#35 C:\\Users\\DELL\\Documents\\stage\\boilerplate\\vendor\\laravel\\framework\\src\\Illuminate\\Console\\Application.php(102): Symfony\\Component\\Console\\Application->run(Object(Symfony\\Component\\Console\\Input\\ArgvInput), Object(Symfony\\Component\\Console\\Output\\ConsoleOutput))
#36 C:\\Users\\DELL\\Documents\\stage\\boilerplate\\vendor\\laravel\\lumen-framework\\src\\Console\\Kernel.php(116): Illuminate\\Console\\Application->run(Object(Symfony\\Component\\Console\\Input\\ArgvInput), Object(Symfony\\Component\\Console\\Output\\ConsoleOutput))
#37 C:\\Users\\DELL\\Documents\\stage\\boilerplate\\artisan(35): Laravel\\Lumen\\Console\\Kernel->handle(Object(Symfony\\Component\\Console\\Input\\ArgvInput), Object(Symfony\\Component\\Console\\Output\\ConsoleOutput))
#38 {main}
"} 
[2024-07-05 15:22:30] local.ERROR: $ref "#/components/schemas/Post" not found for @OA\JsonContent() in \App\Http\Controllers\PostController->store() in C:\Users\DELL\Documents\stage\boilerplate\app\Http\Controllers\PostController.php on line 80 {"exception":"[object] (ErrorException(code: 0): $ref \"#/components/schemas/Post\" not found for @OA\\JsonContent() in \\App\\Http\\Controllers\\PostController->store() in C:\\Users\\DELL\\Documents\\stage\\boilerplate\\app\\Http\\Controllers\\PostController.php on line 80 at C:\\Users\\DELL\\Documents\\stage\\boilerplate\\vendor\\zircote\\swagger-php\\src\\Loggers\\DefaultLogger.php:31)
[stacktrace]
#0 C:\\Users\\DELL\\Documents\\stage\\boilerplate\\vendor\\laravel\\lumen-framework\\src\\Concerns\\RegistersExceptionHandlers.php(47): Laravel\\Lumen\\Application->handleError(512, '$ref \"#/compone...', 'C:\\\\Users\\\\DELL\\\\D...', 31)
#1 [internal function]: Laravel\\Lumen\\Application->Laravel\\Lumen\\Concerns\\{closure}(512, '$ref \"#/compone...', 'C:\\\\Users\\\\DELL\\\\D...', 31)
#2 C:\\Users\\DELL\\Documents\\stage\\boilerplate\\vendor\\zircote\\swagger-php\\src\\Loggers\\DefaultLogger.php(31): trigger_error('$ref \"#/compone...', 512)
#3 C:\\Users\\DELL\\Documents\\stage\\boilerplate\\vendor\\psr\\log\\src\\LoggerTrait.php(86): OpenApi\\Loggers\\DefaultLogger->log('warning', '$ref \"#/compone...', Array)
#4 C:\\Users\\DELL\\Documents\\stage\\boilerplate\\vendor\\zircote\\swagger-php\\src\\Annotations\\AbstractAnnotation.php(511): Psr\\Log\\AbstractLogger->warning('$ref \"#/compone...', Array)
#5 C:\\Users\\DELL\\Documents\\stage\\boilerplate\\vendor\\zircote\\swagger-php\\src\\Annotations\\Schema.php(517): OpenApi\\Annotations\\AbstractAnnotation->validate(Array, Array, '#/paths/0/post/...', Object(stdClass))
#6 C:\\Users\\DELL\\Documents\\stage\\boilerplate\\vendor\\zircote\\swagger-php\\src\\Annotations\\AbstractAnnotation.php(592): OpenApi\\Annotations\\Schema->validate(Array, Array, '#/paths/0/post/...', Object(stdClass))
#7 C:\\Users\\DELL\\Documents\\stage\\boilerplate\\vendor\\zircote\\swagger-php\\src\\Annotations\\AbstractAnnotation.php(565): OpenApi\\Annotations\\AbstractAnnotation::_validate(Object(OpenApi\\Annotations\\MediaType), Array, Array, '#/paths/0/post/...', Object(stdClass))
#8 C:\\Users\\DELL\\Documents\\stage\\boilerplate\\vendor\\zircote\\swagger-php\\src\\Annotations\\AbstractAnnotation.php(592): OpenApi\\Annotations\\AbstractAnnotation->validate(Array, Array, '#/paths/0/post/...', Object(stdClass))
#9 C:\\Users\\DELL\\Documents\\stage\\boilerplate\\vendor\\zircote\\swagger-php\\src\\Annotations\\AbstractAnnotation.php(598): OpenApi\\Annotations\\AbstractAnnotation::_validate(Array, Array, Array, '#/paths/0/post/...', Object(stdClass))
#10 C:\\Users\\DELL\\Documents\\stage\\boilerplate\\vendor\\zircote\\swagger-php\\src\\Annotations\\AbstractAnnotation.php(565): OpenApi\\Annotations\\AbstractAnnotation::_validate(Object(OpenApi\\Annotations\\RequestBody), Array, Array, '#/paths/0/post/...', Object(stdClass))
#11 C:\\Users\\DELL\\Documents\\stage\\boilerplate\\vendor\\zircote\\swagger-php\\src\\Annotations\\AbstractAnnotation.php(592): OpenApi\\Annotations\\AbstractAnnotation->validate(Array, Array, '#/paths/0/post/...', Object(stdClass))
#12 C:\\Users\\DELL\\Documents\\stage\\boilerplate\\vendor\\zircote\\swagger-php\\src\\Annotations\\AbstractAnnotation.php(565): OpenApi\\Annotations\\AbstractAnnotation::_validate(Object(OpenApi\\Annotations\\Post), Array, Array, '#/paths/0/post', Object(stdClass))
#13 C:\\Users\\DELL\\Documents\\stage\\boilerplate\\vendor\\zircote\\swagger-php\\src\\Annotations\\Operation.php(223): OpenApi\\Annotations\\AbstractAnnotation->validate(Array, Array, '#/paths/0/post', Object(stdClass))
#14 C:\\Users\\DELL\\Documents\\stage\\boilerplate\\vendor\\zircote\\swagger-php\\src\\Annotations\\AbstractAnnotation.php(592): OpenApi\\Annotations\\Operation->validate(Array, Array, '#/paths/0/post', Object(stdClass))
#15 C:\\Users\\DELL\\Documents\\stage\\boilerplate\\vendor\\zircote\\swagger-php\\src\\Annotations\\AbstractAnnotation.php(565): OpenApi\\Annotations\\AbstractAnnotation::_validate(Object(OpenApi\\Annotations\\PathItem), Array, Array, '#/paths/0', Object(stdClass))
#16 C:\\Users\\DELL\\Documents\\stage\\boilerplate\\vendor\\zircote\\swagger-php\\src\\Annotations\\AbstractAnnotation.php(592): OpenApi\\Annotations\\AbstractAnnotation->validate(Array, Array, '#/paths/0', Object(stdClass))
#17 C:\\Users\\DELL\\Documents\\stage\\boilerplate\\vendor\\zircote\\swagger-php\\src\\Annotations\\AbstractAnnotation.php(598): OpenApi\\Annotations\\AbstractAnnotation::_validate(Array, Array, Array, '#/paths', Object(stdClass))
#18 C:\\Users\\DELL\\Documents\\stage\\boilerplate\\vendor\\zircote\\swagger-php\\src\\Annotations\\AbstractAnnotation.php(565): OpenApi\\Annotations\\AbstractAnnotation::_validate(Object(OpenApi\\Annotations\\OpenApi), Array, Array, '#', Object(stdClass))
#19 C:\\Users\\DELL\\Documents\\stage\\boilerplate\\vendor\\zircote\\swagger-php\\src\\Annotations\\OpenApi.php(170): OpenApi\\Annotations\\AbstractAnnotation->validate(Array, Array, '#', Object(stdClass))
#20 C:\\Users\\DELL\\Documents\\stage\\boilerplate\\vendor\\zircote\\swagger-php\\src\\Analysis.php(440): OpenApi\\Annotations\\OpenApi->validate()
#21 C:\\Users\\DELL\\Documents\\stage\\boilerplate\\vendor\\zircote\\swagger-php\\src\\Generator.php(503): OpenApi\\Analysis->validate()
#22 C:\\Users\\DELL\\Documents\\stage\\boilerplate\\vendor\\darkaonline\\swagger-lume\\src\\Generator.php(32): OpenApi\\Generator->generate(Object(Symfony\\Component\\Finder\\Finder))
#23 C:\\Users\\DELL\\Documents\\stage\\boilerplate\\vendor\\darkaonline\\swagger-lume\\src\\Console\\GenerateDocsCommand.php(32): SwaggerLume\\Generator::generateDocs()
#24 C:\\Users\\DELL\\Documents\\stage\\boilerplate\\vendor\\laravel\\framework\\src\\Illuminate\\Container\\BoundMethod.php(36): SwaggerLume\\Console\\GenerateDocsCommand->handle()
#25 C:\\Users\\DELL\\Documents\\stage\\boilerplate\\vendor\\laravel\\framework\\src\\Illuminate\\Container\\Util.php(41): Illuminate\\Container\\BoundMethod::Illuminate\\Container\\{closure}()
#26 C:\\Users\\DELL\\Documents\\stage\\boilerplate\\vendor\\laravel\\framework\\src\\Illuminate\\Container\\BoundMethod.php(93): Illuminate\\Container\\Util::unwrapIfClosure(Object(Closure))
#27 C:\\Users\\DELL\\Documents\\stage\\boilerplate\\vendor\\laravel\\framework\\src\\Illuminate\\Container\\BoundMethod.php(37): Illuminate\\Container\\BoundMethod::callBoundMethod(Object(Laravel\\Lumen\\Application), Array, Object(Closure))
#28 C:\\Users\\DELL\\Documents\\stage\\boilerplate\\vendor\\laravel\\framework\\src\\Illuminate\\Container\\Container.php(661): Illuminate\\Container\\BoundMethod::call(Object(Laravel\\Lumen\\Application), Array, Array, NULL)
#29 C:\\Users\\DELL\\Documents\\stage\\boilerplate\\vendor\\laravel\\framework\\src\\Illuminate\\Console\\Command.php(183): Illuminate\\Container\\Container->call(Array)
#30 C:\\Users\\DELL\\Documents\\stage\\boilerplate\\vendor\\symfony\\console\\Command\\Command.php(291): Illuminate\\Console\\Command->execute(Object(Symfony\\Component\\Console\\Input\\ArgvInput), Object(Illuminate\\Console\\OutputStyle))
#31 C:\\Users\\DELL\\Documents\\stage\\boilerplate\\vendor\\laravel\\framework\\src\\Illuminate\\Console\\Command.php(153): Symfony\\Component\\Console\\Command\\Command->run(Object(Symfony\\Component\\Console\\Input\\ArgvInput), Object(Illuminate\\Console\\OutputStyle))
#32 C:\\Users\\DELL\\Documents\\stage\\boilerplate\\vendor\\symfony\\console\\Application.php(1014): Illuminate\\Console\\Command->run(Object(Symfony\\Component\\Console\\Input\\ArgvInput), Object(Symfony\\Component\\Console\\Output\\ConsoleOutput))
#33 C:\\Users\\DELL\\Documents\\stage\\boilerplate\\vendor\\symfony\\console\\Application.php(301): Symfony\\Component\\Console\\Application->doRunCommand(Object(SwaggerLume\\Console\\GenerateDocsCommand), Object(Symfony\\Component\\Console\\Input\\ArgvInput), Object(Symfony\\Component\\Console\\Output\\ConsoleOutput))
#34 C:\\Users\\DELL\\Documents\\stage\\boilerplate\\vendor\\symfony\\console\\Application.php(171): Symfony\\Component\\Console\\Application->doRun(Object(Symfony\\Component\\Console\\Input\\ArgvInput), Object(Symfony\\Component\\Console\\Output\\ConsoleOutput))
#35 C:\\Users\\DELL\\Documents\\stage\\boilerplate\\vendor\\laravel\\framework\\src\\Illuminate\\Console\\Application.php(102): Symfony\\Component\\Console\\Application->run(Object(Symfony\\Component\\Console\\Input\\ArgvInput), Object(Symfony\\Component\\Console\\Output\\ConsoleOutput))
#36 C:\\Users\\DELL\\Documents\\stage\\boilerplate\\vendor\\laravel\\lumen-framework\\src\\Console\\Kernel.php(116): Illuminate\\Console\\Application->run(Object(Symfony\\Component\\Console\\Input\\ArgvInput), Object(Symfony\\Component\\Console\\Output\\ConsoleOutput))
#37 C:\\Users\\DELL\\Documents\\stage\\boilerplate\\artisan(35): Laravel\\Lumen\\Console\\Kernel->handle(Object(Symfony\\Component\\Console\\Input\\ArgvInput), Object(Symfony\\Component\\Console\\Output\\ConsoleOutput))
#38 {main}
"} 
[2024-07-05 15:23:55] local.ERROR: @OA\Items() is required when @OA\JsonContent() has type "array" in \App\Http\Controllers\PostController->getSoftDeleted() in C:\Users\DELL\Documents\stage\boilerplate\app\Http\Controllers\PostController.php on line 227 {"exception":"[object] (ErrorException(code: 0): @OA\\Items() is required when @OA\\JsonContent() has type \"array\" in \\App\\Http\\Controllers\\PostController->getSoftDeleted() in C:\\Users\\DELL\\Documents\\stage\\boilerplate\\app\\Http\\Controllers\\PostController.php on line 227 at C:\\Users\\DELL\\Documents\\stage\\boilerplate\\vendor\\zircote\\swagger-php\\src\\Loggers\\DefaultLogger.php:31)
[stacktrace]
#0 C:\\Users\\DELL\\Documents\\stage\\boilerplate\\vendor\\laravel\\lumen-framework\\src\\Concerns\\RegistersExceptionHandlers.php(47): Laravel\\Lumen\\Application->handleError(512, '@OA\\\\Items() is ...', 'C:\\\\Users\\\\DELL\\\\D...', 31)
#1 [internal function]: Laravel\\Lumen\\Application->Laravel\\Lumen\\Concerns\\{closure}(512, '@OA\\\\Items() is ...', 'C:\\\\Users\\\\DELL\\\\D...', 31)
#2 C:\\Users\\DELL\\Documents\\stage\\boilerplate\\vendor\\zircote\\swagger-php\\src\\Loggers\\DefaultLogger.php(31): trigger_error('@OA\\\\Items() is ...', 512)
#3 C:\\Users\\DELL\\Documents\\stage\\boilerplate\\vendor\\psr\\log\\src\\LoggerTrait.php(86): OpenApi\\Loggers\\DefaultLogger->log('warning', '@OA\\\\Items() is ...', Array)
#4 C:\\Users\\DELL\\Documents\\stage\\boilerplate\\vendor\\zircote\\swagger-php\\src\\Annotations\\Schema.php(504): Psr\\Log\\AbstractLogger->warning('@OA\\\\Items() is ...')
#5 C:\\Users\\DELL\\Documents\\stage\\boilerplate\\vendor\\zircote\\swagger-php\\src\\Annotations\\AbstractAnnotation.php(592): OpenApi\\Annotations\\Schema->validate(Array, Array, '#/paths/4/get/r...', Object(stdClass))
#6 C:\\Users\\DELL\\Documents\\stage\\boilerplate\\vendor\\zircote\\swagger-php\\src\\Annotations\\AbstractAnnotation.php(565): OpenApi\\Annotations\\AbstractAnnotation::_validate(Object(OpenApi\\Annotations\\MediaType), Array, Array, '#/paths/4/get/r...', Object(stdClass))
#7 C:\\Users\\DELL\\Documents\\stage\\boilerplate\\vendor\\zircote\\swagger-php\\src\\Annotations\\AbstractAnnotation.php(592): OpenApi\\Annotations\\AbstractAnnotation->validate(Array, Array, '#/paths/4/get/r...', Object(stdClass))
#8 C:\\Users\\DELL\\Documents\\stage\\boilerplate\\vendor\\zircote\\swagger-php\\src\\Annotations\\AbstractAnnotation.php(598): OpenApi\\Annotations\\AbstractAnnotation::_validate(Array, Array, Array, '#/paths/4/get/r...', Object(stdClass))
#9 C:\\Users\\DELL\\Documents\\stage\\boilerplate\\vendor\\zircote\\swagger-php\\src\\Annotations\\AbstractAnnotation.php(565): OpenApi\\Annotations\\AbstractAnnotation::_validate(Object(OpenApi\\Annotations\\Response), Array, Array, '#/paths/4/get/r...', Object(stdClass))
#10 C:\\Users\\DELL\\Documents\\stage\\boilerplate\\vendor\\zircote\\swagger-php\\src\\Annotations\\Response.php(121): OpenApi\\Annotations\\AbstractAnnotation->validate(Array, Array, '#/paths/4/get/r...', Object(stdClass))
#11 C:\\Users\\DELL\\Documents\\stage\\boilerplate\\vendor\\zircote\\swagger-php\\src\\Annotations\\AbstractAnnotation.php(592): OpenApi\\Annotations\\Response->validate(Array, Array, '#/paths/4/get/r...', Object(stdClass))
#12 C:\\Users\\DELL\\Documents\\stage\\boilerplate\\vendor\\zircote\\swagger-php\\src\\Annotations\\AbstractAnnotation.php(598): OpenApi\\Annotations\\AbstractAnnotation::_validate(Array, Array, Array, '#/paths/4/get/r...', Object(stdClass))
#13 C:\\Users\\DELL\\Documents\\stage\\boilerplate\\vendor\\zircote\\swagger-php\\src\\Annotations\\AbstractAnnotation.php(565): OpenApi\\Annotations\\AbstractAnnotation::_validate(Object(OpenApi\\Annotations\\Get), Array, Array, '#/paths/4/get', Object(stdClass))
#14 C:\\Users\\DELL\\Documents\\stage\\boilerplate\\vendor\\zircote\\swagger-php\\src\\Annotations\\Operation.php(223): OpenApi\\Annotations\\AbstractAnnotation->validate(Array, Array, '#/paths/4/get', Object(stdClass))
#15 C:\\Users\\DELL\\Documents\\stage\\boilerplate\\vendor\\zircote\\swagger-php\\src\\Annotations\\AbstractAnnotation.php(592): OpenApi\\Annotations\\Operation->validate(Array, Array, '#/paths/4/get', Object(stdClass))
#16 C:\\Users\\DELL\\Documents\\stage\\boilerplate\\vendor\\zircote\\swagger-php\\src\\Annotations\\AbstractAnnotation.php(565): OpenApi\\Annotations\\AbstractAnnotation::_validate(Object(OpenApi\\Annotations\\PathItem), Array, Array, '#/paths/4', Object(stdClass))
#17 C:\\Users\\DELL\\Documents\\stage\\boilerplate\\vendor\\zircote\\swagger-php\\src\\Annotations\\AbstractAnnotation.php(592): OpenApi\\Annotations\\AbstractAnnotation->validate(Array, Array, '#/paths/4', Object(stdClass))
#18 C:\\Users\\DELL\\Documents\\stage\\boilerplate\\vendor\\zircote\\swagger-php\\src\\Annotations\\AbstractAnnotation.php(598): OpenApi\\Annotations\\AbstractAnnotation::_validate(Array, Array, Array, '#/paths', Object(stdClass))
#19 C:\\Users\\DELL\\Documents\\stage\\boilerplate\\vendor\\zircote\\swagger-php\\src\\Annotations\\AbstractAnnotation.php(565): OpenApi\\Annotations\\AbstractAnnotation::_validate(Object(OpenApi\\Annotations\\OpenApi), Array, Array, '#', Object(stdClass))
#20 C:\\Users\\DELL\\Documents\\stage\\boilerplate\\vendor\\zircote\\swagger-php\\src\\Annotations\\OpenApi.php(170): OpenApi\\Annotations\\AbstractAnnotation->validate(Array, Array, '#', Object(stdClass))
#21 C:\\Users\\DELL\\Documents\\stage\\boilerplate\\vendor\\zircote\\swagger-php\\src\\Analysis.php(440): OpenApi\\Annotations\\OpenApi->validate()
#22 C:\\Users\\DELL\\Documents\\stage\\boilerplate\\vendor\\zircote\\swagger-php\\src\\Generator.php(503): OpenApi\\Analysis->validate()
#23 C:\\Users\\DELL\\Documents\\stage\\boilerplate\\vendor\\darkaonline\\swagger-lume\\src\\Generator.php(32): OpenApi\\Generator->generate(Object(Symfony\\Component\\Finder\\Finder))
#24 C:\\Users\\DELL\\Documents\\stage\\boilerplate\\vendor\\darkaonline\\swagger-lume\\src\\Console\\GenerateDocsCommand.php(32): SwaggerLume\\Generator::generateDocs()
#25 C:\\Users\\DELL\\Documents\\stage\\boilerplate\\vendor\\laravel\\framework\\src\\Illuminate\\Container\\BoundMethod.php(36): SwaggerLume\\Console\\GenerateDocsCommand->handle()
#26 C:\\Users\\DELL\\Documents\\stage\\boilerplate\\vendor\\laravel\\framework\\src\\Illuminate\\Container\\Util.php(41): Illuminate\\Container\\BoundMethod::Illuminate\\Container\\{closure}()
#27 C:\\Users\\DELL\\Documents\\stage\\boilerplate\\vendor\\laravel\\framework\\src\\Illuminate\\Container\\BoundMethod.php(93): Illuminate\\Container\\Util::unwrapIfClosure(Object(Closure))
#28 C:\\Users\\DELL\\Documents\\stage\\boilerplate\\vendor\\laravel\\framework\\src\\Illuminate\\Container\\BoundMethod.php(37): Illuminate\\Container\\BoundMethod::callBoundMethod(Object(Laravel\\Lumen\\Application), Array, Object(Closure))
#29 C:\\Users\\DELL\\Documents\\stage\\boilerplate\\vendor\\laravel\\framework\\src\\Illuminate\\Container\\Container.php(661): Illuminate\\Container\\BoundMethod::call(Object(Laravel\\Lumen\\Application), Array, Array, NULL)
#30 C:\\Users\\DELL\\Documents\\stage\\boilerplate\\vendor\\laravel\\framework\\src\\Illuminate\\Console\\Command.php(183): Illuminate\\Container\\Container->call(Array)
#31 C:\\Users\\DELL\\Documents\\stage\\boilerplate\\vendor\\symfony\\console\\Command\\Command.php(291): Illuminate\\Console\\Command->execute(Object(Symfony\\Component\\Console\\Input\\ArgvInput), Object(Illuminate\\Console\\OutputStyle))
#32 C:\\Users\\DELL\\Documents\\stage\\boilerplate\\vendor\\laravel\\framework\\src\\Illuminate\\Console\\Command.php(153): Symfony\\Component\\Console\\Command\\Command->run(Object(Symfony\\Component\\Console\\Input\\ArgvInput), Object(Illuminate\\Console\\OutputStyle))
#33 C:\\Users\\DELL\\Documents\\stage\\boilerplate\\vendor\\symfony\\console\\Application.php(1014): Illuminate\\Console\\Command->run(Object(Symfony\\Component\\Console\\Input\\ArgvInput), Object(Symfony\\Component\\Console\\Output\\ConsoleOutput))
#34 C:\\Users\\DELL\\Documents\\stage\\boilerplate\\vendor\\symfony\\console\\Application.php(301): Symfony\\Component\\Console\\Application->doRunCommand(Object(SwaggerLume\\Console\\GenerateDocsCommand), Object(Symfony\\Component\\Console\\Input\\ArgvInput), Object(Symfony\\Component\\Console\\Output\\ConsoleOutput))
#35 C:\\Users\\DELL\\Documents\\stage\\boilerplate\\vendor\\symfony\\console\\Application.php(171): Symfony\\Component\\Console\\Application->doRun(Object(Symfony\\Component\\Console\\Input\\ArgvInput), Object(Symfony\\Component\\Console\\Output\\ConsoleOutput))
#36 C:\\Users\\DELL\\Documents\\stage\\boilerplate\\vendor\\laravel\\framework\\src\\Illuminate\\Console\\Application.php(102): Symfony\\Component\\Console\\Application->run(Object(Symfony\\Component\\Console\\Input\\ArgvInput), Object(Symfony\\Component\\Console\\Output\\ConsoleOutput))
#37 C:\\Users\\DELL\\Documents\\stage\\boilerplate\\vendor\\laravel\\lumen-framework\\src\\Console\\Kernel.php(116): Illuminate\\Console\\Application->run(Object(Symfony\\Component\\Console\\Input\\ArgvInput), Object(Symfony\\Component\\Console\\Output\\ConsoleOutput))
#38 C:\\Users\\DELL\\Documents\\stage\\boilerplate\\artisan(35): Laravel\\Lumen\\Console\\Kernel->handle(Object(Symfony\\Component\\Console\\Input\\ArgvInput), Object(Symfony\\Component\\Console\\Output\\ConsoleOutput))
#39 {main}
"} 
[2024-07-05 15:24:47] local.ERROR: $ref "#/components/schemas/Tag" not found for @OA\Items() in \App\Http\Controllers\TagController->index() in C:\Users\DELL\Documents\stage\boilerplate\app\Http\Controllers\TagController.php on line 23 {"exception":"[object] (ErrorException(code: 0): $ref \"#/components/schemas/Tag\" not found for @OA\\Items() in \\App\\Http\\Controllers\\TagController->index() in C:\\Users\\DELL\\Documents\\stage\\boilerplate\\app\\Http\\Controllers\\TagController.php on line 23 at C:\\Users\\DELL\\Documents\\stage\\boilerplate\\vendor\\zircote\\swagger-php\\src\\Loggers\\DefaultLogger.php:31)
[stacktrace]
#0 C:\\Users\\DELL\\Documents\\stage\\boilerplate\\vendor\\laravel\\lumen-framework\\src\\Concerns\\RegistersExceptionHandlers.php(47): Laravel\\Lumen\\Application->handleError(512, '$ref \"#/compone...', 'C:\\\\Users\\\\DELL\\\\D...', 31)
#1 [internal function]: Laravel\\Lumen\\Application->Laravel\\Lumen\\Concerns\\{closure}(512, '$ref \"#/compone...', 'C:\\\\Users\\\\DELL\\\\D...', 31)
#2 C:\\Users\\DELL\\Documents\\stage\\boilerplate\\vendor\\zircote\\swagger-php\\src\\Loggers\\DefaultLogger.php(31): trigger_error('$ref \"#/compone...', 512)
#3 C:\\Users\\DELL\\Documents\\stage\\boilerplate\\vendor\\psr\\log\\src\\LoggerTrait.php(86): OpenApi\\Loggers\\DefaultLogger->log('warning', '$ref \"#/compone...', Array)
#4 C:\\Users\\DELL\\Documents\\stage\\boilerplate\\vendor\\zircote\\swagger-php\\src\\Annotations\\AbstractAnnotation.php(511): Psr\\Log\\AbstractLogger->warning('$ref \"#/compone...', Array)
#5 C:\\Users\\DELL\\Documents\\stage\\boilerplate\\vendor\\zircote\\swagger-php\\src\\Annotations\\Schema.php(517): OpenApi\\Annotations\\AbstractAnnotation->validate(Array, Array, '#/paths/6/get/r...', Object(stdClass))
#6 C:\\Users\\DELL\\Documents\\stage\\boilerplate\\vendor\\zircote\\swagger-php\\src\\Annotations\\Items.php(50): OpenApi\\Annotations\\Schema->validate(Array, Array, '#/paths/6/get/r...', Object(stdClass))
#7 C:\\Users\\DELL\\Documents\\stage\\boilerplate\\vendor\\zircote\\swagger-php\\src\\Annotations\\AbstractAnnotation.php(592): OpenApi\\Annotations\\Items->validate(Array, Array, '#/paths/6/get/r...', Object(stdClass))
#8 C:\\Users\\DELL\\Documents\\stage\\boilerplate\\vendor\\zircote\\swagger-php\\src\\Annotations\\AbstractAnnotation.php(565): OpenApi\\Annotations\\AbstractAnnotation::_validate(Object(OpenApi\\Annotations\\JsonContent), Array, Array, '#/paths/6/get/r...', Object(stdClass))
#9 C:\\Users\\DELL\\Documents\\stage\\boilerplate\\vendor\\zircote\\swagger-php\\src\\Annotations\\Schema.php(517): OpenApi\\Annotations\\AbstractAnnotation->validate(Array, Array, '#/paths/6/get/r...', Object(stdClass))
#10 C:\\Users\\DELL\\Documents\\stage\\boilerplate\\vendor\\zircote\\swagger-php\\src\\Annotations\\AbstractAnnotation.php(592): OpenApi\\Annotations\\Schema->validate(Array, Array, '#/paths/6/get/r...', Object(stdClass))
#11 C:\\Users\\DELL\\Documents\\stage\\boilerplate\\vendor\\zircote\\swagger-php\\src\\Annotations\\AbstractAnnotation.php(565): OpenApi\\Annotations\\AbstractAnnotation::_validate(Object(OpenApi\\Annotations\\MediaType), Array, Array, '#/paths/6/get/r...', Object(stdClass))
#12 C:\\Users\\DELL\\Documents\\stage\\boilerplate\\vendor\\zircote\\swagger-php\\src\\Annotations\\AbstractAnnotation.php(592): OpenApi\\Annotations\\AbstractAnnotation->validate(Array, Array, '#/paths/6/get/r...', Object(stdClass))
#13 C:\\Users\\DELL\\Documents\\stage\\boilerplate\\vendor\\zircote\\swagger-php\\src\\Annotations\\AbstractAnnotation.php(598): OpenApi\\Annotations\\AbstractAnnotation::_validate(Array, Array, Array, '#/paths/6/get/r...', Object(stdClass))
#14 C:\\Users\\DELL\\Documents\\stage\\boilerplate\\vendor\\zircote\\swagger-php\\src\\Annotations\\AbstractAnnotation.php(565): OpenApi\\Annotations\\AbstractAnnotation::_validate(Object(OpenApi\\Annotations\\Response), Array, Array, '#/paths/6/get/r...', Object(stdClass))
#15 C:\\Users\\DELL\\Documents\\stage\\boilerplate\\vendor\\zircote\\swagger-php\\src\\Annotations\\Response.php(121): OpenApi\\Annotations\\AbstractAnnotation->validate(Array, Array, '#/paths/6/get/r...', Object(stdClass))
#16 C:\\Users\\DELL\\Documents\\stage\\boilerplate\\vendor\\zircote\\swagger-php\\src\\Annotations\\AbstractAnnotation.php(592): OpenApi\\Annotations\\Response->validate(Array, Array, '#/paths/6/get/r...', Object(stdClass))
#17 C:\\Users\\DELL\\Documents\\stage\\boilerplate\\vendor\\zircote\\swagger-php\\src\\Annotations\\AbstractAnnotation.php(598): OpenApi\\Annotations\\AbstractAnnotation::_validate(Array, Array, Array, '#/paths/6/get/r...', Object(stdClass))
#18 C:\\Users\\DELL\\Documents\\stage\\boilerplate\\vendor\\zircote\\swagger-php\\src\\Annotations\\AbstractAnnotation.php(565): OpenApi\\Annotations\\AbstractAnnotation::_validate(Object(OpenApi\\Annotations\\Get), Array, Array, '#/paths/6/get', Object(stdClass))
#19 C:\\Users\\DELL\\Documents\\stage\\boilerplate\\vendor\\zircote\\swagger-php\\src\\Annotations\\Operation.php(223): OpenApi\\Annotations\\AbstractAnnotation->validate(Array, Array, '#/paths/6/get', Object(stdClass))
#20 C:\\Users\\DELL\\Documents\\stage\\boilerplate\\vendor\\zircote\\swagger-php\\src\\Annotations\\AbstractAnnotation.php(592): OpenApi\\Annotations\\Operation->validate(Array, Array, '#/paths/6/get', Object(stdClass))
#21 C:\\Users\\DELL\\Documents\\stage\\boilerplate\\vendor\\zircote\\swagger-php\\src\\Annotations\\AbstractAnnotation.php(565): OpenApi\\Annotations\\AbstractAnnotation::_validate(Object(OpenApi\\Annotations\\PathItem), Array, Array, '#/paths/6', Object(stdClass))
#22 C:\\Users\\DELL\\Documents\\stage\\boilerplate\\vendor\\zircote\\swagger-php\\src\\Annotations\\AbstractAnnotation.php(592): OpenApi\\Annotations\\AbstractAnnotation->validate(Array, Array, '#/paths/6', Object(stdClass))
#23 C:\\Users\\DELL\\Documents\\stage\\boilerplate\\vendor\\zircote\\swagger-php\\src\\Annotations\\AbstractAnnotation.php(598): OpenApi\\Annotations\\AbstractAnnotation::_validate(Array, Array, Array, '#/paths', Object(stdClass))
#24 C:\\Users\\DELL\\Documents\\stage\\boilerplate\\vendor\\zircote\\swagger-php\\src\\Annotations\\AbstractAnnotation.php(565): OpenApi\\Annotations\\AbstractAnnotation::_validate(Object(OpenApi\\Annotations\\OpenApi), Array, Array, '#', Object(stdClass))
#25 C:\\Users\\DELL\\Documents\\stage\\boilerplate\\vendor\\zircote\\swagger-php\\src\\Annotations\\OpenApi.php(170): OpenApi\\Annotations\\AbstractAnnotation->validate(Array, Array, '#', Object(stdClass))
#26 C:\\Users\\DELL\\Documents\\stage\\boilerplate\\vendor\\zircote\\swagger-php\\src\\Analysis.php(440): OpenApi\\Annotations\\OpenApi->validate()
#27 C:\\Users\\DELL\\Documents\\stage\\boilerplate\\vendor\\zircote\\swagger-php\\src\\Generator.php(503): OpenApi\\Analysis->validate()
#28 C:\\Users\\DELL\\Documents\\stage\\boilerplate\\vendor\\darkaonline\\swagger-lume\\src\\Generator.php(32): OpenApi\\Generator->generate(Object(Symfony\\Component\\Finder\\Finder))
#29 C:\\Users\\DELL\\Documents\\stage\\boilerplate\\vendor\\darkaonline\\swagger-lume\\src\\Console\\GenerateDocsCommand.php(32): SwaggerLume\\Generator::generateDocs()
#30 C:\\Users\\DELL\\Documents\\stage\\boilerplate\\vendor\\laravel\\framework\\src\\Illuminate\\Container\\BoundMethod.php(36): SwaggerLume\\Console\\GenerateDocsCommand->handle()
#31 C:\\Users\\DELL\\Documents\\stage\\boilerplate\\vendor\\laravel\\framework\\src\\Illuminate\\Container\\Util.php(41): Illuminate\\Container\\BoundMethod::Illuminate\\Container\\{closure}()
#32 C:\\Users\\DELL\\Documents\\stage\\boilerplate\\vendor\\laravel\\framework\\src\\Illuminate\\Container\\BoundMethod.php(93): Illuminate\\Container\\Util::unwrapIfClosure(Object(Closure))
#33 C:\\Users\\DELL\\Documents\\stage\\boilerplate\\vendor\\laravel\\framework\\src\\Illuminate\\Container\\BoundMethod.php(37): Illuminate\\Container\\BoundMethod::callBoundMethod(Object(Laravel\\Lumen\\Application), Array, Object(Closure))
#34 C:\\Users\\DELL\\Documents\\stage\\boilerplate\\vendor\\laravel\\framework\\src\\Illuminate\\Container\\Container.php(661): Illuminate\\Container\\BoundMethod::call(Object(Laravel\\Lumen\\Application), Array, Array, NULL)
#35 C:\\Users\\DELL\\Documents\\stage\\boilerplate\\vendor\\laravel\\framework\\src\\Illuminate\\Console\\Command.php(183): Illuminate\\Container\\Container->call(Array)
#36 C:\\Users\\DELL\\Documents\\stage\\boilerplate\\vendor\\symfony\\console\\Command\\Command.php(291): Illuminate\\Console\\Command->execute(Object(Symfony\\Component\\Console\\Input\\ArgvInput), Object(Illuminate\\Console\\OutputStyle))
#37 C:\\Users\\DELL\\Documents\\stage\\boilerplate\\vendor\\laravel\\framework\\src\\Illuminate\\Console\\Command.php(153): Symfony\\Component\\Console\\Command\\Command->run(Object(Symfony\\Component\\Console\\Input\\ArgvInput), Object(Illuminate\\Console\\OutputStyle))
#38 C:\\Users\\DELL\\Documents\\stage\\boilerplate\\vendor\\symfony\\console\\Application.php(1014): Illuminate\\Console\\Command->run(Object(Symfony\\Component\\Console\\Input\\ArgvInput), Object(Symfony\\Component\\Console\\Output\\ConsoleOutput))
#39 C:\\Users\\DELL\\Documents\\stage\\boilerplate\\vendor\\symfony\\console\\Application.php(301): Symfony\\Component\\Console\\Application->doRunCommand(Object(SwaggerLume\\Console\\GenerateDocsCommand), Object(Symfony\\Component\\Console\\Input\\ArgvInput), Object(Symfony\\Component\\Console\\Output\\ConsoleOutput))
#40 C:\\Users\\DELL\\Documents\\stage\\boilerplate\\vendor\\symfony\\console\\Application.php(171): Symfony\\Component\\Console\\Application->doRun(Object(Symfony\\Component\\Console\\Input\\ArgvInput), Object(Symfony\\Component\\Console\\Output\\ConsoleOutput))
#41 C:\\Users\\DELL\\Documents\\stage\\boilerplate\\vendor\\laravel\\framework\\src\\Illuminate\\Console\\Application.php(102): Symfony\\Component\\Console\\Application->run(Object(Symfony\\Component\\Console\\Input\\ArgvInput), Object(Symfony\\Component\\Console\\Output\\ConsoleOutput))
#42 C:\\Users\\DELL\\Documents\\stage\\boilerplate\\vendor\\laravel\\lumen-framework\\src\\Console\\Kernel.php(116): Illuminate\\Console\\Application->run(Object(Symfony\\Component\\Console\\Input\\ArgvInput), Object(Symfony\\Component\\Console\\Output\\ConsoleOutput))
#43 C:\\Users\\DELL\\Documents\\stage\\boilerplate\\artisan(35): Laravel\\Lumen\\Console\\Kernel->handle(Object(Symfony\\Component\\Console\\Input\\ArgvInput), Object(Symfony\\Component\\Console\\Output\\ConsoleOutput))
#44 {main}
"} 
[2024-07-05 15:26:16] local.ERROR: @OA\Items() is required when @OA\JsonContent() has type "array" in \App\Http\Controllers\TagController->index() in C:\Users\DELL\Documents\stage\boilerplate\app\Http\Controllers\TagController.php on line 22 {"exception":"[object] (ErrorException(code: 0): @OA\\Items() is required when @OA\\JsonContent() has type \"array\" in \\App\\Http\\Controllers\\TagController->index() in C:\\Users\\DELL\\Documents\\stage\\boilerplate\\app\\Http\\Controllers\\TagController.php on line 22 at C:\\Users\\DELL\\Documents\\stage\\boilerplate\\vendor\\zircote\\swagger-php\\src\\Loggers\\DefaultLogger.php:31)
[stacktrace]
#0 C:\\Users\\DELL\\Documents\\stage\\boilerplate\\vendor\\laravel\\lumen-framework\\src\\Concerns\\RegistersExceptionHandlers.php(47): Laravel\\Lumen\\Application->handleError(512, '@OA\\\\Items() is ...', 'C:\\\\Users\\\\DELL\\\\D...', 31)
#1 [internal function]: Laravel\\Lumen\\Application->Laravel\\Lumen\\Concerns\\{closure}(512, '@OA\\\\Items() is ...', 'C:\\\\Users\\\\DELL\\\\D...', 31)
#2 C:\\Users\\DELL\\Documents\\stage\\boilerplate\\vendor\\zircote\\swagger-php\\src\\Loggers\\DefaultLogger.php(31): trigger_error('@OA\\\\Items() is ...', 512)
#3 C:\\Users\\DELL\\Documents\\stage\\boilerplate\\vendor\\psr\\log\\src\\LoggerTrait.php(86): OpenApi\\Loggers\\DefaultLogger->log('warning', '@OA\\\\Items() is ...', Array)
#4 C:\\Users\\DELL\\Documents\\stage\\boilerplate\\vendor\\zircote\\swagger-php\\src\\Annotations\\Schema.php(504): Psr\\Log\\AbstractLogger->warning('@OA\\\\Items() is ...')
#5 C:\\Users\\DELL\\Documents\\stage\\boilerplate\\vendor\\zircote\\swagger-php\\src\\Annotations\\AbstractAnnotation.php(592): OpenApi\\Annotations\\Schema->validate(Array, Array, '#/paths/6/get/r...', Object(stdClass))
#6 C:\\Users\\DELL\\Documents\\stage\\boilerplate\\vendor\\zircote\\swagger-php\\src\\Annotations\\AbstractAnnotation.php(565): OpenApi\\Annotations\\AbstractAnnotation::_validate(Object(OpenApi\\Annotations\\MediaType), Array, Array, '#/paths/6/get/r...', Object(stdClass))
#7 C:\\Users\\DELL\\Documents\\stage\\boilerplate\\vendor\\zircote\\swagger-php\\src\\Annotations\\AbstractAnnotation.php(592): OpenApi\\Annotations\\AbstractAnnotation->validate(Array, Array, '#/paths/6/get/r...', Object(stdClass))
#8 C:\\Users\\DELL\\Documents\\stage\\boilerplate\\vendor\\zircote\\swagger-php\\src\\Annotations\\AbstractAnnotation.php(598): OpenApi\\Annotations\\AbstractAnnotation::_validate(Array, Array, Array, '#/paths/6/get/r...', Object(stdClass))
#9 C:\\Users\\DELL\\Documents\\stage\\boilerplate\\vendor\\zircote\\swagger-php\\src\\Annotations\\AbstractAnnotation.php(565): OpenApi\\Annotations\\AbstractAnnotation::_validate(Object(OpenApi\\Annotations\\Response), Array, Array, '#/paths/6/get/r...', Object(stdClass))
#10 C:\\Users\\DELL\\Documents\\stage\\boilerplate\\vendor\\zircote\\swagger-php\\src\\Annotations\\Response.php(121): OpenApi\\Annotations\\AbstractAnnotation->validate(Array, Array, '#/paths/6/get/r...', Object(stdClass))
#11 C:\\Users\\DELL\\Documents\\stage\\boilerplate\\vendor\\zircote\\swagger-php\\src\\Annotations\\AbstractAnnotation.php(592): OpenApi\\Annotations\\Response->validate(Array, Array, '#/paths/6/get/r...', Object(stdClass))
#12 C:\\Users\\DELL\\Documents\\stage\\boilerplate\\vendor\\zircote\\swagger-php\\src\\Annotations\\AbstractAnnotation.php(598): OpenApi\\Annotations\\AbstractAnnotation::_validate(Array, Array, Array, '#/paths/6/get/r...', Object(stdClass))
#13 C:\\Users\\DELL\\Documents\\stage\\boilerplate\\vendor\\zircote\\swagger-php\\src\\Annotations\\AbstractAnnotation.php(565): OpenApi\\Annotations\\AbstractAnnotation::_validate(Object(OpenApi\\Annotations\\Get), Array, Array, '#/paths/6/get', Object(stdClass))
#14 C:\\Users\\DELL\\Documents\\stage\\boilerplate\\vendor\\zircote\\swagger-php\\src\\Annotations\\Operation.php(223): OpenApi\\Annotations\\AbstractAnnotation->validate(Array, Array, '#/paths/6/get', Object(stdClass))
#15 C:\\Users\\DELL\\Documents\\stage\\boilerplate\\vendor\\zircote\\swagger-php\\src\\Annotations\\AbstractAnnotation.php(592): OpenApi\\Annotations\\Operation->validate(Array, Array, '#/paths/6/get', Object(stdClass))
#16 C:\\Users\\DELL\\Documents\\stage\\boilerplate\\vendor\\zircote\\swagger-php\\src\\Annotations\\AbstractAnnotation.php(565): OpenApi\\Annotations\\AbstractAnnotation::_validate(Object(OpenApi\\Annotations\\PathItem), Array, Array, '#/paths/6', Object(stdClass))
#17 C:\\Users\\DELL\\Documents\\stage\\boilerplate\\vendor\\zircote\\swagger-php\\src\\Annotations\\AbstractAnnotation.php(592): OpenApi\\Annotations\\AbstractAnnotation->validate(Array, Array, '#/paths/6', Object(stdClass))
#18 C:\\Users\\DELL\\Documents\\stage\\boilerplate\\vendor\\zircote\\swagger-php\\src\\Annotations\\AbstractAnnotation.php(598): OpenApi\\Annotations\\AbstractAnnotation::_validate(Array, Array, Array, '#/paths', Object(stdClass))
#19 C:\\Users\\DELL\\Documents\\stage\\boilerplate\\vendor\\zircote\\swagger-php\\src\\Annotations\\AbstractAnnotation.php(565): OpenApi\\Annotations\\AbstractAnnotation::_validate(Object(OpenApi\\Annotations\\OpenApi), Array, Array, '#', Object(stdClass))
#20 C:\\Users\\DELL\\Documents\\stage\\boilerplate\\vendor\\zircote\\swagger-php\\src\\Annotations\\OpenApi.php(170): OpenApi\\Annotations\\AbstractAnnotation->validate(Array, Array, '#', Object(stdClass))
#21 C:\\Users\\DELL\\Documents\\stage\\boilerplate\\vendor\\zircote\\swagger-php\\src\\Analysis.php(440): OpenApi\\Annotations\\OpenApi->validate()
#22 C:\\Users\\DELL\\Documents\\stage\\boilerplate\\vendor\\zircote\\swagger-php\\src\\Generator.php(503): OpenApi\\Analysis->validate()
#23 C:\\Users\\DELL\\Documents\\stage\\boilerplate\\vendor\\darkaonline\\swagger-lume\\src\\Generator.php(32): OpenApi\\Generator->generate(Object(Symfony\\Component\\Finder\\Finder))
#24 C:\\Users\\DELL\\Documents\\stage\\boilerplate\\vendor\\darkaonline\\swagger-lume\\src\\Console\\GenerateDocsCommand.php(32): SwaggerLume\\Generator::generateDocs()
#25 C:\\Users\\DELL\\Documents\\stage\\boilerplate\\vendor\\laravel\\framework\\src\\Illuminate\\Container\\BoundMethod.php(36): SwaggerLume\\Console\\GenerateDocsCommand->handle()
#26 C:\\Users\\DELL\\Documents\\stage\\boilerplate\\vendor\\laravel\\framework\\src\\Illuminate\\Container\\Util.php(41): Illuminate\\Container\\BoundMethod::Illuminate\\Container\\{closure}()
#27 C:\\Users\\DELL\\Documents\\stage\\boilerplate\\vendor\\laravel\\framework\\src\\Illuminate\\Container\\BoundMethod.php(93): Illuminate\\Container\\Util::unwrapIfClosure(Object(Closure))
#28 C:\\Users\\DELL\\Documents\\stage\\boilerplate\\vendor\\laravel\\framework\\src\\Illuminate\\Container\\BoundMethod.php(37): Illuminate\\Container\\BoundMethod::callBoundMethod(Object(Laravel\\Lumen\\Application), Array, Object(Closure))
#29 C:\\Users\\DELL\\Documents\\stage\\boilerplate\\vendor\\laravel\\framework\\src\\Illuminate\\Container\\Container.php(661): Illuminate\\Container\\BoundMethod::call(Object(Laravel\\Lumen\\Application), Array, Array, NULL)
#30 C:\\Users\\DELL\\Documents\\stage\\boilerplate\\vendor\\laravel\\framework\\src\\Illuminate\\Console\\Command.php(183): Illuminate\\Container\\Container->call(Array)
#31 C:\\Users\\DELL\\Documents\\stage\\boilerplate\\vendor\\symfony\\console\\Command\\Command.php(291): Illuminate\\Console\\Command->execute(Object(Symfony\\Component\\Console\\Input\\ArgvInput), Object(Illuminate\\Console\\OutputStyle))
#32 C:\\Users\\DELL\\Documents\\stage\\boilerplate\\vendor\\laravel\\framework\\src\\Illuminate\\Console\\Command.php(153): Symfony\\Component\\Console\\Command\\Command->run(Object(Symfony\\Component\\Console\\Input\\ArgvInput), Object(Illuminate\\Console\\OutputStyle))
#33 C:\\Users\\DELL\\Documents\\stage\\boilerplate\\vendor\\symfony\\console\\Application.php(1014): Illuminate\\Console\\Command->run(Object(Symfony\\Component\\Console\\Input\\ArgvInput), Object(Symfony\\Component\\Console\\Output\\ConsoleOutput))
#34 C:\\Users\\DELL\\Documents\\stage\\boilerplate\\vendor\\symfony\\console\\Application.php(301): Symfony\\Component\\Console\\Application->doRunCommand(Object(SwaggerLume\\Console\\GenerateDocsCommand), Object(Symfony\\Component\\Console\\Input\\ArgvInput), Object(Symfony\\Component\\Console\\Output\\ConsoleOutput))
#35 C:\\Users\\DELL\\Documents\\stage\\boilerplate\\vendor\\symfony\\console\\Application.php(171): Symfony\\Component\\Console\\Application->doRun(Object(Symfony\\Component\\Console\\Input\\ArgvInput), Object(Symfony\\Component\\Console\\Output\\ConsoleOutput))
#36 C:\\Users\\DELL\\Documents\\stage\\boilerplate\\vendor\\laravel\\framework\\src\\Illuminate\\Console\\Application.php(102): Symfony\\Component\\Console\\Application->run(Object(Symfony\\Component\\Console\\Input\\ArgvInput), Object(Symfony\\Component\\Console\\Output\\ConsoleOutput))
#37 C:\\Users\\DELL\\Documents\\stage\\boilerplate\\vendor\\laravel\\lumen-framework\\src\\Console\\Kernel.php(116): Illuminate\\Console\\Application->run(Object(Symfony\\Component\\Console\\Input\\ArgvInput), Object(Symfony\\Component\\Console\\Output\\ConsoleOutput))
#38 C:\\Users\\DELL\\Documents\\stage\\boilerplate\\artisan(35): Laravel\\Lumen\\Console\\Kernel->handle(Object(Symfony\\Component\\Console\\Input\\ArgvInput), Object(Symfony\\Component\\Console\\Output\\ConsoleOutput))
#39 {main}
"} 
[2024-07-05 15:26:32] local.ERROR: $ref "#/components/schemas/Tag" not found for @OA\JsonContent() in \App\Http\Controllers\TagController->update() in C:\Users\DELL\Documents\stage\boilerplate\app\Http\Controllers\TagController.php on line 92 {"exception":"[object] (ErrorException(code: 0): $ref \"#/components/schemas/Tag\" not found for @OA\\JsonContent() in \\App\\Http\\Controllers\\TagController->update() in C:\\Users\\DELL\\Documents\\stage\\boilerplate\\app\\Http\\Controllers\\TagController.php on line 92 at C:\\Users\\DELL\\Documents\\stage\\boilerplate\\vendor\\zircote\\swagger-php\\src\\Loggers\\DefaultLogger.php:31)
[stacktrace]
#0 C:\\Users\\DELL\\Documents\\stage\\boilerplate\\vendor\\laravel\\lumen-framework\\src\\Concerns\\RegistersExceptionHandlers.php(47): Laravel\\Lumen\\Application->handleError(512, '$ref \"#/compone...', 'C:\\\\Users\\\\DELL\\\\D...', 31)
#1 [internal function]: Laravel\\Lumen\\Application->Laravel\\Lumen\\Concerns\\{closure}(512, '$ref \"#/compone...', 'C:\\\\Users\\\\DELL\\\\D...', 31)
#2 C:\\Users\\DELL\\Documents\\stage\\boilerplate\\vendor\\zircote\\swagger-php\\src\\Loggers\\DefaultLogger.php(31): trigger_error('$ref \"#/compone...', 512)
#3 C:\\Users\\DELL\\Documents\\stage\\boilerplate\\vendor\\psr\\log\\src\\LoggerTrait.php(86): OpenApi\\Loggers\\DefaultLogger->log('warning', '$ref \"#/compone...', Array)
#4 C:\\Users\\DELL\\Documents\\stage\\boilerplate\\vendor\\zircote\\swagger-php\\src\\Annotations\\AbstractAnnotation.php(511): Psr\\Log\\AbstractLogger->warning('$ref \"#/compone...', Array)
#5 C:\\Users\\DELL\\Documents\\stage\\boilerplate\\vendor\\zircote\\swagger-php\\src\\Annotations\\Schema.php(517): OpenApi\\Annotations\\AbstractAnnotation->validate(Array, Array, '#/paths/8/put/r...', Object(stdClass))
#6 C:\\Users\\DELL\\Documents\\stage\\boilerplate\\vendor\\zircote\\swagger-php\\src\\Annotations\\AbstractAnnotation.php(592): OpenApi\\Annotations\\Schema->validate(Array, Array, '#/paths/8/put/r...', Object(stdClass))
#7 C:\\Users\\DELL\\Documents\\stage\\boilerplate\\vendor\\zircote\\swagger-php\\src\\Annotations\\AbstractAnnotation.php(565): OpenApi\\Annotations\\AbstractAnnotation::_validate(Object(OpenApi\\Annotations\\MediaType), Array, Array, '#/paths/8/put/r...', Object(stdClass))
#8 C:\\Users\\DELL\\Documents\\stage\\boilerplate\\vendor\\zircote\\swagger-php\\src\\Annotations\\AbstractAnnotation.php(592): OpenApi\\Annotations\\AbstractAnnotation->validate(Array, Array, '#/paths/8/put/r...', Object(stdClass))
#9 C:\\Users\\DELL\\Documents\\stage\\boilerplate\\vendor\\zircote\\swagger-php\\src\\Annotations\\AbstractAnnotation.php(598): OpenApi\\Annotations\\AbstractAnnotation::_validate(Array, Array, Array, '#/paths/8/put/r...', Object(stdClass))
#10 C:\\Users\\DELL\\Documents\\stage\\boilerplate\\vendor\\zircote\\swagger-php\\src\\Annotations\\AbstractAnnotation.php(565): OpenApi\\Annotations\\AbstractAnnotation::_validate(Object(OpenApi\\Annotations\\RequestBody), Array, Array, '#/paths/8/put/r...', Object(stdClass))
#11 C:\\Users\\DELL\\Documents\\stage\\boilerplate\\vendor\\zircote\\swagger-php\\src\\Annotations\\AbstractAnnotation.php(592): OpenApi\\Annotations\\AbstractAnnotation->validate(Array, Array, '#/paths/8/put/r...', Object(stdClass))
#12 C:\\Users\\DELL\\Documents\\stage\\boilerplate\\vendor\\zircote\\swagger-php\\src\\Annotations\\AbstractAnnotation.php(565): OpenApi\\Annotations\\AbstractAnnotation::_validate(Object(OpenApi\\Annotations\\Put), Array, Array, '#/paths/8/put', Object(stdClass))
#13 C:\\Users\\DELL\\Documents\\stage\\boilerplate\\vendor\\zircote\\swagger-php\\src\\Annotations\\Operation.php(223): OpenApi\\Annotations\\AbstractAnnotation->validate(Array, Array, '#/paths/8/put', Object(stdClass))
#14 C:\\Users\\DELL\\Documents\\stage\\boilerplate\\vendor\\zircote\\swagger-php\\src\\Annotations\\AbstractAnnotation.php(592): OpenApi\\Annotations\\Operation->validate(Array, Array, '#/paths/8/put', Object(stdClass))
#15 C:\\Users\\DELL\\Documents\\stage\\boilerplate\\vendor\\zircote\\swagger-php\\src\\Annotations\\AbstractAnnotation.php(565): OpenApi\\Annotations\\AbstractAnnotation::_validate(Object(OpenApi\\Annotations\\PathItem), Array, Array, '#/paths/8', Object(stdClass))
#16 C:\\Users\\DELL\\Documents\\stage\\boilerplate\\vendor\\zircote\\swagger-php\\src\\Annotations\\AbstractAnnotation.php(592): OpenApi\\Annotations\\AbstractAnnotation->validate(Array, Array, '#/paths/8', Object(stdClass))
#17 C:\\Users\\DELL\\Documents\\stage\\boilerplate\\vendor\\zircote\\swagger-php\\src\\Annotations\\AbstractAnnotation.php(598): OpenApi\\Annotations\\AbstractAnnotation::_validate(Array, Array, Array, '#/paths', Object(stdClass))
#18 C:\\Users\\DELL\\Documents\\stage\\boilerplate\\vendor\\zircote\\swagger-php\\src\\Annotations\\AbstractAnnotation.php(565): OpenApi\\Annotations\\AbstractAnnotation::_validate(Object(OpenApi\\Annotations\\OpenApi), Array, Array, '#', Object(stdClass))
#19 C:\\Users\\DELL\\Documents\\stage\\boilerplate\\vendor\\zircote\\swagger-php\\src\\Annotations\\OpenApi.php(170): OpenApi\\Annotations\\AbstractAnnotation->validate(Array, Array, '#', Object(stdClass))
#20 C:\\Users\\DELL\\Documents\\stage\\boilerplate\\vendor\\zircote\\swagger-php\\src\\Analysis.php(440): OpenApi\\Annotations\\OpenApi->validate()
#21 C:\\Users\\DELL\\Documents\\stage\\boilerplate\\vendor\\zircote\\swagger-php\\src\\Generator.php(503): OpenApi\\Analysis->validate()
#22 C:\\Users\\DELL\\Documents\\stage\\boilerplate\\vendor\\darkaonline\\swagger-lume\\src\\Generator.php(32): OpenApi\\Generator->generate(Object(Symfony\\Component\\Finder\\Finder))
#23 C:\\Users\\DELL\\Documents\\stage\\boilerplate\\vendor\\darkaonline\\swagger-lume\\src\\Console\\GenerateDocsCommand.php(32): SwaggerLume\\Generator::generateDocs()
#24 C:\\Users\\DELL\\Documents\\stage\\boilerplate\\vendor\\laravel\\framework\\src\\Illuminate\\Container\\BoundMethod.php(36): SwaggerLume\\Console\\GenerateDocsCommand->handle()
#25 C:\\Users\\DELL\\Documents\\stage\\boilerplate\\vendor\\laravel\\framework\\src\\Illuminate\\Container\\Util.php(41): Illuminate\\Container\\BoundMethod::Illuminate\\Container\\{closure}()
#26 C:\\Users\\DELL\\Documents\\stage\\boilerplate\\vendor\\laravel\\framework\\src\\Illuminate\\Container\\BoundMethod.php(93): Illuminate\\Container\\Util::unwrapIfClosure(Object(Closure))
#27 C:\\Users\\DELL\\Documents\\stage\\boilerplate\\vendor\\laravel\\framework\\src\\Illuminate\\Container\\BoundMethod.php(37): Illuminate\\Container\\BoundMethod::callBoundMethod(Object(Laravel\\Lumen\\Application), Array, Object(Closure))
#28 C:\\Users\\DELL\\Documents\\stage\\boilerplate\\vendor\\laravel\\framework\\src\\Illuminate\\Container\\Container.php(661): Illuminate\\Container\\BoundMethod::call(Object(Laravel\\Lumen\\Application), Array, Array, NULL)
#29 C:\\Users\\DELL\\Documents\\stage\\boilerplate\\vendor\\laravel\\framework\\src\\Illuminate\\Console\\Command.php(183): Illuminate\\Container\\Container->call(Array)
#30 C:\\Users\\DELL\\Documents\\stage\\boilerplate\\vendor\\symfony\\console\\Command\\Command.php(291): Illuminate\\Console\\Command->execute(Object(Symfony\\Component\\Console\\Input\\ArgvInput), Object(Illuminate\\Console\\OutputStyle))
#31 C:\\Users\\DELL\\Documents\\stage\\boilerplate\\vendor\\laravel\\framework\\src\\Illuminate\\Console\\Command.php(153): Symfony\\Component\\Console\\Command\\Command->run(Object(Symfony\\Component\\Console\\Input\\ArgvInput), Object(Illuminate\\Console\\OutputStyle))
#32 C:\\Users\\DELL\\Documents\\stage\\boilerplate\\vendor\\symfony\\console\\Application.php(1014): Illuminate\\Console\\Command->run(Object(Symfony\\Component\\Console\\Input\\ArgvInput), Object(Symfony\\Component\\Console\\Output\\ConsoleOutput))
#33 C:\\Users\\DELL\\Documents\\stage\\boilerplate\\vendor\\symfony\\console\\Application.php(301): Symfony\\Component\\Console\\Application->doRunCommand(Object(SwaggerLume\\Console\\GenerateDocsCommand), Object(Symfony\\Component\\Console\\Input\\ArgvInput), Object(Symfony\\Component\\Console\\Output\\ConsoleOutput))
#34 C:\\Users\\DELL\\Documents\\stage\\boilerplate\\vendor\\symfony\\console\\Application.php(171): Symfony\\Component\\Console\\Application->doRun(Object(Symfony\\Component\\Console\\Input\\ArgvInput), Object(Symfony\\Component\\Console\\Output\\ConsoleOutput))
#35 C:\\Users\\DELL\\Documents\\stage\\boilerplate\\vendor\\laravel\\framework\\src\\Illuminate\\Console\\Application.php(102): Symfony\\Component\\Console\\Application->run(Object(Symfony\\Component\\Console\\Input\\ArgvInput), Object(Symfony\\Component\\Console\\Output\\ConsoleOutput))
#36 C:\\Users\\DELL\\Documents\\stage\\boilerplate\\vendor\\laravel\\lumen-framework\\src\\Console\\Kernel.php(116): Illuminate\\Console\\Application->run(Object(Symfony\\Component\\Console\\Input\\ArgvInput), Object(Symfony\\Component\\Console\\Output\\ConsoleOutput))
#37 C:\\Users\\DELL\\Documents\\stage\\boilerplate\\artisan(35): Laravel\\Lumen\\Console\\Kernel->handle(Object(Symfony\\Component\\Console\\Input\\ArgvInput), Object(Symfony\\Component\\Console\\Output\\ConsoleOutput))
#38 {main}
"} 
