[2024-07-01 10:19:44] local.ERROR: syntax error, unexpected token "<", expecting end of file {"exception":"[object] (ParseError(code: 0): syntax error, unexpected token \"<\", expecting end of file at C:\\Users\\DELL\\Documents\\stage\\boilerplate\\routes\\web.php:19)
[stacktrace]
#0 C:\\Users\\DELL\\Documents\\stage\\boilerplate\\vendor\\laravel\\lumen-framework\\src\\Routing\\Router.php(62): {closure}(Object(Laravel\\Lumen\\Routing\\Router))
#1 C:\\Users\\DELL\\Documents\\stage\\boilerplate\\bootstrap\\app.php(113): Laravel\\Lumen\\Routing\\Router->group(Array, Object(Closure))
#2 C:\\Users\\DELL\\Documents\\stage\\boilerplate\\public\\index.php(14): require('C:\\\\Users\\\\DELL\\\\D...')
#3 {main}
"} 
[2024-07-01 10:19:46] local.ERROR: syntax error, unexpected token "<", expecting end of file {"exception":"[object] (ParseError(code: 0): syntax error, unexpected token \"<\", expecting end of file at C:\\Users\\DELL\\Documents\\stage\\boilerplate\\routes\\web.php:19)
[stacktrace]
#0 C:\\Users\\DELL\\Documents\\stage\\boilerplate\\vendor\\laravel\\lumen-framework\\src\\Routing\\Router.php(62): {closure}(Object(Laravel\\Lumen\\Routing\\Router))
#1 C:\\Users\\DELL\\Documents\\stage\\boilerplate\\bootstrap\\app.php(113): Laravel\\Lumen\\Routing\\Router->group(Array, Object(Closure))
#2 C:\\Users\\DELL\\Documents\\stage\\boilerplate\\public\\index.php(14): require('C:\\\\Users\\\\DELL\\\\D...')
#3 {main}
"} 
[2024-07-01 10:19:52] local.ERROR: syntax error, unexpected token "<", expecting end of file {"exception":"[object] (ParseError(code: 0): syntax error, unexpected token \"<\", expecting end of file at C:\\Users\\DELL\\Documents\\stage\\boilerplate\\routes\\web.php:19)
[stacktrace]
#0 C:\\Users\\DELL\\Documents\\stage\\boilerplate\\vendor\\laravel\\lumen-framework\\src\\Routing\\Router.php(62): {closure}(Object(Laravel\\Lumen\\Routing\\Router))
#1 C:\\Users\\DELL\\Documents\\stage\\boilerplate\\bootstrap\\app.php(113): Laravel\\Lumen\\Routing\\Router->group(Array, Object(Closure))
#2 C:\\Users\\DELL\\Documents\\stage\\boilerplate\\public\\index.php(14): require('C:\\\\Users\\\\DELL\\\\D...')
#3 {main}
"} 
[2024-07-01 10:21:13] local.ERROR: Class "DB" not found {"exception":"[object] (Error(code: 0): Class \"DB\" not found at C:\\Users\\DELL\\Documents\\stage\\boilerplate\\routes\\web.php:22)
[stacktrace]
#0 C:\\Users\\DELL\\Documents\\stage\\boilerplate\\vendor\\illuminate\\container\\BoundMethod.php(36): Closure->{closure}()
#1 C:\\Users\\DELL\\Documents\\stage\\boilerplate\\vendor\\illuminate\\container\\Util.php(41): Illuminate\\Container\\BoundMethod::Illuminate\\Container\\{closure}()
#2 C:\\Users\\DELL\\Documents\\stage\\boilerplate\\vendor\\illuminate\\container\\BoundMethod.php(81): Illuminate\\Container\\Util::unwrapIfClosure(Object(Closure))
#3 C:\\Users\\DELL\\Documents\\stage\\boilerplate\\vendor\\illuminate\\container\\BoundMethod.php(37): Illuminate\\Container\\BoundMethod::callBoundMethod(Object(Laravel\\Lumen\\Application), Object(Closure), Object(Closure))
#4 C:\\Users\\DELL\\Documents\\stage\\boilerplate\\vendor\\illuminate\\container\\Container.php(661): Illuminate\\Container\\BoundMethod::call(Object(Laravel\\Lumen\\Application), Object(Closure), Array, NULL)
#5 C:\\Users\\DELL\\Documents\\stage\\boilerplate\\vendor\\laravel\\lumen-framework\\src\\Concerns\\RoutesRequests.php(304): Illuminate\\Container\\Container->call(Object(Closure), Array)
#6 C:\\Users\\DELL\\Documents\\stage\\boilerplate\\vendor\\laravel\\lumen-framework\\src\\Concerns\\RoutesRequests.php(269): Laravel\\Lumen\\Application->callActionOnArrayBasedRoute(Array)
#7 C:\\Users\\DELL\\Documents\\stage\\boilerplate\\vendor\\laravel\\lumen-framework\\src\\Concerns\\RoutesRequests.php(171): Laravel\\Lumen\\Application->handleFoundRoute(Array)
#8 C:\\Users\\DELL\\Documents\\stage\\boilerplate\\vendor\\laravel\\lumen-framework\\src\\Concerns\\RoutesRequests.php(431): Laravel\\Lumen\\Application->Laravel\\Lumen\\Concerns\\{closure}(Object(Laravel\\Lumen\\Http\\Request))
#9 C:\\Users\\DELL\\Documents\\stage\\boilerplate\\vendor\\laravel\\lumen-framework\\src\\Concerns\\RoutesRequests.php(177): Laravel\\Lumen\\Application->sendThroughPipeline(Array, Object(Closure))
#10 C:\\Users\\DELL\\Documents\\stage\\boilerplate\\vendor\\laravel\\lumen-framework\\src\\Concerns\\RoutesRequests.php(112): Laravel\\Lumen\\Application->dispatch(NULL)
#11 C:\\Users\\DELL\\Documents\\stage\\boilerplate\\public\\index.php(28): Laravel\\Lumen\\Application->run()
#12 {main}
"} 
[2024-07-01 10:21:23] local.ERROR: Class "DB" not found {"exception":"[object] (Error(code: 0): Class \"DB\" not found at C:\\Users\\DELL\\Documents\\stage\\boilerplate\\routes\\web.php:22)
[stacktrace]
#0 C:\\Users\\DELL\\Documents\\stage\\boilerplate\\vendor\\illuminate\\container\\BoundMethod.php(36): Closure->{closure}()
#1 C:\\Users\\DELL\\Documents\\stage\\boilerplate\\vendor\\illuminate\\container\\Util.php(41): Illuminate\\Container\\BoundMethod::Illuminate\\Container\\{closure}()
#2 C:\\Users\\DELL\\Documents\\stage\\boilerplate\\vendor\\illuminate\\container\\BoundMethod.php(81): Illuminate\\Container\\Util::unwrapIfClosure(Object(Closure))
#3 C:\\Users\\DELL\\Documents\\stage\\boilerplate\\vendor\\illuminate\\container\\BoundMethod.php(37): Illuminate\\Container\\BoundMethod::callBoundMethod(Object(Laravel\\Lumen\\Application), Object(Closure), Object(Closure))
#4 C:\\Users\\DELL\\Documents\\stage\\boilerplate\\vendor\\illuminate\\container\\Container.php(661): Illuminate\\Container\\BoundMethod::call(Object(Laravel\\Lumen\\Application), Object(Closure), Array, NULL)
#5 C:\\Users\\DELL\\Documents\\stage\\boilerplate\\vendor\\laravel\\lumen-framework\\src\\Concerns\\RoutesRequests.php(304): Illuminate\\Container\\Container->call(Object(Closure), Array)
#6 C:\\Users\\DELL\\Documents\\stage\\boilerplate\\vendor\\laravel\\lumen-framework\\src\\Concerns\\RoutesRequests.php(269): Laravel\\Lumen\\Application->callActionOnArrayBasedRoute(Array)
#7 C:\\Users\\DELL\\Documents\\stage\\boilerplate\\vendor\\laravel\\lumen-framework\\src\\Concerns\\RoutesRequests.php(171): Laravel\\Lumen\\Application->handleFoundRoute(Array)
#8 C:\\Users\\DELL\\Documents\\stage\\boilerplate\\vendor\\laravel\\lumen-framework\\src\\Concerns\\RoutesRequests.php(431): Laravel\\Lumen\\Application->Laravel\\Lumen\\Concerns\\{closure}(Object(Laravel\\Lumen\\Http\\Request))
#9 C:\\Users\\DELL\\Documents\\stage\\boilerplate\\vendor\\laravel\\lumen-framework\\src\\Concerns\\RoutesRequests.php(177): Laravel\\Lumen\\Application->sendThroughPipeline(Array, Object(Closure))
#10 C:\\Users\\DELL\\Documents\\stage\\boilerplate\\vendor\\laravel\\lumen-framework\\src\\Concerns\\RoutesRequests.php(112): Laravel\\Lumen\\Application->dispatch(NULL)
#11 C:\\Users\\DELL\\Documents\\stage\\boilerplate\\public\\index.php(28): Laravel\\Lumen\\Application->run()
#12 {main}
"} 
[2024-07-01 15:10:37] local.ERROR: There are no commands defined in the "vendor" namespace. {"exception":"[object] (Symfony\\Component\\Console\\Exception\\NamespaceNotFoundException(code: 0): There are no commands defined in the \"vendor\" namespace. at C:\\Users\\DELL\\Documents\\stage\\boilerplate\\vendor\\symfony\\console\\Application.php:624)
[stacktrace]
#0 C:\\Users\\DELL\\Documents\\stage\\boilerplate\\vendor\\symfony\\console\\Application.php(675): Symfony\\Component\\Console\\Application->findNamespace('vendor')
#1 C:\\Users\\DELL\\Documents\\stage\\boilerplate\\vendor\\symfony\\console\\Application.php(259): Symfony\\Component\\Console\\Application->find('vendor:publish')
#2 C:\\Users\\DELL\\Documents\\stage\\boilerplate\\vendor\\symfony\\console\\Application.php(171): Symfony\\Component\\Console\\Application->doRun(Object(Symfony\\Component\\Console\\Input\\ArgvInput), Object(Symfony\\Component\\Console\\Output\\ConsoleOutput))
#3 C:\\Users\\DELL\\Documents\\stage\\boilerplate\\vendor\\laravel\\framework\\src\\Illuminate\\Console\\Application.php(102): Symfony\\Component\\Console\\Application->run(Object(Symfony\\Component\\Console\\Input\\ArgvInput), Object(Symfony\\Component\\Console\\Output\\ConsoleOutput))
#4 C:\\Users\\DELL\\Documents\\stage\\boilerplate\\vendor\\laravel\\lumen-framework\\src\\Console\\Kernel.php(116): Illuminate\\Console\\Application->run(Object(Symfony\\Component\\Console\\Input\\ArgvInput), Object(Symfony\\Component\\Console\\Output\\ConsoleOutput))
#5 C:\\Users\\DELL\\Documents\\stage\\boilerplate\\artisan(35): Laravel\\Lumen\\Console\\Kernel->handle(Object(Symfony\\Component\\Console\\Input\\ArgvInput), Object(Symfony\\Component\\Console\\Output\\ConsoleOutput))
#6 {main}
"} 
[2024-07-01 15:11:11] local.ERROR: There are no commands defined in the "vendor" namespace. {"exception":"[object] (Symfony\\Component\\Console\\Exception\\NamespaceNotFoundException(code: 0): There are no commands defined in the \"vendor\" namespace. at C:\\Users\\DELL\\Documents\\stage\\boilerplate\\vendor\\symfony\\console\\Application.php:624)
[stacktrace]
#0 C:\\Users\\DELL\\Documents\\stage\\boilerplate\\vendor\\symfony\\console\\Application.php(675): Symfony\\Component\\Console\\Application->findNamespace('vendor')
#1 C:\\Users\\DELL\\Documents\\stage\\boilerplate\\vendor\\symfony\\console\\Application.php(259): Symfony\\Component\\Console\\Application->find('vendor:publish')
#2 C:\\Users\\DELL\\Documents\\stage\\boilerplate\\vendor\\symfony\\console\\Application.php(171): Symfony\\Component\\Console\\Application->doRun(Object(Symfony\\Component\\Console\\Input\\ArgvInput), Object(Symfony\\Component\\Console\\Output\\ConsoleOutput))
#3 C:\\Users\\DELL\\Documents\\stage\\boilerplate\\vendor\\laravel\\framework\\src\\Illuminate\\Console\\Application.php(102): Symfony\\Component\\Console\\Application->run(Object(Symfony\\Component\\Console\\Input\\ArgvInput), Object(Symfony\\Component\\Console\\Output\\ConsoleOutput))
#4 C:\\Users\\DELL\\Documents\\stage\\boilerplate\\vendor\\laravel\\lumen-framework\\src\\Console\\Kernel.php(116): Illuminate\\Console\\Application->run(Object(Symfony\\Component\\Console\\Input\\ArgvInput), Object(Symfony\\Component\\Console\\Output\\ConsoleOutput))
#5 C:\\Users\\DELL\\Documents\\stage\\boilerplate\\artisan(35): Laravel\\Lumen\\Console\\Kernel->handle(Object(Symfony\\Component\\Console\\Input\\ArgvInput), Object(Symfony\\Component\\Console\\Output\\ConsoleOutput))
#6 {main}
"} 
[2024-07-01 15:17:49] local.ERROR: There are no commands defined in the "swagger-lume" namespace. {"exception":"[object] (Symfony\\Component\\Console\\Exception\\NamespaceNotFoundException(code: 0): There are no commands defined in the \"swagger-lume\" namespace. at C:\\Users\\DELL\\Documents\\stage\\boilerplate\\vendor\\symfony\\console\\Application.php:624)
[stacktrace]
#0 C:\\Users\\DELL\\Documents\\stage\\boilerplate\\vendor\\symfony\\console\\Application.php(675): Symfony\\Component\\Console\\Application->findNamespace('swagger-lume')
#1 C:\\Users\\DELL\\Documents\\stage\\boilerplate\\vendor\\symfony\\console\\Application.php(259): Symfony\\Component\\Console\\Application->find('swagger-lume:pu...')
#2 C:\\Users\\DELL\\Documents\\stage\\boilerplate\\vendor\\symfony\\console\\Application.php(171): Symfony\\Component\\Console\\Application->doRun(Object(Symfony\\Component\\Console\\Input\\ArgvInput), Object(Symfony\\Component\\Console\\Output\\ConsoleOutput))
#3 C:\\Users\\DELL\\Documents\\stage\\boilerplate\\vendor\\laravel\\framework\\src\\Illuminate\\Console\\Application.php(102): Symfony\\Component\\Console\\Application->run(Object(Symfony\\Component\\Console\\Input\\ArgvInput), Object(Symfony\\Component\\Console\\Output\\ConsoleOutput))
#4 C:\\Users\\DELL\\Documents\\stage\\boilerplate\\vendor\\laravel\\lumen-framework\\src\\Console\\Kernel.php(116): Illuminate\\Console\\Application->run(Object(Symfony\\Component\\Console\\Input\\ArgvInput), Object(Symfony\\Component\\Console\\Output\\ConsoleOutput))
#5 C:\\Users\\DELL\\Documents\\stage\\boilerplate\\artisan(35): Laravel\\Lumen\\Console\\Kernel->handle(Object(Symfony\\Component\\Console\\Input\\ArgvInput), Object(Symfony\\Component\\Console\\Output\\ConsoleOutput))
#6 {main}
"} 
[2024-07-01 15:18:14] local.ERROR: There are no commands defined in the "swagger-lume" namespace. {"exception":"[object] (Symfony\\Component\\Console\\Exception\\NamespaceNotFoundException(code: 0): There are no commands defined in the \"swagger-lume\" namespace. at C:\\Users\\DELL\\Documents\\stage\\boilerplate\\vendor\\symfony\\console\\Application.php:624)
[stacktrace]
#0 C:\\Users\\DELL\\Documents\\stage\\boilerplate\\vendor\\symfony\\console\\Application.php(675): Symfony\\Component\\Console\\Application->findNamespace('swagger-lume')
#1 C:\\Users\\DELL\\Documents\\stage\\boilerplate\\vendor\\symfony\\console\\Application.php(259): Symfony\\Component\\Console\\Application->find('swagger-lume:pu...')
#2 C:\\Users\\DELL\\Documents\\stage\\boilerplate\\vendor\\symfony\\console\\Application.php(171): Symfony\\Component\\Console\\Application->doRun(Object(Symfony\\Component\\Console\\Input\\ArgvInput), Object(Symfony\\Component\\Console\\Output\\ConsoleOutput))
#3 C:\\Users\\DELL\\Documents\\stage\\boilerplate\\vendor\\laravel\\framework\\src\\Illuminate\\Console\\Application.php(102): Symfony\\Component\\Console\\Application->run(Object(Symfony\\Component\\Console\\Input\\ArgvInput), Object(Symfony\\Component\\Console\\Output\\ConsoleOutput))
#4 C:\\Users\\DELL\\Documents\\stage\\boilerplate\\vendor\\laravel\\lumen-framework\\src\\Console\\Kernel.php(116): Illuminate\\Console\\Application->run(Object(Symfony\\Component\\Console\\Input\\ArgvInput), Object(Symfony\\Component\\Console\\Output\\ConsoleOutput))
#5 C:\\Users\\DELL\\Documents\\stage\\boilerplate\\artisan(35): Laravel\\Lumen\\Console\\Kernel->handle(Object(Symfony\\Component\\Console\\Input\\ArgvInput), Object(Symfony\\Component\\Console\\Output\\ConsoleOutput))
#6 {main}
"} 
[2024-07-01 15:21:58] local.ERROR: There are no commands defined in the "vendor" namespace. {"exception":"[object] (Symfony\\Component\\Console\\Exception\\NamespaceNotFoundException(code: 0): There are no commands defined in the \"vendor\" namespace. at C:\\Users\\DELL\\Documents\\stage\\boilerplate\\vendor\\symfony\\console\\Application.php:624)
[stacktrace]
#0 C:\\Users\\DELL\\Documents\\stage\\boilerplate\\vendor\\symfony\\console\\Application.php(675): Symfony\\Component\\Console\\Application->findNamespace('vendor')
#1 C:\\Users\\DELL\\Documents\\stage\\boilerplate\\vendor\\symfony\\console\\Application.php(259): Symfony\\Component\\Console\\Application->find('vendor:publish')
#2 C:\\Users\\DELL\\Documents\\stage\\boilerplate\\vendor\\symfony\\console\\Application.php(171): Symfony\\Component\\Console\\Application->doRun(Object(Symfony\\Component\\Console\\Input\\ArgvInput), Object(Symfony\\Component\\Console\\Output\\ConsoleOutput))
#3 C:\\Users\\DELL\\Documents\\stage\\boilerplate\\vendor\\laravel\\framework\\src\\Illuminate\\Console\\Application.php(102): Symfony\\Component\\Console\\Application->run(Object(Symfony\\Component\\Console\\Input\\ArgvInput), Object(Symfony\\Component\\Console\\Output\\ConsoleOutput))
#4 C:\\Users\\DELL\\Documents\\stage\\boilerplate\\vendor\\laravel\\lumen-framework\\src\\Console\\Kernel.php(116): Illuminate\\Console\\Application->run(Object(Symfony\\Component\\Console\\Input\\ArgvInput), Object(Symfony\\Component\\Console\\Output\\ConsoleOutput))
#5 C:\\Users\\DELL\\Documents\\stage\\boilerplate\\artisan(35): Laravel\\Lumen\\Console\\Kernel->handle(Object(Symfony\\Component\\Console\\Input\\ArgvInput), Object(Symfony\\Component\\Console\\Output\\ConsoleOutput))
#6 {main}
"} 
[2024-07-01 15:24:00] local.ERROR: There are no commands defined in the "swagger-lume" namespace. {"exception":"[object] (Symfony\\Component\\Console\\Exception\\NamespaceNotFoundException(code: 0): There are no commands defined in the \"swagger-lume\" namespace. at C:\\Users\\DELL\\Documents\\stage\\boilerplate\\vendor\\symfony\\console\\Application.php:624)
[stacktrace]
#0 C:\\Users\\DELL\\Documents\\stage\\boilerplate\\vendor\\symfony\\console\\Application.php(675): Symfony\\Component\\Console\\Application->findNamespace('swagger-lume')
#1 C:\\Users\\DELL\\Documents\\stage\\boilerplate\\vendor\\symfony\\console\\Application.php(259): Symfony\\Component\\Console\\Application->find('swagger-lume:pu...')
#2 C:\\Users\\DELL\\Documents\\stage\\boilerplate\\vendor\\symfony\\console\\Application.php(171): Symfony\\Component\\Console\\Application->doRun(Object(Symfony\\Component\\Console\\Input\\ArgvInput), Object(Symfony\\Component\\Console\\Output\\ConsoleOutput))
#3 C:\\Users\\DELL\\Documents\\stage\\boilerplate\\vendor\\laravel\\framework\\src\\Illuminate\\Console\\Application.php(102): Symfony\\Component\\Console\\Application->run(Object(Symfony\\Component\\Console\\Input\\ArgvInput), Object(Symfony\\Component\\Console\\Output\\ConsoleOutput))
#4 C:\\Users\\DELL\\Documents\\stage\\boilerplate\\vendor\\laravel\\lumen-framework\\src\\Console\\Kernel.php(116): Illuminate\\Console\\Application->run(Object(Symfony\\Component\\Console\\Input\\ArgvInput), Object(Symfony\\Component\\Console\\Output\\ConsoleOutput))
#5 C:\\Users\\DELL\\Documents\\stage\\boilerplate\\artisan(35): Laravel\\Lumen\\Console\\Kernel->handle(Object(Symfony\\Component\\Console\\Input\\ArgvInput), Object(Symfony\\Component\\Console\\Output\\ConsoleOutput))
#6 {main}
"} 
[2024-07-01 15:26:03] local.ERROR: There are no commands defined in the "vendor" namespace. {"exception":"[object] (Symfony\\Component\\Console\\Exception\\NamespaceNotFoundException(code: 0): There are no commands defined in the \"vendor\" namespace. at C:\\Users\\DELL\\Documents\\stage\\boilerplate\\vendor\\symfony\\console\\Application.php:624)
[stacktrace]
#0 C:\\Users\\DELL\\Documents\\stage\\boilerplate\\vendor\\symfony\\console\\Application.php(675): Symfony\\Component\\Console\\Application->findNamespace('vendor')
#1 C:\\Users\\DELL\\Documents\\stage\\boilerplate\\vendor\\symfony\\console\\Application.php(259): Symfony\\Component\\Console\\Application->find('vendor:publish')
#2 C:\\Users\\DELL\\Documents\\stage\\boilerplate\\vendor\\symfony\\console\\Application.php(171): Symfony\\Component\\Console\\Application->doRun(Object(Symfony\\Component\\Console\\Input\\ArgvInput), Object(Symfony\\Component\\Console\\Output\\ConsoleOutput))
#3 C:\\Users\\DELL\\Documents\\stage\\boilerplate\\vendor\\laravel\\framework\\src\\Illuminate\\Console\\Application.php(102): Symfony\\Component\\Console\\Application->run(Object(Symfony\\Component\\Console\\Input\\ArgvInput), Object(Symfony\\Component\\Console\\Output\\ConsoleOutput))
#4 C:\\Users\\DELL\\Documents\\stage\\boilerplate\\vendor\\laravel\\lumen-framework\\src\\Console\\Kernel.php(116): Illuminate\\Console\\Application->run(Object(Symfony\\Component\\Console\\Input\\ArgvInput), Object(Symfony\\Component\\Console\\Output\\ConsoleOutput))
#5 C:\\Users\\DELL\\Documents\\stage\\boilerplate\\artisan(35): Laravel\\Lumen\\Console\\Kernel->handle(Object(Symfony\\Component\\Console\\Input\\ArgvInput), Object(Symfony\\Component\\Console\\Output\\ConsoleOutput))
#6 {main}
"} 
[2024-07-01 15:39:07] local.ERROR: There are no commands defined in the "vendor" namespace. {"exception":"[object] (Symfony\\Component\\Console\\Exception\\NamespaceNotFoundException(code: 0): There are no commands defined in the \"vendor\" namespace. at C:\\Users\\DELL\\Documents\\stage\\boilerplate\\vendor\\symfony\\console\\Application.php:624)
[stacktrace]
#0 C:\\Users\\DELL\\Documents\\stage\\boilerplate\\vendor\\symfony\\console\\Application.php(675): Symfony\\Component\\Console\\Application->findNamespace('vendor')
#1 C:\\Users\\DELL\\Documents\\stage\\boilerplate\\vendor\\symfony\\console\\Application.php(259): Symfony\\Component\\Console\\Application->find('vendor:publish')
#2 C:\\Users\\DELL\\Documents\\stage\\boilerplate\\vendor\\symfony\\console\\Application.php(171): Symfony\\Component\\Console\\Application->doRun(Object(Symfony\\Component\\Console\\Input\\ArgvInput), Object(Symfony\\Component\\Console\\Output\\ConsoleOutput))
#3 C:\\Users\\DELL\\Documents\\stage\\boilerplate\\vendor\\laravel\\framework\\src\\Illuminate\\Console\\Application.php(102): Symfony\\Component\\Console\\Application->run(Object(Symfony\\Component\\Console\\Input\\ArgvInput), Object(Symfony\\Component\\Console\\Output\\ConsoleOutput))
#4 C:\\Users\\DELL\\Documents\\stage\\boilerplate\\vendor\\laravel\\lumen-framework\\src\\Console\\Kernel.php(116): Illuminate\\Console\\Application->run(Object(Symfony\\Component\\Console\\Input\\ArgvInput), Object(Symfony\\Component\\Console\\Output\\ConsoleOutput))
#5 C:\\Users\\DELL\\Documents\\stage\\boilerplate\\artisan(35): Laravel\\Lumen\\Console\\Kernel->handle(Object(Symfony\\Component\\Console\\Input\\ArgvInput), Object(Symfony\\Component\\Console\\Output\\ConsoleOutput))
#6 {main}
"} 
[2024-07-01 15:41:26] local.ERROR: Illuminate\Support\ServiceProvider::{closure}(): Argument #1 ($router) must be of type Illuminate\Routing\Router, Laravel\Lumen\Routing\Router given, called in C:\Users\DELL\Documents\stage\boilerplate\vendor\laravel\lumen-framework\src\Routing\Router.php on line 62 {"exception":"[object] (TypeError(code: 0): Illuminate\\Support\\ServiceProvider::{closure}(): Argument #1 ($router) must be of type Illuminate\\Routing\\Router, Laravel\\Lumen\\Routing\\Router given, called in C:\\Users\\DELL\\Documents\\stage\\boilerplate\\vendor\\laravel\\lumen-framework\\src\\Routing\\Router.php on line 62 at C:\\Users\\DELL\\Documents\\stage\\boilerplate\\vendor\\darkaonline\\l5-swagger\\src\\routes.php:8)
[stacktrace]
#0 C:\\Users\\DELL\\Documents\\stage\\boilerplate\\vendor\\laravel\\lumen-framework\\src\\Routing\\Router.php(62): Illuminate\\Support\\ServiceProvider->{closure}(Object(Laravel\\Lumen\\Routing\\Router))
#1 C:\\Users\\DELL\\Documents\\stage\\boilerplate\\vendor\\laravel\\framework\\src\\Illuminate\\Support\\Facades\\Facade.php(338): Laravel\\Lumen\\Routing\\Router->group(Array, Object(Closure))
#2 C:\\Users\\DELL\\Documents\\stage\\boilerplate\\vendor\\darkaonline\\l5-swagger\\src\\routes.php(65): Illuminate\\Support\\Facades\\Facade::__callStatic('group', Array)
#3 C:\\Users\\DELL\\Documents\\stage\\boilerplate\\vendor\\laravel\\framework\\src\\Illuminate\\Support\\ServiceProvider.php(152): require('C:\\\\Users\\\\DELL\\\\D...')
#4 C:\\Users\\DELL\\Documents\\stage\\boilerplate\\vendor\\darkaonline\\l5-swagger\\src\\L5SwaggerServiceProvider.php(32): Illuminate\\Support\\ServiceProvider->loadRoutesFrom('C:\\\\Users\\\\DELL\\\\D...')
#5 C:\\Users\\DELL\\Documents\\stage\\boilerplate\\vendor\\laravel\\framework\\src\\Illuminate\\Container\\BoundMethod.php(36): L5Swagger\\L5SwaggerServiceProvider->boot()
#6 C:\\Users\\DELL\\Documents\\stage\\boilerplate\\vendor\\laravel\\framework\\src\\Illuminate\\Container\\Util.php(41): Illuminate\\Container\\BoundMethod::Illuminate\\Container\\{closure}()
#7 C:\\Users\\DELL\\Documents\\stage\\boilerplate\\vendor\\laravel\\framework\\src\\Illuminate\\Container\\BoundMethod.php(93): Illuminate\\Container\\Util::unwrapIfClosure(Object(Closure))
#8 C:\\Users\\DELL\\Documents\\stage\\boilerplate\\vendor\\laravel\\framework\\src\\Illuminate\\Container\\BoundMethod.php(37): Illuminate\\Container\\BoundMethod::callBoundMethod(Object(Laravel\\Lumen\\Application), Array, Object(Closure))
#9 C:\\Users\\DELL\\Documents\\stage\\boilerplate\\vendor\\laravel\\framework\\src\\Illuminate\\Container\\Container.php(661): Illuminate\\Container\\BoundMethod::call(Object(Laravel\\Lumen\\Application), Array, Array, NULL)
#10 C:\\Users\\DELL\\Documents\\stage\\boilerplate\\vendor\\laravel\\lumen-framework\\src\\Application.php(304): Illuminate\\Container\\Container->call(Array)
#11 C:\\Users\\DELL\\Documents\\stage\\boilerplate\\vendor\\laravel\\lumen-framework\\src\\Application.php(289): Laravel\\Lumen\\Application->bootProvider(Object(L5Swagger\\L5SwaggerServiceProvider))
#12 C:\\Users\\DELL\\Documents\\stage\\boilerplate\\vendor\\laravel\\lumen-framework\\src\\Console\\Kernel.php(114): Laravel\\Lumen\\Application->boot()
#13 C:\\Users\\DELL\\Documents\\stage\\boilerplate\\artisan(35): Laravel\\Lumen\\Console\\Kernel->handle(Object(Symfony\\Component\\Console\\Input\\ArgvInput), Object(Symfony\\Component\\Console\\Output\\ConsoleOutput))
#14 {main}
"} 
[2024-07-01 15:42:55] local.ERROR: Illuminate\Support\ServiceProvider::{closure}(): Argument #1 ($router) must be of type Illuminate\Routing\Router, Laravel\Lumen\Routing\Router given, called in C:\Users\DELL\Documents\stage\boilerplate\vendor\laravel\lumen-framework\src\Routing\Router.php on line 62 {"exception":"[object] (TypeError(code: 0): Illuminate\\Support\\ServiceProvider::{closure}(): Argument #1 ($router) must be of type Illuminate\\Routing\\Router, Laravel\\Lumen\\Routing\\Router given, called in C:\\Users\\DELL\\Documents\\stage\\boilerplate\\vendor\\laravel\\lumen-framework\\src\\Routing\\Router.php on line 62 at C:\\Users\\DELL\\Documents\\stage\\boilerplate\\vendor\\darkaonline\\l5-swagger\\src\\routes.php:8)
[stacktrace]
#0 C:\\Users\\DELL\\Documents\\stage\\boilerplate\\vendor\\laravel\\lumen-framework\\src\\Routing\\Router.php(62): Illuminate\\Support\\ServiceProvider->{closure}(Object(Laravel\\Lumen\\Routing\\Router))
#1 C:\\Users\\DELL\\Documents\\stage\\boilerplate\\vendor\\laravel\\framework\\src\\Illuminate\\Support\\Facades\\Facade.php(338): Laravel\\Lumen\\Routing\\Router->group(Array, Object(Closure))
#2 C:\\Users\\DELL\\Documents\\stage\\boilerplate\\vendor\\darkaonline\\l5-swagger\\src\\routes.php(65): Illuminate\\Support\\Facades\\Facade::__callStatic('group', Array)
#3 C:\\Users\\DELL\\Documents\\stage\\boilerplate\\vendor\\laravel\\framework\\src\\Illuminate\\Support\\ServiceProvider.php(152): require('C:\\\\Users\\\\DELL\\\\D...')
#4 C:\\Users\\DELL\\Documents\\stage\\boilerplate\\vendor\\darkaonline\\l5-swagger\\src\\L5SwaggerServiceProvider.php(32): Illuminate\\Support\\ServiceProvider->loadRoutesFrom('C:\\\\Users\\\\DELL\\\\D...')
#5 C:\\Users\\DELL\\Documents\\stage\\boilerplate\\vendor\\laravel\\framework\\src\\Illuminate\\Container\\BoundMethod.php(36): L5Swagger\\L5SwaggerServiceProvider->boot()
#6 C:\\Users\\DELL\\Documents\\stage\\boilerplate\\vendor\\laravel\\framework\\src\\Illuminate\\Container\\Util.php(41): Illuminate\\Container\\BoundMethod::Illuminate\\Container\\{closure}()
#7 C:\\Users\\DELL\\Documents\\stage\\boilerplate\\vendor\\laravel\\framework\\src\\Illuminate\\Container\\BoundMethod.php(93): Illuminate\\Container\\Util::unwrapIfClosure(Object(Closure))
#8 C:\\Users\\DELL\\Documents\\stage\\boilerplate\\vendor\\laravel\\framework\\src\\Illuminate\\Container\\BoundMethod.php(37): Illuminate\\Container\\BoundMethod::callBoundMethod(Object(Laravel\\Lumen\\Application), Array, Object(Closure))
#9 C:\\Users\\DELL\\Documents\\stage\\boilerplate\\vendor\\laravel\\framework\\src\\Illuminate\\Container\\Container.php(661): Illuminate\\Container\\BoundMethod::call(Object(Laravel\\Lumen\\Application), Array, Array, NULL)
#10 C:\\Users\\DELL\\Documents\\stage\\boilerplate\\vendor\\laravel\\lumen-framework\\src\\Application.php(304): Illuminate\\Container\\Container->call(Array)
#11 C:\\Users\\DELL\\Documents\\stage\\boilerplate\\vendor\\laravel\\lumen-framework\\src\\Application.php(289): Laravel\\Lumen\\Application->bootProvider(Object(L5Swagger\\L5SwaggerServiceProvider))
#12 C:\\Users\\DELL\\Documents\\stage\\boilerplate\\vendor\\laravel\\lumen-framework\\src\\Console\\Kernel.php(114): Laravel\\Lumen\\Application->boot()
#13 C:\\Users\\DELL\\Documents\\stage\\boilerplate\\artisan(35): Laravel\\Lumen\\Console\\Kernel->handle(Object(Symfony\\Component\\Console\\Input\\ArgvInput), Object(Symfony\\Component\\Console\\Output\\ConsoleOutput))
#14 {main}
"} 
[2024-07-01 15:46:42] local.ERROR: Class "L5Swagger\L5SwaggerServiceProvider" not found {"exception":"[object] (Error(code: 0): Class \"L5Swagger\\L5SwaggerServiceProvider\" not found at C:\\Users\\DELL\\Documents\\stage\\boilerplate\\vendor\\laravel\\lumen-framework\\src\\Application.php:250)
[stacktrace]
#0 C:\\Users\\DELL\\Documents\\stage\\boilerplate\\bootstrap\\app.php(41): Laravel\\Lumen\\Application->register('L5Swagger\\\\L5Swa...')
#1 C:\\Users\\DELL\\Documents\\stage\\boilerplate\\artisan(18): require('C:\\\\Users\\\\DELL\\\\D...')
#2 {main}
"} 
[2024-07-01 15:46:45] local.ERROR: Class "L5Swagger\L5SwaggerServiceProvider" not found {"exception":"[object] (Error(code: 0): Class \"L5Swagger\\L5SwaggerServiceProvider\" not found at C:\\Users\\DELL\\Documents\\stage\\boilerplate\\vendor\\laravel\\lumen-framework\\src\\Application.php:250)
[stacktrace]
#0 C:\\Users\\DELL\\Documents\\stage\\boilerplate\\bootstrap\\app.php(41): Laravel\\Lumen\\Application->register('L5Swagger\\\\L5Swa...')
#1 C:\\Users\\DELL\\Documents\\stage\\boilerplate\\artisan(18): require('C:\\\\Users\\\\DELL\\\\D...')
#2 {main}
"} 
[2024-07-01 15:46:48] local.ERROR: Class "L5Swagger\L5SwaggerServiceProvider" not found {"exception":"[object] (Error(code: 0): Class \"L5Swagger\\L5SwaggerServiceProvider\" not found at C:\\Users\\DELL\\Documents\\stage\\boilerplate\\vendor\\laravel\\lumen-framework\\src\\Application.php:250)
[stacktrace]
#0 C:\\Users\\DELL\\Documents\\stage\\boilerplate\\bootstrap\\app.php(41): Laravel\\Lumen\\Application->register('L5Swagger\\\\L5Swa...')
#1 C:\\Users\\DELL\\Documents\\stage\\boilerplate\\artisan(18): require('C:\\\\Users\\\\DELL\\\\D...')
#2 {main}
"} 
[2024-07-01 15:48:45] local.ERROR: Class "SwaggerLume\ServiceProvider" not found {"exception":"[object] (Error(code: 0): Class \"SwaggerLume\\ServiceProvider\" not found at C:\\Users\\DELL\\Documents\\stage\\boilerplate\\vendor\\laravel\\lumen-framework\\src\\Application.php:250)
[stacktrace]
#0 C:\\Users\\DELL\\Documents\\stage\\boilerplate\\bootstrap\\app.php(41): Laravel\\Lumen\\Application->register('SwaggerLume\\\\Ser...')
#1 C:\\Users\\DELL\\Documents\\stage\\boilerplate\\artisan(18): require('C:\\\\Users\\\\DELL\\\\D...')
#2 {main}
"} 
[2024-07-01 15:56:57] local.ERROR: Class "SwaggerLume\ServiceProvider" not found {"exception":"[object] (Error(code: 0): Class \"SwaggerLume\\ServiceProvider\" not found at C:\\Users\\DELL\\Documents\\stage\\boilerplate\\vendor\\laravel\\lumen-framework\\src\\Application.php:250)
[stacktrace]
#0 C:\\Users\\DELL\\Documents\\stage\\boilerplate\\bootstrap\\app.php(41): Laravel\\Lumen\\Application->register('SwaggerLume\\\\Ser...')
#1 C:\\Users\\DELL\\Documents\\stage\\boilerplate\\artisan(18): require('C:\\\\Users\\\\DELL\\\\D...')
#2 {main}
"} 
[2024-07-01 15:57:30] local.ERROR: Illuminate\Support\ServiceProvider::{closure}(): Argument #1 ($router) must be of type Illuminate\Routing\Router, Laravel\Lumen\Routing\Router given, called in C:\Users\DELL\Documents\stage\boilerplate\vendor\laravel\lumen-framework\src\Routing\Router.php on line 62 {"exception":"[object] (TypeError(code: 0): Illuminate\\Support\\ServiceProvider::{closure}(): Argument #1 ($router) must be of type Illuminate\\Routing\\Router, Laravel\\Lumen\\Routing\\Router given, called in C:\\Users\\DELL\\Documents\\stage\\boilerplate\\vendor\\laravel\\lumen-framework\\src\\Routing\\Router.php on line 62 at C:\\Users\\DELL\\Documents\\stage\\boilerplate\\vendor\\darkaonline\\l5-swagger\\src\\routes.php:8)
[stacktrace]
#0 C:\\Users\\DELL\\Documents\\stage\\boilerplate\\vendor\\laravel\\lumen-framework\\src\\Routing\\Router.php(62): Illuminate\\Support\\ServiceProvider->{closure}(Object(Laravel\\Lumen\\Routing\\Router))
#1 C:\\Users\\DELL\\Documents\\stage\\boilerplate\\vendor\\laravel\\framework\\src\\Illuminate\\Support\\Facades\\Facade.php(338): Laravel\\Lumen\\Routing\\Router->group(Array, Object(Closure))
#2 C:\\Users\\DELL\\Documents\\stage\\boilerplate\\vendor\\darkaonline\\l5-swagger\\src\\routes.php(65): Illuminate\\Support\\Facades\\Facade::__callStatic('group', Array)
#3 C:\\Users\\DELL\\Documents\\stage\\boilerplate\\vendor\\laravel\\framework\\src\\Illuminate\\Support\\ServiceProvider.php(152): require('C:\\\\Users\\\\DELL\\\\D...')
#4 C:\\Users\\DELL\\Documents\\stage\\boilerplate\\vendor\\darkaonline\\l5-swagger\\src\\L5SwaggerServiceProvider.php(32): Illuminate\\Support\\ServiceProvider->loadRoutesFrom('C:\\\\Users\\\\DELL\\\\D...')
#5 C:\\Users\\DELL\\Documents\\stage\\boilerplate\\vendor\\laravel\\framework\\src\\Illuminate\\Container\\BoundMethod.php(36): L5Swagger\\L5SwaggerServiceProvider->boot()
#6 C:\\Users\\DELL\\Documents\\stage\\boilerplate\\vendor\\laravel\\framework\\src\\Illuminate\\Container\\Util.php(41): Illuminate\\Container\\BoundMethod::Illuminate\\Container\\{closure}()
#7 C:\\Users\\DELL\\Documents\\stage\\boilerplate\\vendor\\laravel\\framework\\src\\Illuminate\\Container\\BoundMethod.php(93): Illuminate\\Container\\Util::unwrapIfClosure(Object(Closure))
#8 C:\\Users\\DELL\\Documents\\stage\\boilerplate\\vendor\\laravel\\framework\\src\\Illuminate\\Container\\BoundMethod.php(37): Illuminate\\Container\\BoundMethod::callBoundMethod(Object(Laravel\\Lumen\\Application), Array, Object(Closure))
#9 C:\\Users\\DELL\\Documents\\stage\\boilerplate\\vendor\\laravel\\framework\\src\\Illuminate\\Container\\Container.php(661): Illuminate\\Container\\BoundMethod::call(Object(Laravel\\Lumen\\Application), Array, Array, NULL)
#10 C:\\Users\\DELL\\Documents\\stage\\boilerplate\\vendor\\laravel\\lumen-framework\\src\\Application.php(304): Illuminate\\Container\\Container->call(Array)
#11 C:\\Users\\DELL\\Documents\\stage\\boilerplate\\vendor\\laravel\\lumen-framework\\src\\Application.php(289): Laravel\\Lumen\\Application->bootProvider(Object(L5Swagger\\L5SwaggerServiceProvider))
#12 C:\\Users\\DELL\\Documents\\stage\\boilerplate\\vendor\\laravel\\lumen-framework\\src\\Console\\Kernel.php(114): Laravel\\Lumen\\Application->boot()
#13 C:\\Users\\DELL\\Documents\\stage\\boilerplate\\artisan(35): Laravel\\Lumen\\Console\\Kernel->handle(Object(Symfony\\Component\\Console\\Input\\ArgvInput), Object(Symfony\\Component\\Console\\Output\\ConsoleOutput))
#14 {main}
"} 
[2024-07-01 16:09:33] local.ERROR: Illuminate\Support\ServiceProvider::{closure}(): Argument #1 ($router) must be of type Illuminate\Routing\Router, Laravel\Lumen\Routing\Router given, called in C:\Users\DELL\Documents\stage\boilerplate\vendor\laravel\lumen-framework\src\Routing\Router.php on line 62 {"exception":"[object] (TypeError(code: 0): Illuminate\\Support\\ServiceProvider::{closure}(): Argument #1 ($router) must be of type Illuminate\\Routing\\Router, Laravel\\Lumen\\Routing\\Router given, called in C:\\Users\\DELL\\Documents\\stage\\boilerplate\\vendor\\laravel\\lumen-framework\\src\\Routing\\Router.php on line 62 at C:\\Users\\DELL\\Documents\\stage\\boilerplate\\vendor\\darkaonline\\l5-swagger\\src\\routes.php:8)
[stacktrace]
#0 C:\\Users\\DELL\\Documents\\stage\\boilerplate\\vendor\\laravel\\lumen-framework\\src\\Routing\\Router.php(62): Illuminate\\Support\\ServiceProvider->{closure}(Object(Laravel\\Lumen\\Routing\\Router))
#1 C:\\Users\\DELL\\Documents\\stage\\boilerplate\\vendor\\laravel\\framework\\src\\Illuminate\\Support\\Facades\\Facade.php(338): Laravel\\Lumen\\Routing\\Router->group(Array, Object(Closure))
#2 C:\\Users\\DELL\\Documents\\stage\\boilerplate\\vendor\\darkaonline\\l5-swagger\\src\\routes.php(65): Illuminate\\Support\\Facades\\Facade::__callStatic('group', Array)
#3 C:\\Users\\DELL\\Documents\\stage\\boilerplate\\vendor\\laravel\\framework\\src\\Illuminate\\Support\\ServiceProvider.php(152): require('C:\\\\Users\\\\DELL\\\\D...')
#4 C:\\Users\\DELL\\Documents\\stage\\boilerplate\\vendor\\darkaonline\\l5-swagger\\src\\L5SwaggerServiceProvider.php(32): Illuminate\\Support\\ServiceProvider->loadRoutesFrom('C:\\\\Users\\\\DELL\\\\D...')
#5 C:\\Users\\DELL\\Documents\\stage\\boilerplate\\vendor\\laravel\\framework\\src\\Illuminate\\Container\\BoundMethod.php(36): L5Swagger\\L5SwaggerServiceProvider->boot()
#6 C:\\Users\\DELL\\Documents\\stage\\boilerplate\\vendor\\laravel\\framework\\src\\Illuminate\\Container\\Util.php(41): Illuminate\\Container\\BoundMethod::Illuminate\\Container\\{closure}()
#7 C:\\Users\\DELL\\Documents\\stage\\boilerplate\\vendor\\laravel\\framework\\src\\Illuminate\\Container\\BoundMethod.php(93): Illuminate\\Container\\Util::unwrapIfClosure(Object(Closure))
#8 C:\\Users\\DELL\\Documents\\stage\\boilerplate\\vendor\\laravel\\framework\\src\\Illuminate\\Container\\BoundMethod.php(37): Illuminate\\Container\\BoundMethod::callBoundMethod(Object(Laravel\\Lumen\\Application), Array, Object(Closure))
#9 C:\\Users\\DELL\\Documents\\stage\\boilerplate\\vendor\\laravel\\framework\\src\\Illuminate\\Container\\Container.php(661): Illuminate\\Container\\BoundMethod::call(Object(Laravel\\Lumen\\Application), Array, Array, NULL)
#10 C:\\Users\\DELL\\Documents\\stage\\boilerplate\\vendor\\laravel\\lumen-framework\\src\\Application.php(304): Illuminate\\Container\\Container->call(Array)
#11 C:\\Users\\DELL\\Documents\\stage\\boilerplate\\vendor\\laravel\\lumen-framework\\src\\Application.php(289): Laravel\\Lumen\\Application->bootProvider(Object(L5Swagger\\L5SwaggerServiceProvider))
#12 C:\\Users\\DELL\\Documents\\stage\\boilerplate\\vendor\\laravel\\lumen-framework\\src\\Console\\Kernel.php(114): Laravel\\Lumen\\Application->boot()
#13 C:\\Users\\DELL\\Documents\\stage\\boilerplate\\artisan(35): Laravel\\Lumen\\Console\\Kernel->handle(Object(Symfony\\Component\\Console\\Input\\ArgvInput), Object(Symfony\\Component\\Console\\Output\\ConsoleOutput))
#14 {main}
"} 
[2024-07-01 17:30:02] local.ERROR: Required @OA\PathItem() not found {"exception":"[object] (ErrorException(code: 0): Required @OA\\PathItem() not found at C:\\Users\\DELL\\Documents\\stage\\boilerplate\\vendor\\zircote\\swagger-php\\src\\Loggers\\DefaultLogger.php:31)
[stacktrace]
#0 C:\\Users\\DELL\\Documents\\stage\\boilerplate\\vendor\\laravel\\lumen-framework\\src\\Concerns\\RegistersExceptionHandlers.php(47): Laravel\\Lumen\\Application->handleError(512, 'Required @OA\\\\Pa...', 'C:\\\\Users\\\\DELL\\\\D...', 31)
#1 [internal function]: Laravel\\Lumen\\Application->Laravel\\Lumen\\Concerns\\{closure}(512, 'Required @OA\\\\Pa...', 'C:\\\\Users\\\\DELL\\\\D...', 31)
#2 C:\\Users\\DELL\\Documents\\stage\\boilerplate\\vendor\\zircote\\swagger-php\\src\\Loggers\\DefaultLogger.php(31): trigger_error('Required @OA\\\\Pa...', 512)
#3 C:\\Users\\DELL\\Documents\\stage\\boilerplate\\vendor\\psr\\log\\src\\LoggerTrait.php(86): OpenApi\\Loggers\\DefaultLogger->log('warning', 'Required @OA\\\\Pa...', Array)
#4 C:\\Users\\DELL\\Documents\\stage\\boilerplate\\vendor\\zircote\\swagger-php\\src\\Annotations\\OpenApi.php(157): Psr\\Log\\AbstractLogger->warning('Required @OA\\\\Pa...')
#5 C:\\Users\\DELL\\Documents\\stage\\boilerplate\\vendor\\zircote\\swagger-php\\src\\Analysis.php(440): OpenApi\\Annotations\\OpenApi->validate()
#6 C:\\Users\\DELL\\Documents\\stage\\boilerplate\\vendor\\zircote\\swagger-php\\src\\Generator.php(503): OpenApi\\Analysis->validate()
#7 C:\\Users\\DELL\\Documents\\stage\\boilerplate\\vendor\\darkaonline\\swagger-lume\\src\\Generator.php(32): OpenApi\\Generator->generate(Object(Symfony\\Component\\Finder\\Finder))
#8 C:\\Users\\DELL\\Documents\\stage\\boilerplate\\vendor\\darkaonline\\swagger-lume\\src\\Console\\GenerateDocsCommand.php(32): SwaggerLume\\Generator::generateDocs()
#9 C:\\Users\\DELL\\Documents\\stage\\boilerplate\\vendor\\laravel\\framework\\src\\Illuminate\\Container\\BoundMethod.php(36): SwaggerLume\\Console\\GenerateDocsCommand->handle()
#10 C:\\Users\\DELL\\Documents\\stage\\boilerplate\\vendor\\laravel\\framework\\src\\Illuminate\\Container\\Util.php(41): Illuminate\\Container\\BoundMethod::Illuminate\\Container\\{closure}()
#11 C:\\Users\\DELL\\Documents\\stage\\boilerplate\\vendor\\laravel\\framework\\src\\Illuminate\\Container\\BoundMethod.php(93): Illuminate\\Container\\Util::unwrapIfClosure(Object(Closure))
#12 C:\\Users\\DELL\\Documents\\stage\\boilerplate\\vendor\\laravel\\framework\\src\\Illuminate\\Container\\BoundMethod.php(37): Illuminate\\Container\\BoundMethod::callBoundMethod(Object(Laravel\\Lumen\\Application), Array, Object(Closure))
#13 C:\\Users\\DELL\\Documents\\stage\\boilerplate\\vendor\\laravel\\framework\\src\\Illuminate\\Container\\Container.php(661): Illuminate\\Container\\BoundMethod::call(Object(Laravel\\Lumen\\Application), Array, Array, NULL)
#14 C:\\Users\\DELL\\Documents\\stage\\boilerplate\\vendor\\laravel\\framework\\src\\Illuminate\\Console\\Command.php(183): Illuminate\\Container\\Container->call(Array)
#15 C:\\Users\\DELL\\Documents\\stage\\boilerplate\\vendor\\symfony\\console\\Command\\Command.php(291): Illuminate\\Console\\Command->execute(Object(Symfony\\Component\\Console\\Input\\ArgvInput), Object(Illuminate\\Console\\OutputStyle))
#16 C:\\Users\\DELL\\Documents\\stage\\boilerplate\\vendor\\laravel\\framework\\src\\Illuminate\\Console\\Command.php(153): Symfony\\Component\\Console\\Command\\Command->run(Object(Symfony\\Component\\Console\\Input\\ArgvInput), Object(Illuminate\\Console\\OutputStyle))
#17 C:\\Users\\DELL\\Documents\\stage\\boilerplate\\vendor\\symfony\\console\\Application.php(1014): Illuminate\\Console\\Command->run(Object(Symfony\\Component\\Console\\Input\\ArgvInput), Object(Symfony\\Component\\Console\\Output\\ConsoleOutput))
#18 C:\\Users\\DELL\\Documents\\stage\\boilerplate\\vendor\\symfony\\console\\Application.php(301): Symfony\\Component\\Console\\Application->doRunCommand(Object(SwaggerLume\\Console\\GenerateDocsCommand), Object(Symfony\\Component\\Console\\Input\\ArgvInput), Object(Symfony\\Component\\Console\\Output\\ConsoleOutput))
#19 C:\\Users\\DELL\\Documents\\stage\\boilerplate\\vendor\\symfony\\console\\Application.php(171): Symfony\\Component\\Console\\Application->doRun(Object(Symfony\\Component\\Console\\Input\\ArgvInput), Object(Symfony\\Component\\Console\\Output\\ConsoleOutput))
#20 C:\\Users\\DELL\\Documents\\stage\\boilerplate\\vendor\\laravel\\framework\\src\\Illuminate\\Console\\Application.php(102): Symfony\\Component\\Console\\Application->run(Object(Symfony\\Component\\Console\\Input\\ArgvInput), Object(Symfony\\Component\\Console\\Output\\ConsoleOutput))
#21 C:\\Users\\DELL\\Documents\\stage\\boilerplate\\vendor\\laravel\\lumen-framework\\src\\Console\\Kernel.php(116): Illuminate\\Console\\Application->run(Object(Symfony\\Component\\Console\\Input\\ArgvInput), Object(Symfony\\Component\\Console\\Output\\ConsoleOutput))
#22 C:\\Users\\DELL\\Documents\\stage\\boilerplate\\artisan(35): Laravel\\Lumen\\Console\\Kernel->handle(Object(Symfony\\Component\\Console\\Input\\ArgvInput), Object(Symfony\\Component\\Console\\Output\\ConsoleOutput))
#23 {main}
"} 
[2024-07-01 17:31:04] local.ERROR: Required @OA\PathItem() not found {"exception":"[object] (ErrorException(code: 0): Required @OA\\PathItem() not found at C:\\Users\\DELL\\Documents\\stage\\boilerplate\\vendor\\zircote\\swagger-php\\src\\Loggers\\DefaultLogger.php:31)
[stacktrace]
#0 C:\\Users\\DELL\\Documents\\stage\\boilerplate\\vendor\\laravel\\lumen-framework\\src\\Concerns\\RegistersExceptionHandlers.php(47): Laravel\\Lumen\\Application->handleError(512, 'Required @OA\\\\Pa...', 'C:\\\\Users\\\\DELL\\\\D...', 31)
#1 [internal function]: Laravel\\Lumen\\Application->Laravel\\Lumen\\Concerns\\{closure}(512, 'Required @OA\\\\Pa...', 'C:\\\\Users\\\\DELL\\\\D...', 31)
#2 C:\\Users\\DELL\\Documents\\stage\\boilerplate\\vendor\\zircote\\swagger-php\\src\\Loggers\\DefaultLogger.php(31): trigger_error('Required @OA\\\\Pa...', 512)
#3 C:\\Users\\DELL\\Documents\\stage\\boilerplate\\vendor\\psr\\log\\src\\LoggerTrait.php(86): OpenApi\\Loggers\\DefaultLogger->log('warning', 'Required @OA\\\\Pa...', Array)
#4 C:\\Users\\DELL\\Documents\\stage\\boilerplate\\vendor\\zircote\\swagger-php\\src\\Annotations\\OpenApi.php(157): Psr\\Log\\AbstractLogger->warning('Required @OA\\\\Pa...')
#5 C:\\Users\\DELL\\Documents\\stage\\boilerplate\\vendor\\zircote\\swagger-php\\src\\Analysis.php(440): OpenApi\\Annotations\\OpenApi->validate()
#6 C:\\Users\\DELL\\Documents\\stage\\boilerplate\\vendor\\zircote\\swagger-php\\src\\Generator.php(503): OpenApi\\Analysis->validate()
#7 C:\\Users\\DELL\\Documents\\stage\\boilerplate\\vendor\\darkaonline\\swagger-lume\\src\\Generator.php(32): OpenApi\\Generator->generate(Object(Symfony\\Component\\Finder\\Finder))
#8 C:\\Users\\DELL\\Documents\\stage\\boilerplate\\vendor\\darkaonline\\swagger-lume\\src\\Console\\GenerateDocsCommand.php(32): SwaggerLume\\Generator::generateDocs()
#9 C:\\Users\\DELL\\Documents\\stage\\boilerplate\\vendor\\laravel\\framework\\src\\Illuminate\\Container\\BoundMethod.php(36): SwaggerLume\\Console\\GenerateDocsCommand->handle()
#10 C:\\Users\\DELL\\Documents\\stage\\boilerplate\\vendor\\laravel\\framework\\src\\Illuminate\\Container\\Util.php(41): Illuminate\\Container\\BoundMethod::Illuminate\\Container\\{closure}()
#11 C:\\Users\\DELL\\Documents\\stage\\boilerplate\\vendor\\laravel\\framework\\src\\Illuminate\\Container\\BoundMethod.php(93): Illuminate\\Container\\Util::unwrapIfClosure(Object(Closure))
#12 C:\\Users\\DELL\\Documents\\stage\\boilerplate\\vendor\\laravel\\framework\\src\\Illuminate\\Container\\BoundMethod.php(37): Illuminate\\Container\\BoundMethod::callBoundMethod(Object(Laravel\\Lumen\\Application), Array, Object(Closure))
#13 C:\\Users\\DELL\\Documents\\stage\\boilerplate\\vendor\\laravel\\framework\\src\\Illuminate\\Container\\Container.php(661): Illuminate\\Container\\BoundMethod::call(Object(Laravel\\Lumen\\Application), Array, Array, NULL)
#14 C:\\Users\\DELL\\Documents\\stage\\boilerplate\\vendor\\laravel\\framework\\src\\Illuminate\\Console\\Command.php(183): Illuminate\\Container\\Container->call(Array)
#15 C:\\Users\\DELL\\Documents\\stage\\boilerplate\\vendor\\symfony\\console\\Command\\Command.php(291): Illuminate\\Console\\Command->execute(Object(Symfony\\Component\\Console\\Input\\ArgvInput), Object(Illuminate\\Console\\OutputStyle))
#16 C:\\Users\\DELL\\Documents\\stage\\boilerplate\\vendor\\laravel\\framework\\src\\Illuminate\\Console\\Command.php(153): Symfony\\Component\\Console\\Command\\Command->run(Object(Symfony\\Component\\Console\\Input\\ArgvInput), Object(Illuminate\\Console\\OutputStyle))
#17 C:\\Users\\DELL\\Documents\\stage\\boilerplate\\vendor\\symfony\\console\\Application.php(1014): Illuminate\\Console\\Command->run(Object(Symfony\\Component\\Console\\Input\\ArgvInput), Object(Symfony\\Component\\Console\\Output\\ConsoleOutput))
#18 C:\\Users\\DELL\\Documents\\stage\\boilerplate\\vendor\\symfony\\console\\Application.php(301): Symfony\\Component\\Console\\Application->doRunCommand(Object(SwaggerLume\\Console\\GenerateDocsCommand), Object(Symfony\\Component\\Console\\Input\\ArgvInput), Object(Symfony\\Component\\Console\\Output\\ConsoleOutput))
#19 C:\\Users\\DELL\\Documents\\stage\\boilerplate\\vendor\\symfony\\console\\Application.php(171): Symfony\\Component\\Console\\Application->doRun(Object(Symfony\\Component\\Console\\Input\\ArgvInput), Object(Symfony\\Component\\Console\\Output\\ConsoleOutput))
#20 C:\\Users\\DELL\\Documents\\stage\\boilerplate\\vendor\\laravel\\framework\\src\\Illuminate\\Console\\Application.php(102): Symfony\\Component\\Console\\Application->run(Object(Symfony\\Component\\Console\\Input\\ArgvInput), Object(Symfony\\Component\\Console\\Output\\ConsoleOutput))
#21 C:\\Users\\DELL\\Documents\\stage\\boilerplate\\vendor\\laravel\\lumen-framework\\src\\Console\\Kernel.php(116): Illuminate\\Console\\Application->run(Object(Symfony\\Component\\Console\\Input\\ArgvInput), Object(Symfony\\Component\\Console\\Output\\ConsoleOutput))
#22 C:\\Users\\DELL\\Documents\\stage\\boilerplate\\artisan(35): Laravel\\Lumen\\Console\\Kernel->handle(Object(Symfony\\Component\\Console\\Input\\ArgvInput), Object(Symfony\\Component\\Console\\Output\\ConsoleOutput))
#23 {main}
"} 
[2024-07-01 19:46:11] local.ERROR: Required @OA\PathItem() not found {"exception":"[object] (ErrorException(code: 0): Required @OA\\PathItem() not found at C:\\Users\\DELL\\Documents\\stage\\boilerplate\\vendor\\zircote\\swagger-php\\src\\Loggers\\DefaultLogger.php:31)
[stacktrace]
#0 C:\\Users\\DELL\\Documents\\stage\\boilerplate\\vendor\\laravel\\lumen-framework\\src\\Concerns\\RegistersExceptionHandlers.php(47): Laravel\\Lumen\\Application->handleError(512, 'Required @OA\\\\Pa...', 'C:\\\\Users\\\\DELL\\\\D...', 31)
#1 [internal function]: Laravel\\Lumen\\Application->Laravel\\Lumen\\Concerns\\{closure}(512, 'Required @OA\\\\Pa...', 'C:\\\\Users\\\\DELL\\\\D...', 31)
#2 C:\\Users\\DELL\\Documents\\stage\\boilerplate\\vendor\\zircote\\swagger-php\\src\\Loggers\\DefaultLogger.php(31): trigger_error('Required @OA\\\\Pa...', 512)
#3 C:\\Users\\DELL\\Documents\\stage\\boilerplate\\vendor\\psr\\log\\src\\LoggerTrait.php(86): OpenApi\\Loggers\\DefaultLogger->log('warning', 'Required @OA\\\\Pa...', Array)
#4 C:\\Users\\DELL\\Documents\\stage\\boilerplate\\vendor\\zircote\\swagger-php\\src\\Annotations\\OpenApi.php(157): Psr\\Log\\AbstractLogger->warning('Required @OA\\\\Pa...')
#5 C:\\Users\\DELL\\Documents\\stage\\boilerplate\\vendor\\zircote\\swagger-php\\src\\Analysis.php(440): OpenApi\\Annotations\\OpenApi->validate()
#6 C:\\Users\\DELL\\Documents\\stage\\boilerplate\\vendor\\zircote\\swagger-php\\src\\Generator.php(503): OpenApi\\Analysis->validate()
#7 C:\\Users\\DELL\\Documents\\stage\\boilerplate\\vendor\\darkaonline\\swagger-lume\\src\\Generator.php(32): OpenApi\\Generator->generate(Object(Symfony\\Component\\Finder\\Finder))
#8 C:\\Users\\DELL\\Documents\\stage\\boilerplate\\vendor\\darkaonline\\swagger-lume\\src\\Console\\GenerateDocsCommand.php(32): SwaggerLume\\Generator::generateDocs()
#9 C:\\Users\\DELL\\Documents\\stage\\boilerplate\\vendor\\laravel\\framework\\src\\Illuminate\\Container\\BoundMethod.php(36): SwaggerLume\\Console\\GenerateDocsCommand->handle()
#10 C:\\Users\\DELL\\Documents\\stage\\boilerplate\\vendor\\laravel\\framework\\src\\Illuminate\\Container\\Util.php(41): Illuminate\\Container\\BoundMethod::Illuminate\\Container\\{closure}()
#11 C:\\Users\\DELL\\Documents\\stage\\boilerplate\\vendor\\laravel\\framework\\src\\Illuminate\\Container\\BoundMethod.php(93): Illuminate\\Container\\Util::unwrapIfClosure(Object(Closure))
#12 C:\\Users\\DELL\\Documents\\stage\\boilerplate\\vendor\\laravel\\framework\\src\\Illuminate\\Container\\BoundMethod.php(37): Illuminate\\Container\\BoundMethod::callBoundMethod(Object(Laravel\\Lumen\\Application), Array, Object(Closure))
#13 C:\\Users\\DELL\\Documents\\stage\\boilerplate\\vendor\\laravel\\framework\\src\\Illuminate\\Container\\Container.php(661): Illuminate\\Container\\BoundMethod::call(Object(Laravel\\Lumen\\Application), Array, Array, NULL)
#14 C:\\Users\\DELL\\Documents\\stage\\boilerplate\\vendor\\laravel\\framework\\src\\Illuminate\\Console\\Command.php(183): Illuminate\\Container\\Container->call(Array)
#15 C:\\Users\\DELL\\Documents\\stage\\boilerplate\\vendor\\symfony\\console\\Command\\Command.php(291): Illuminate\\Console\\Command->execute(Object(Symfony\\Component\\Console\\Input\\ArgvInput), Object(Illuminate\\Console\\OutputStyle))
#16 C:\\Users\\DELL\\Documents\\stage\\boilerplate\\vendor\\laravel\\framework\\src\\Illuminate\\Console\\Command.php(153): Symfony\\Component\\Console\\Command\\Command->run(Object(Symfony\\Component\\Console\\Input\\ArgvInput), Object(Illuminate\\Console\\OutputStyle))
#17 C:\\Users\\DELL\\Documents\\stage\\boilerplate\\vendor\\symfony\\console\\Application.php(1014): Illuminate\\Console\\Command->run(Object(Symfony\\Component\\Console\\Input\\ArgvInput), Object(Symfony\\Component\\Console\\Output\\ConsoleOutput))
#18 C:\\Users\\DELL\\Documents\\stage\\boilerplate\\vendor\\symfony\\console\\Application.php(301): Symfony\\Component\\Console\\Application->doRunCommand(Object(SwaggerLume\\Console\\GenerateDocsCommand), Object(Symfony\\Component\\Console\\Input\\ArgvInput), Object(Symfony\\Component\\Console\\Output\\ConsoleOutput))
#19 C:\\Users\\DELL\\Documents\\stage\\boilerplate\\vendor\\symfony\\console\\Application.php(171): Symfony\\Component\\Console\\Application->doRun(Object(Symfony\\Component\\Console\\Input\\ArgvInput), Object(Symfony\\Component\\Console\\Output\\ConsoleOutput))
#20 C:\\Users\\DELL\\Documents\\stage\\boilerplate\\vendor\\laravel\\framework\\src\\Illuminate\\Console\\Application.php(102): Symfony\\Component\\Console\\Application->run(Object(Symfony\\Component\\Console\\Input\\ArgvInput), Object(Symfony\\Component\\Console\\Output\\ConsoleOutput))
#21 C:\\Users\\DELL\\Documents\\stage\\boilerplate\\vendor\\laravel\\lumen-framework\\src\\Console\\Kernel.php(116): Illuminate\\Console\\Application->run(Object(Symfony\\Component\\Console\\Input\\ArgvInput), Object(Symfony\\Component\\Console\\Output\\ConsoleOutput))
#22 C:\\Users\\DELL\\Documents\\stage\\boilerplate\\artisan(35): Laravel\\Lumen\\Console\\Kernel->handle(Object(Symfony\\Component\\Console\\Input\\ArgvInput), Object(Symfony\\Component\\Console\\Output\\ConsoleOutput))
#23 {main}
"} 
[2024-07-01 19:52:07] local.ERROR: Required @OA\PathItem() not found {"exception":"[object] (ErrorException(code: 0): Required @OA\\PathItem() not found at C:\\Users\\DELL\\Documents\\stage\\boilerplate\\vendor\\zircote\\swagger-php\\src\\Loggers\\DefaultLogger.php:31)
[stacktrace]
#0 C:\\Users\\DELL\\Documents\\stage\\boilerplate\\vendor\\laravel\\lumen-framework\\src\\Concerns\\RegistersExceptionHandlers.php(47): Laravel\\Lumen\\Application->handleError(512, 'Required @OA\\\\Pa...', 'C:\\\\Users\\\\DELL\\\\D...', 31)
#1 [internal function]: Laravel\\Lumen\\Application->Laravel\\Lumen\\Concerns\\{closure}(512, 'Required @OA\\\\Pa...', 'C:\\\\Users\\\\DELL\\\\D...', 31)
#2 C:\\Users\\DELL\\Documents\\stage\\boilerplate\\vendor\\zircote\\swagger-php\\src\\Loggers\\DefaultLogger.php(31): trigger_error('Required @OA\\\\Pa...', 512)
#3 C:\\Users\\DELL\\Documents\\stage\\boilerplate\\vendor\\psr\\log\\src\\LoggerTrait.php(86): OpenApi\\Loggers\\DefaultLogger->log('warning', 'Required @OA\\\\Pa...', Array)
#4 C:\\Users\\DELL\\Documents\\stage\\boilerplate\\vendor\\zircote\\swagger-php\\src\\Annotations\\OpenApi.php(157): Psr\\Log\\AbstractLogger->warning('Required @OA\\\\Pa...')
#5 C:\\Users\\DELL\\Documents\\stage\\boilerplate\\vendor\\zircote\\swagger-php\\src\\Analysis.php(440): OpenApi\\Annotations\\OpenApi->validate()
#6 C:\\Users\\DELL\\Documents\\stage\\boilerplate\\vendor\\zircote\\swagger-php\\src\\Generator.php(503): OpenApi\\Analysis->validate()
#7 C:\\Users\\DELL\\Documents\\stage\\boilerplate\\vendor\\darkaonline\\swagger-lume\\src\\Generator.php(32): OpenApi\\Generator->generate(Object(Symfony\\Component\\Finder\\Finder))
#8 C:\\Users\\DELL\\Documents\\stage\\boilerplate\\vendor\\darkaonline\\swagger-lume\\src\\Console\\GenerateDocsCommand.php(32): SwaggerLume\\Generator::generateDocs()
#9 C:\\Users\\DELL\\Documents\\stage\\boilerplate\\vendor\\laravel\\framework\\src\\Illuminate\\Container\\BoundMethod.php(36): SwaggerLume\\Console\\GenerateDocsCommand->handle()
#10 C:\\Users\\DELL\\Documents\\stage\\boilerplate\\vendor\\laravel\\framework\\src\\Illuminate\\Container\\Util.php(41): Illuminate\\Container\\BoundMethod::Illuminate\\Container\\{closure}()
#11 C:\\Users\\DELL\\Documents\\stage\\boilerplate\\vendor\\laravel\\framework\\src\\Illuminate\\Container\\BoundMethod.php(93): Illuminate\\Container\\Util::unwrapIfClosure(Object(Closure))
#12 C:\\Users\\DELL\\Documents\\stage\\boilerplate\\vendor\\laravel\\framework\\src\\Illuminate\\Container\\BoundMethod.php(37): Illuminate\\Container\\BoundMethod::callBoundMethod(Object(Laravel\\Lumen\\Application), Array, Object(Closure))
#13 C:\\Users\\DELL\\Documents\\stage\\boilerplate\\vendor\\laravel\\framework\\src\\Illuminate\\Container\\Container.php(661): Illuminate\\Container\\BoundMethod::call(Object(Laravel\\Lumen\\Application), Array, Array, NULL)
#14 C:\\Users\\DELL\\Documents\\stage\\boilerplate\\vendor\\laravel\\framework\\src\\Illuminate\\Console\\Command.php(183): Illuminate\\Container\\Container->call(Array)
#15 C:\\Users\\DELL\\Documents\\stage\\boilerplate\\vendor\\symfony\\console\\Command\\Command.php(291): Illuminate\\Console\\Command->execute(Object(Symfony\\Component\\Console\\Input\\ArgvInput), Object(Illuminate\\Console\\OutputStyle))
#16 C:\\Users\\DELL\\Documents\\stage\\boilerplate\\vendor\\laravel\\framework\\src\\Illuminate\\Console\\Command.php(153): Symfony\\Component\\Console\\Command\\Command->run(Object(Symfony\\Component\\Console\\Input\\ArgvInput), Object(Illuminate\\Console\\OutputStyle))
#17 C:\\Users\\DELL\\Documents\\stage\\boilerplate\\vendor\\symfony\\console\\Application.php(1014): Illuminate\\Console\\Command->run(Object(Symfony\\Component\\Console\\Input\\ArgvInput), Object(Symfony\\Component\\Console\\Output\\ConsoleOutput))
#18 C:\\Users\\DELL\\Documents\\stage\\boilerplate\\vendor\\symfony\\console\\Application.php(301): Symfony\\Component\\Console\\Application->doRunCommand(Object(SwaggerLume\\Console\\GenerateDocsCommand), Object(Symfony\\Component\\Console\\Input\\ArgvInput), Object(Symfony\\Component\\Console\\Output\\ConsoleOutput))
#19 C:\\Users\\DELL\\Documents\\stage\\boilerplate\\vendor\\symfony\\console\\Application.php(171): Symfony\\Component\\Console\\Application->doRun(Object(Symfony\\Component\\Console\\Input\\ArgvInput), Object(Symfony\\Component\\Console\\Output\\ConsoleOutput))
#20 C:\\Users\\DELL\\Documents\\stage\\boilerplate\\vendor\\laravel\\framework\\src\\Illuminate\\Console\\Application.php(102): Symfony\\Component\\Console\\Application->run(Object(Symfony\\Component\\Console\\Input\\ArgvInput), Object(Symfony\\Component\\Console\\Output\\ConsoleOutput))
#21 C:\\Users\\DELL\\Documents\\stage\\boilerplate\\vendor\\laravel\\lumen-framework\\src\\Console\\Kernel.php(116): Illuminate\\Console\\Application->run(Object(Symfony\\Component\\Console\\Input\\ArgvInput), Object(Symfony\\Component\\Console\\Output\\ConsoleOutput))
#22 C:\\Users\\DELL\\Documents\\stage\\boilerplate\\artisan(35): Laravel\\Lumen\\Console\\Kernel->handle(Object(Symfony\\Component\\Console\\Input\\ArgvInput), Object(Symfony\\Component\\Console\\Output\\ConsoleOutput))
#23 {main}
"} 
[2024-07-01 19:54:11] local.ERROR: mkdir(): Invalid argument {"exception":"[object] (ErrorException(code: 0): mkdir(): Invalid argument at C:\\Users\\DELL\\Documents\\stage\\boilerplate\\vendor\\laravel\\framework\\src\\Illuminate\\Filesystem\\Filesystem.php:636)
[stacktrace]
#0 C:\\Users\\DELL\\Documents\\stage\\boilerplate\\vendor\\laravel\\lumen-framework\\src\\Concerns\\RegistersExceptionHandlers.php(47): Laravel\\Lumen\\Application->handleError(2, 'mkdir(): Invali...', 'C:\\\\Users\\\\DELL\\\\D...', 636)
#1 [internal function]: Laravel\\Lumen\\Application->Laravel\\Lumen\\Concerns\\{closure}(2, 'mkdir(): Invali...', 'C:\\\\Users\\\\DELL\\\\D...', 636)
#2 C:\\Users\\DELL\\Documents\\stage\\boilerplate\\vendor\\laravel\\framework\\src\\Illuminate\\Filesystem\\Filesystem.php(636): mkdir('', 493, false)
#3 C:\\Users\\DELL\\Documents\\stage\\boilerplate\\vendor\\laravel\\framework\\src\\Illuminate\\Support\\Facades\\Facade.php(338): Illuminate\\Filesystem\\Filesystem->makeDirectory(NULL)
#4 C:\\Users\\DELL\\Documents\\stage\\boilerplate\\vendor\\darkaonline\\swagger-lume\\src\\Generator.php(26): Illuminate\\Support\\Facades\\Facade::__callStatic('makeDirectory', Array)
#5 C:\\Users\\DELL\\Documents\\stage\\boilerplate\\vendor\\darkaonline\\swagger-lume\\src\\Console\\GenerateDocsCommand.php(32): SwaggerLume\\Generator::generateDocs()
#6 C:\\Users\\DELL\\Documents\\stage\\boilerplate\\vendor\\laravel\\framework\\src\\Illuminate\\Container\\BoundMethod.php(36): SwaggerLume\\Console\\GenerateDocsCommand->handle()
#7 C:\\Users\\DELL\\Documents\\stage\\boilerplate\\vendor\\laravel\\framework\\src\\Illuminate\\Container\\Util.php(41): Illuminate\\Container\\BoundMethod::Illuminate\\Container\\{closure}()
#8 C:\\Users\\DELL\\Documents\\stage\\boilerplate\\vendor\\laravel\\framework\\src\\Illuminate\\Container\\BoundMethod.php(93): Illuminate\\Container\\Util::unwrapIfClosure(Object(Closure))
#9 C:\\Users\\DELL\\Documents\\stage\\boilerplate\\vendor\\laravel\\framework\\src\\Illuminate\\Container\\BoundMethod.php(37): Illuminate\\Container\\BoundMethod::callBoundMethod(Object(Laravel\\Lumen\\Application), Array, Object(Closure))
#10 C:\\Users\\DELL\\Documents\\stage\\boilerplate\\vendor\\laravel\\framework\\src\\Illuminate\\Container\\Container.php(661): Illuminate\\Container\\BoundMethod::call(Object(Laravel\\Lumen\\Application), Array, Array, NULL)
#11 C:\\Users\\DELL\\Documents\\stage\\boilerplate\\vendor\\laravel\\framework\\src\\Illuminate\\Console\\Command.php(183): Illuminate\\Container\\Container->call(Array)
#12 C:\\Users\\DELL\\Documents\\stage\\boilerplate\\vendor\\symfony\\console\\Command\\Command.php(291): Illuminate\\Console\\Command->execute(Object(Symfony\\Component\\Console\\Input\\ArgvInput), Object(Illuminate\\Console\\OutputStyle))
#13 C:\\Users\\DELL\\Documents\\stage\\boilerplate\\vendor\\laravel\\framework\\src\\Illuminate\\Console\\Command.php(153): Symfony\\Component\\Console\\Command\\Command->run(Object(Symfony\\Component\\Console\\Input\\ArgvInput), Object(Illuminate\\Console\\OutputStyle))
#14 C:\\Users\\DELL\\Documents\\stage\\boilerplate\\vendor\\symfony\\console\\Application.php(1014): Illuminate\\Console\\Command->run(Object(Symfony\\Component\\Console\\Input\\ArgvInput), Object(Symfony\\Component\\Console\\Output\\ConsoleOutput))
#15 C:\\Users\\DELL\\Documents\\stage\\boilerplate\\vendor\\symfony\\console\\Application.php(301): Symfony\\Component\\Console\\Application->doRunCommand(Object(SwaggerLume\\Console\\GenerateDocsCommand), Object(Symfony\\Component\\Console\\Input\\ArgvInput), Object(Symfony\\Component\\Console\\Output\\ConsoleOutput))
#16 C:\\Users\\DELL\\Documents\\stage\\boilerplate\\vendor\\symfony\\console\\Application.php(171): Symfony\\Component\\Console\\Application->doRun(Object(Symfony\\Component\\Console\\Input\\ArgvInput), Object(Symfony\\Component\\Console\\Output\\ConsoleOutput))
#17 C:\\Users\\DELL\\Documents\\stage\\boilerplate\\vendor\\laravel\\framework\\src\\Illuminate\\Console\\Application.php(102): Symfony\\Component\\Console\\Application->run(Object(Symfony\\Component\\Console\\Input\\ArgvInput), Object(Symfony\\Component\\Console\\Output\\ConsoleOutput))
#18 C:\\Users\\DELL\\Documents\\stage\\boilerplate\\vendor\\laravel\\lumen-framework\\src\\Console\\Kernel.php(116): Illuminate\\Console\\Application->run(Object(Symfony\\Component\\Console\\Input\\ArgvInput), Object(Symfony\\Component\\Console\\Output\\ConsoleOutput))
#19 C:\\Users\\DELL\\Documents\\stage\\boilerplate\\artisan(35): Laravel\\Lumen\\Console\\Kernel->handle(Object(Symfony\\Component\\Console\\Input\\ArgvInput), Object(Symfony\\Component\\Console\\Output\\ConsoleOutput))
#20 {main}
"} 
[2024-07-01 19:54:22] local.ERROR: mkdir(): Invalid argument {"exception":"[object] (ErrorException(code: 0): mkdir(): Invalid argument at C:\\Users\\DELL\\Documents\\stage\\boilerplate\\vendor\\laravel\\framework\\src\\Illuminate\\Filesystem\\Filesystem.php:636)
[stacktrace]
#0 C:\\Users\\DELL\\Documents\\stage\\boilerplate\\vendor\\laravel\\lumen-framework\\src\\Concerns\\RegistersExceptionHandlers.php(47): Laravel\\Lumen\\Application->handleError(2, 'mkdir(): Invali...', 'C:\\\\Users\\\\DELL\\\\D...', 636)
#1 [internal function]: Laravel\\Lumen\\Application->Laravel\\Lumen\\Concerns\\{closure}(2, 'mkdir(): Invali...', 'C:\\\\Users\\\\DELL\\\\D...', 636)
#2 C:\\Users\\DELL\\Documents\\stage\\boilerplate\\vendor\\laravel\\framework\\src\\Illuminate\\Filesystem\\Filesystem.php(636): mkdir('', 493, false)
#3 C:\\Users\\DELL\\Documents\\stage\\boilerplate\\vendor\\laravel\\framework\\src\\Illuminate\\Support\\Facades\\Facade.php(338): Illuminate\\Filesystem\\Filesystem->makeDirectory(NULL)
#4 C:\\Users\\DELL\\Documents\\stage\\boilerplate\\vendor\\darkaonline\\swagger-lume\\src\\Generator.php(26): Illuminate\\Support\\Facades\\Facade::__callStatic('makeDirectory', Array)
#5 C:\\Users\\DELL\\Documents\\stage\\boilerplate\\vendor\\darkaonline\\swagger-lume\\src\\Console\\GenerateDocsCommand.php(32): SwaggerLume\\Generator::generateDocs()
#6 C:\\Users\\DELL\\Documents\\stage\\boilerplate\\vendor\\laravel\\framework\\src\\Illuminate\\Container\\BoundMethod.php(36): SwaggerLume\\Console\\GenerateDocsCommand->handle()
#7 C:\\Users\\DELL\\Documents\\stage\\boilerplate\\vendor\\laravel\\framework\\src\\Illuminate\\Container\\Util.php(41): Illuminate\\Container\\BoundMethod::Illuminate\\Container\\{closure}()
#8 C:\\Users\\DELL\\Documents\\stage\\boilerplate\\vendor\\laravel\\framework\\src\\Illuminate\\Container\\BoundMethod.php(93): Illuminate\\Container\\Util::unwrapIfClosure(Object(Closure))
#9 C:\\Users\\DELL\\Documents\\stage\\boilerplate\\vendor\\laravel\\framework\\src\\Illuminate\\Container\\BoundMethod.php(37): Illuminate\\Container\\BoundMethod::callBoundMethod(Object(Laravel\\Lumen\\Application), Array, Object(Closure))
#10 C:\\Users\\DELL\\Documents\\stage\\boilerplate\\vendor\\laravel\\framework\\src\\Illuminate\\Container\\Container.php(661): Illuminate\\Container\\BoundMethod::call(Object(Laravel\\Lumen\\Application), Array, Array, NULL)
#11 C:\\Users\\DELL\\Documents\\stage\\boilerplate\\vendor\\laravel\\framework\\src\\Illuminate\\Console\\Command.php(183): Illuminate\\Container\\Container->call(Array)
#12 C:\\Users\\DELL\\Documents\\stage\\boilerplate\\vendor\\symfony\\console\\Command\\Command.php(291): Illuminate\\Console\\Command->execute(Object(Symfony\\Component\\Console\\Input\\ArgvInput), Object(Illuminate\\Console\\OutputStyle))
#13 C:\\Users\\DELL\\Documents\\stage\\boilerplate\\vendor\\laravel\\framework\\src\\Illuminate\\Console\\Command.php(153): Symfony\\Component\\Console\\Command\\Command->run(Object(Symfony\\Component\\Console\\Input\\ArgvInput), Object(Illuminate\\Console\\OutputStyle))
#14 C:\\Users\\DELL\\Documents\\stage\\boilerplate\\vendor\\symfony\\console\\Application.php(1014): Illuminate\\Console\\Command->run(Object(Symfony\\Component\\Console\\Input\\ArgvInput), Object(Symfony\\Component\\Console\\Output\\ConsoleOutput))
#15 C:\\Users\\DELL\\Documents\\stage\\boilerplate\\vendor\\symfony\\console\\Application.php(301): Symfony\\Component\\Console\\Application->doRunCommand(Object(SwaggerLume\\Console\\GenerateDocsCommand), Object(Symfony\\Component\\Console\\Input\\ArgvInput), Object(Symfony\\Component\\Console\\Output\\ConsoleOutput))
#16 C:\\Users\\DELL\\Documents\\stage\\boilerplate\\vendor\\symfony\\console\\Application.php(171): Symfony\\Component\\Console\\Application->doRun(Object(Symfony\\Component\\Console\\Input\\ArgvInput), Object(Symfony\\Component\\Console\\Output\\ConsoleOutput))
#17 C:\\Users\\DELL\\Documents\\stage\\boilerplate\\vendor\\laravel\\framework\\src\\Illuminate\\Console\\Application.php(102): Symfony\\Component\\Console\\Application->run(Object(Symfony\\Component\\Console\\Input\\ArgvInput), Object(Symfony\\Component\\Console\\Output\\ConsoleOutput))
#18 C:\\Users\\DELL\\Documents\\stage\\boilerplate\\vendor\\laravel\\lumen-framework\\src\\Console\\Kernel.php(116): Illuminate\\Console\\Application->run(Object(Symfony\\Component\\Console\\Input\\ArgvInput), Object(Symfony\\Component\\Console\\Output\\ConsoleOutput))
#19 C:\\Users\\DELL\\Documents\\stage\\boilerplate\\artisan(35): Laravel\\Lumen\\Console\\Kernel->handle(Object(Symfony\\Component\\Console\\Input\\ArgvInput), Object(Symfony\\Component\\Console\\Output\\ConsoleOutput))
#20 {main}
"} 
[2024-07-01 20:13:33] local.ERROR: There are no commands defined in the "config" namespace. {"exception":"[object] (Symfony\\Component\\Console\\Exception\\NamespaceNotFoundException(code: 0): There are no commands defined in the \"config\" namespace. at C:\\Users\\DELL\\Documents\\stage\\boilerplate\\vendor\\symfony\\console\\Application.php:624)
[stacktrace]
#0 C:\\Users\\DELL\\Documents\\stage\\boilerplate\\vendor\\symfony\\console\\Application.php(675): Symfony\\Component\\Console\\Application->findNamespace('config')
#1 C:\\Users\\DELL\\Documents\\stage\\boilerplate\\vendor\\symfony\\console\\Application.php(259): Symfony\\Component\\Console\\Application->find('config:clear')
#2 C:\\Users\\DELL\\Documents\\stage\\boilerplate\\vendor\\symfony\\console\\Application.php(171): Symfony\\Component\\Console\\Application->doRun(Object(Symfony\\Component\\Console\\Input\\ArgvInput), Object(Symfony\\Component\\Console\\Output\\ConsoleOutput))
#3 C:\\Users\\DELL\\Documents\\stage\\boilerplate\\vendor\\laravel\\framework\\src\\Illuminate\\Console\\Application.php(102): Symfony\\Component\\Console\\Application->run(Object(Symfony\\Component\\Console\\Input\\ArgvInput), Object(Symfony\\Component\\Console\\Output\\ConsoleOutput))
#4 C:\\Users\\DELL\\Documents\\stage\\boilerplate\\vendor\\laravel\\lumen-framework\\src\\Console\\Kernel.php(116): Illuminate\\Console\\Application->run(Object(Symfony\\Component\\Console\\Input\\ArgvInput), Object(Symfony\\Component\\Console\\Output\\ConsoleOutput))
#5 C:\\Users\\DELL\\Documents\\stage\\boilerplate\\artisan(35): Laravel\\Lumen\\Console\\Kernel->handle(Object(Symfony\\Component\\Console\\Input\\ArgvInput), Object(Symfony\\Component\\Console\\Output\\ConsoleOutput))
#6 {main}
"} 
[2024-07-01 20:17:37] local.ERROR: There are no commands defined in the "vendor" namespace. {"exception":"[object] (Symfony\\Component\\Console\\Exception\\NamespaceNotFoundException(code: 0): There are no commands defined in the \"vendor\" namespace. at C:\\Users\\DELL\\Documents\\stage\\boilerplate\\vendor\\symfony\\console\\Application.php:624)
[stacktrace]
#0 C:\\Users\\DELL\\Documents\\stage\\boilerplate\\vendor\\symfony\\console\\Application.php(675): Symfony\\Component\\Console\\Application->findNamespace('vendor')
#1 C:\\Users\\DELL\\Documents\\stage\\boilerplate\\vendor\\symfony\\console\\Application.php(259): Symfony\\Component\\Console\\Application->find('vendor:publish')
#2 C:\\Users\\DELL\\Documents\\stage\\boilerplate\\vendor\\symfony\\console\\Application.php(171): Symfony\\Component\\Console\\Application->doRun(Object(Symfony\\Component\\Console\\Input\\ArgvInput), Object(Symfony\\Component\\Console\\Output\\ConsoleOutput))
#3 C:\\Users\\DELL\\Documents\\stage\\boilerplate\\vendor\\laravel\\framework\\src\\Illuminate\\Console\\Application.php(102): Symfony\\Component\\Console\\Application->run(Object(Symfony\\Component\\Console\\Input\\ArgvInput), Object(Symfony\\Component\\Console\\Output\\ConsoleOutput))
#4 C:\\Users\\DELL\\Documents\\stage\\boilerplate\\vendor\\laravel\\lumen-framework\\src\\Console\\Kernel.php(116): Illuminate\\Console\\Application->run(Object(Symfony\\Component\\Console\\Input\\ArgvInput), Object(Symfony\\Component\\Console\\Output\\ConsoleOutput))
#5 C:\\Users\\DELL\\Documents\\stage\\boilerplate\\artisan(35): Laravel\\Lumen\\Console\\Kernel->handle(Object(Symfony\\Component\\Console\\Input\\ArgvInput), Object(Symfony\\Component\\Console\\Output\\ConsoleOutput))
#6 {main}
"} 
